2026-07-10T06:58:49.151608626Z [06:58:49 INF] Starting web application
2026-07-10T06:58:51.809443580Z [06:58:51 INF] Azure Web Sites environment detected. Using '/root/ASP.NET/DataProtection-Keys' as key repository; keys will not be encrypted at rest.
2026-07-10T06:58:51.850668442Z [06:58:51 WRN] Storing keys in a directory '/root/ASP.NET/DataProtection-Keys' that may not be persisted outside of the container. Protected data will be unavailable when container is destroyed. For more information go to https://aka.ms/aspnet/dataprotectionwarning
2026-07-10T06:58:52.111959020Z [06:58:52 INF] Initialized Scheduler Signaller of type: Quartz.Core.SchedulerSignalerImpl
2026-07-10T06:58:52.130319175Z [06:58:52 INF] Quartz Scheduler created
2026-07-10T06:58:52.160902585Z [06:58:52 INF] JobFactory set to: Quartz.Simpl.MicrosoftDependencyInjectionJobFactory
2026-07-10T06:58:52.162624038Z [06:58:52 INF] RAMJobStore initialized.
2026-07-10T06:58:52.190854049Z [06:58:52 INF] Quartz Scheduler 3.18.1.0 - 'QuartzScheduler' with instanceId 'NON_CLUSTERED' initialized
2026-07-10T06:58:52.201460787Z [06:58:52 INF] Using thread pool 'Quartz.Simpl.DefaultThreadPool', size: 10
2026-07-10T06:58:52.201478210Z [06:58:52 INF] Using job store 'Quartz.Simpl.RAMJobStore', supports persistence: False, clustered: False
2026-07-10T06:58:52.260814939Z [06:58:52 INF] Adding 2 jobs, 1 triggers.
2026-07-10T06:58:52.280775169Z [06:58:52 INF] Adding job: DEFAULT.BookingTimeoutJob
2026-07-10T06:58:52.291620802Z [06:58:52 INF] Adding job: DEFAULT.PackageCompletionJob
2026-07-10T06:58:52.512985121Z [06:58:52 INF] Creating key {84966e93-ca31-4a9e-b919-aa4ea7678bb0} with creation date 2026-07-10 06:58:52Z, activation date 2026-07-10 06:58:52Z, and expiration date 2026-10-08 06:58:52Z.
2026-07-10T06:58:52.713456621Z [06:58:52 WRN] No XML encryptor configured. Key {84966e93-ca31-4a9e-b919-aa4ea7678bb0} may be persisted to storage in unencrypted form.
2026-07-10T06:58:52.723883109Z [06:58:52 INF] Writing data to file '/root/ASP.NET/DataProtection-Keys/key-84966e93-ca31-4a9e-b919-aa4ea7678bb0.xml'.
2026-07-10T06:58:53.056939434Z [06:58:53 INF] Now listening on: http://[::]:8080
2026-07-10T06:58:53.066807902Z [06:58:53 INF] Application started. Press Ctrl+C to shut down.
2026-07-10T06:58:53.084962634Z [06:58:53 INF] Scheduler QuartzScheduler_$_NON_CLUSTERED started.
2026-07-10T06:58:53.084977729Z [06:58:53 INF] Hosting environment: Production
2026-07-10T06:58:53.085213236Z [06:58:53 INF] Content root path: /app
2026-07-10T06:58:54.018839352Z [06:58:54 INF] Request starting HTTP/1.1 GET http://169.254.131.4:8080/robots933456.txt - null null
2026-07-10T06:58:54.199277511Z [06:58:54 WRN] Failed to determine the https port for redirect.
2026-07-10T06:58:54.362264904Z [06:58:54 INF] HTTP GET /robots933456.txt responded 404 in 171.0792 ms
2026-07-10T06:58:54.381854958Z [06:58:54 INF] Request finished HTTP/1.1 GET http://169.254.131.4:8080/robots933456.txt - 404 0 null 371.9005ms
2026-07-10T06:58:54.409976023Z [06:58:54 INF] Request reached the end of the middleware pipeline without being handled by application code. Request path: GET http://169.254.131.4:8080/robots933456.txt, Response status code: 404
2026-07-10T06:58:56.254246346Z [06:58:56 INF] Request starting HTTP/1.1 HEAD http://tourmate-api-u42eqvqvidncw.azurewebsites.net/swagger/index.html - null null
2026-07-10T06:58:56.274473996Z [06:58:56 INF] HTTP HEAD /swagger/index.html responded 404 in 9.2937 ms
2026-07-10T06:58:56.274493707Z [06:58:56 INF] Request finished HTTP/1.1 HEAD http://tourmate-api-u42eqvqvidncw.azurewebsites.net/swagger/index.html - 404 null null 19.0136ms
2026-07-10T06:58:56.274496624Z [06:58:56 INF] Request reached the end of the middleware pipeline without being handled by application code. Request path: HEAD http://tourmate-api-u42eqvqvidncw.azurewebsites.net/swagger/index.html, Response status code: 404
2026-07-10T06:58:56.293077186Z [06:58:56 INF] Request starting HTTP/1.1 GET http://tourmate-api-u42eqvqvidncw.azurewebsites.net/swagger - null null
2026-07-10T06:58:56.293105081Z [06:58:56 INF] HTTP GET /swagger responded 404 in 0.1762 ms
2026-07-10T06:58:56.293108247Z [06:58:56 INF] Request finished HTTP/1.1 GET http://tourmate-api-u42eqvqvidncw.azurewebsites.net/swagger - 404 0 null 28.0434ms
2026-07-10T06:58:56.293110448Z [06:58:56 INF] Request reached the end of the middleware pipeline without being handled by application code. Request path: GET http://tourmate-api-u42eqvqvidncw.azurewebsites.net/swagger, Response status code: 404

2026-07-10T07:01:59.294710973Z [07:01:59 INF] Starting web application
2026-07-10T07:02:12.384554209Z [07:02:12 INF] Azure Web Sites environment detected. Using '/root/ASP.NET/DataProtection-Keys' as key repository; keys will not be encrypted at rest.
2026-07-10T07:02:12.644905518Z [07:02:12 WRN] Storing keys in a directory '/root/ASP.NET/DataProtection-Keys' that may not be persisted outside of the container. Protected data will be unavailable when container is destroyed. For more information go to https://aka.ms/aspnet/dataprotectionwarning
2026-07-10T07:02:15.372765745Z [07:02:15 INF] Initialized Scheduler Signaller of type: Quartz.Core.SchedulerSignalerImpl
2026-07-10T07:02:15.372795360Z [07:02:15 INF] Quartz Scheduler created
2026-07-10T07:02:15.541949504Z [07:02:15 INF] JobFactory set to: Quartz.Simpl.MicrosoftDependencyInjectionJobFactory
2026-07-10T07:02:15.541979882Z [07:02:15 INF] RAMJobStore initialized.
2026-07-10T07:02:15.541984147Z [07:02:15 INF] Quartz Scheduler 3.18.1.0 - 'QuartzScheduler' with instanceId 'NON_CLUSTERED' initialized
2026-07-10T07:02:15.541987225Z [07:02:15 INF] Using thread pool 'Quartz.Simpl.DefaultThreadPool', size: 10
2026-07-10T07:02:15.541990761Z [07:02:15 INF] Using job store 'Quartz.Simpl.RAMJobStore', supports persistence: False, clustered: False
2026-07-10T07:02:17.119189597Z [07:02:16 INF] Adding 2 jobs, 1 triggers.
2026-07-10T07:02:17.119219942Z [07:02:16 INF] Adding job: DEFAULT.BookingTimeoutJob
2026-07-10T07:02:17.119223931Z [07:02:16 INF] Adding job: DEFAULT.PackageCompletionJob
2026-07-10T07:02:17.862157059Z [07:02:17 INF] Creating key {8d790371-e95c-43f9-8a6b-c547c8ec597d} with creation date 2026-07-10 07:02:17Z, activation date 2026-07-10 07:02:16Z, and expiration date 2026-10-08 07:02:16Z.
2026-07-10T07:02:18.825756605Z [07:02:18 WRN] No XML encryptor configured. Key {8d790371-e95c-43f9-8a6b-c547c8ec597d} may be persisted to storage in unencrypted form.
2026-07-10T07:02:18.825783623Z [07:02:18 INF] Writing data to file '/root/ASP.NET/DataProtection-Keys/key-8d790371-e95c-43f9-8a6b-c547c8ec597d.xml'.
2026-07-10T07:02:21.111243719Z [07:02:20 INF] Now listening on: http://[::]:8080
2026-07-10T07:02:21.111302798Z [07:02:20 INF] Application started. Press Ctrl+C to shut down.
2026-07-10T07:02:21.111306776Z [07:02:20 INF] Hosting environment: Production
2026-07-10T07:02:21.111309725Z [07:02:20 INF] Content root path: /app
2026-07-10T07:02:21.111312751Z [07:02:20 INF] Scheduler QuartzScheduler_$_NON_CLUSTERED started.
2026-07-10T07:02:22.440605411Z [07:02:22 INF] Request starting HTTP/1.1 GET http://169.254.131.4:8080/robots933456.txt - null null
2026-07-10T07:02:23.203782732Z [07:02:22 WRN] Failed to determine the https port for redirect.
2026-07-10T07:02:24.468819068Z [07:02:24 INF] HTTP GET /robots933456.txt responded 404 in 1557.6023 ms
2026-07-10T07:02:24.710178875Z [07:02:24 INF] Request finished HTTP/1.1 GET http://169.254.131.4:8080/robots933456.txt - 404 0 null 2365.1416ms
2026-07-10T07:02:24.809578956Z [07:02:24 INF] Request reached the end of the middleware pipeline without being handled by application code. Request path: GET http://169.254.131.4:8080/robots933456.txt, Response status code: 404

2026-07-10T07:02:49.4693571Z [07:02:48 INF] Starting web application
2026-07-10T07:03:08.8673321Z [07:03:08 INF] Azure Web Sites environment detected. Using '/root/ASP.NET/DataProtection-Keys' as key repository; keys will not be encrypted at rest.
2026-07-10T07:03:08.9570405Z [07:03:08 WRN] Storing keys in a directory '/root/ASP.NET/DataProtection-Keys' that may not be persisted outside of the container. Protected data will be unavailable when container is destroyed. For more information go to https://aka.ms/aspnet/dataprotectionwarning
2026-07-10T07:03:09.4412854Z [07:03:09 INF] Initialized Scheduler Signaller of type: Quartz.Core.SchedulerSignalerImpl
2026-07-10T07:03:09.4613363Z [07:03:09 INF] Quartz Scheduler created
2026-07-10T07:03:09.5013641Z [07:03:09 INF] JobFactory set to: Quartz.Simpl.MicrosoftDependencyInjectionJobFactory
2026-07-10T07:03:09.5114692Z [07:03:09 INF] RAMJobStore initialized.
2026-07-10T07:03:09.5114877Z [07:03:09 INF] Quartz Scheduler 3.18.1.0 - 'QuartzScheduler' with instanceId 'NON_CLUSTERED' initialized
2026-07-10T07:03:09.5189438Z [07:03:09 INF] Using thread pool 'Quartz.Simpl.DefaultThreadPool', size: 10
2026-07-10T07:03:09.5498198Z [07:03:09 INF] Using job store 'Quartz.Simpl.RAMJobStore', supports persistence: False, clustered: False
2026-07-10T07:03:09.6922565Z [07:03:09 INF] Adding 2 jobs, 1 triggers.
2026-07-10T07:03:09.7015285Z [07:03:09 INF] Adding job: DEFAULT.BookingTimeoutJob
2026-07-10T07:03:09.7415717Z [07:03:09 INF] Adding job: DEFAULT.PackageCompletionJob
2026-07-10T07:03:10.0220473Z [07:03:10 INF] Creating key {98ff3f84-c2b0-4e8d-8815-db685fc5dce4} with creation date 2026-07-10 07:03:09Z, activation date 2026-07-10 07:03:09Z, and expiration date 2026-10-08 07:03:09Z.
2026-07-10T07:03:10.9077388Z [07:03:10 WRN] No XML encryptor configured. Key {98ff3f84-c2b0-4e8d-8815-db685fc5dce4} may be persisted to storage in unencrypted form.
2026-07-10T07:03:10.9770670Z [07:03:10 INF] Writing data to file '/root/ASP.NET/DataProtection-Keys/key-98ff3f84-c2b0-4e8d-8815-db685fc5dce4.xml'.
2026-07-10T07:03:11.9677725Z [07:03:11 INF] Now listening on: http://[::]:8080
2026-07-10T07:03:11.9786114Z [07:03:11 INF] Application started. Press Ctrl+C to shut down.
2026-07-10T07:03:11.9978150Z [07:03:11 INF] Hosting environment: Production
2026-07-10T07:03:11.9978443Z [07:03:11 INF] Content root path: /app
2026-07-10T07:03:12.0707299Z [07:03:12 INF] Scheduler QuartzScheduler_$_NON_CLUSTERED started.
2026-07-10T07:03:13.0529807Z [07:03:13 INF] Request starting HTTP/1.1 GET http://169.254.133.2:8080/robots933456.txt - null null
2026-07-10T07:03:13.7036789Z [07:03:13 WRN] Failed to determine the https port for redirect.
2026-07-10T07:03:14.1771976Z [07:03:14 INF] HTTP GET /robots933456.txt responded 404 in 534.4909 ms
2026-07-10T07:03:14.2672547Z [07:03:14 INF] Request finished HTTP/1.1 GET http://169.254.133.2:8080/robots933456.txt - 404 0 null 1274.8131ms
2026-07-10T07:03:14.2788586Z [07:03:14 INF] Request reached the end of the middleware pipeline without being handled by application code. Request path: GET http://169.254.133.2:8080/robots933456.txt, Response status code: 404
2026-07-10T07:03:18.6905041Z [07:03:18 INF] Request starting HTTP/1.1 GET http://tourmate-api-u42eqvqvidncw.azurewebsites.net/swagger - null null
2026-07-10T07:03:19.0033731Z [07:03:18 INF] HTTP GET /swagger responded 404 in 211.6628 ms
2026-07-10T07:03:19.0034287Z [07:03:19 INF] Request finished HTTP/1.1 GET http://tourmate-api-u42eqvqvidncw.azurewebsites.net/swagger - 404 0 null 351.7192ms
2026-07-10T07:03:19.0034317Z [07:03:19 INF] Request reached the end of the middleware pipeline without being handled by application code. Request path: GET http://tourmate-api-u42eqvqvidncw.azurewebsites.net/swagger, Response status code: 404
2026-07-10T07:05:39.3081873Z [07:05:39 INF] Request starting HTTP/1.1 GET http://tourmate-api-u42eqvqvidncw.azurewebsites.net/api/metadata - null null
2026-07-10T07:05:39.3290161Z [07:05:39 INF] HTTP GET /api/metadata responded 404 in 8.9389 ms
2026-07-10T07:05:39.3299105Z [07:05:39 INF] Request finished HTTP/1.1 GET http://tourmate-api-u42eqvqvidncw.azurewebsites.net/api/metadata - 404 0 null 29.2404ms
2026-07-10T07:05:39.3306122Z [07:05:39 INF] Request reached the end of the middleware pipeline without being handled by application code. Request path: GET http://tourmate-api-u42eqvqvidncw.azurewebsites.net/api/metadata, Response status code: 404
2026-07-10T07:06:54.1245390Z [07:06:54 INF] Request starting HTTP/1.1 GET http://tourmate-api-u42eqvqvidncw.azurewebsites.net/api/Packages - null null
2026-07-10T07:06:54.1509782Z [07:06:54 INF] Executing endpoint 'TravelTourManagement.API.Controllers.PackagesController.SearchPackages (TravelTourManagement.API)'
2026-07-10T07:06:54.3723486Z [07:06:54 INF] Route matched with {action = "SearchPackages", controller = "Packages"}. Executing controller action with signature System.Threading.Tasks.Task`1[Microsoft.AspNetCore.Mvc.IActionResult] SearchPackages(TravelTourManagement.DataAccess.DTOs.Packages.PackageSearchRequest, System.Threading.CancellationToken) on controller TravelTourManagement.API.Controllers.PackagesController (TravelTourManagement.API).
2026-07-10T07:07:03.6263661Z [07:07:03 WRN] You do not have a valid license key for the Lucky Penny software AutoMapper. This is allowed for development and testing scenarios. If you are running in production you are required to have a licensed version. Please visit https://luckypennysoftware.com to obtain a valid license.
2026-07-10T07:07:07.1948010Z [07:07:07 INF] Executed DbCommand (199ms) [Parameters=[@__today_0='?' (DbType = Date)], CommandType='Text', CommandTimeout='30']
2026-07-10T07:07:07.1948980Z SELECT count(*)::int
2026-07-10T07:07:07.1949013Z FROM packages AS p
2026-07-10T07:07:07.1949036Z WHERE p.status = 'published'::package_status AND EXISTS (
2026-07-10T07:07:07.1949053Z     SELECT 1
2026-07-10T07:07:07.1957279Z     FROM package_seasonal_pricing AS p0
2026-07-10T07:07:07.1957509Z     WHERE p.id = p0.package_id AND p0.is_active AND p0.end_date >= @__today_0)
2026-07-10T07:07:07.8997307Z [07:07:07 WRN] Compiling a query which loads related collections for more than one collection navigation, either via 'Include' or through projection, but no 'QuerySplittingBehavior' has been configured. By default, Entity Framework will use 'QuerySplittingBehavior.SingleQuery', which can potentially result in slow query performance. See https://go.microsoft.com/fwlink/?linkid=2134277 for more information. To identify the query that's triggering this warning call 'ConfigureWarnings(w => w.Throw(RelationalEventId.MultipleCollectionIncludeWarning))'.
2026-07-10T07:07:08.0902424Z [07:07:08 INF] Executed DbCommand (70ms) [Parameters=[@__today_0='?' (DbType = Date), @__p_2='?' (DbType = Int32), @__p_1='?' (DbType = Int32)], CommandType='Text', CommandTimeout='30']
2026-07-10T07:07:08.1101282Z SELECT t.id, t.avg_rating, t.cancellation_policy, t.city, t.country, t.created_at, t.current_bookings, t.description, t.destination, t.duration_days, t.duration_nights, t.is_featured, t.max_capacity, t.min_age, t.packager_id, t.status, t.title, t.total_reviews, t.package_type, t.updated_at, p1.id, p2.id, p2.caption, p2.category, p2.display_order, p2.file_name, p2.file_path, p2.file_size_bytes, p2.is_primary, p2.mime_type, p2.package_id, p2.uploaded_at, p3.id, p3.available_slots, p3.base_price, p3.child_price, p3.discount_percent, p3.end_date, p3.is_active, p3.package_id, p3.season_name, p3.start_date, p1.approved_at, p1.approved_by, p1.avg_rating, p1.business_license_no, p1.company_name, p1.contact_email, p1.contact_phone, p1.created_at, p1.deactivated_at, p1.deactivation_reason, p1.description, p1.total_reviews, p1.updated_at, p1.user_id, p1.website_url
2026-07-10T07:07:08.1101585Z FROM (
2026-07-10T07:07:08.1101743Z     SELECT p.id, p.avg_rating, p.cancellation_policy, p.city, p.country, p.created_at, p.current_bookings, p.description, p.destination, p.duration_days, p.duration_nights, p.is_featured, p.max_capacity, p.min_age, p.packager_id, p.status, p.title, p.total_reviews, p.package_type, p.updated_at
2026-07-10T07:07:08.1101765Z     FROM packages AS p
2026-07-10T07:07:08.1101784Z     WHERE p.status = 'published'::package_status AND EXISTS (
2026-07-10T07:07:08.1101800Z         SELECT 1
2026-07-10T07:07:08.1101818Z         FROM package_seasonal_pricing AS p0
2026-07-10T07:07:08.1101838Z         WHERE p.id = p0.package_id AND p0.is_active AND p0.end_date >= @__today_0)
2026-07-10T07:07:08.1101855Z     ORDER BY p.created_at DESC
2026-07-10T07:07:08.1101891Z     LIMIT @__p_2 OFFSET @__p_1
2026-07-10T07:07:08.1101908Z ) AS t
2026-07-10T07:07:08.1101926Z INNER JOIN packagers AS p1 ON t.packager_id = p1.id
2026-07-10T07:07:08.1101961Z LEFT JOIN package_media AS p2 ON t.id = p2.package_id
2026-07-10T07:07:08.1101979Z LEFT JOIN package_seasonal_pricing AS p3 ON t.id = p3.package_id
2026-07-10T07:07:08.1101996Z ORDER BY t.created_at DESC, t.id, p1.id, p2.id
2026-07-10T07:07:08.9717507Z [07:07:08 INF] Executing OkObjectResult, writing value of type 'TravelTourManagement.DataAccess.DTOs.PagedResponse`1[[TravelTourManagement.DataAccess.DTOs.Packages.PackageSummaryResponse, TravelTourManagement.DataAccess, Version=1.0.0.0, Culture=neutral, PublicKeyToken=null]]'.
2026-07-10T07:07:09.1436364Z [07:07:09 INF] Executed action TravelTourManagement.API.Controllers.PackagesController.SearchPackages (TravelTourManagement.API) in 14728.2836ms
2026-07-10T07:07:09.1533054Z [07:07:09 INF] Executed endpoint 'TravelTourManagement.API.Controllers.PackagesController.SearchPackages (TravelTourManagement.API)'
2026-07-10T07:07:09.1934222Z [07:07:09 INF] HTTP GET /api/Packages responded 200 in 15049.5611 ms
2026-07-10T07:07:09.3213382Z [07:07:09 INF] Request finished HTTP/1.1 GET http://tourmate-api-u42eqvqvidncw.azurewebsites.net/api/Packages - 200 null application/json; charset=utf-8 15188.8099ms
2026-07-10T07:23:30.0592733Z [07:23:29 INF] Starting web application
2026-07-10T07:23:32.6043220Z [07:23:32 INF] Azure Web Sites environment detected. Using '/root/ASP.NET/DataProtection-Keys' as key repository; keys will not be encrypted at rest.
2026-07-10T07:23:32.6428951Z [07:23:32 WRN] Storing keys in a directory '/root/ASP.NET/DataProtection-Keys' that may not be persisted outside of the container. Protected data will be unavailable when container is destroyed. For more information go to https://aka.ms/aspnet/dataprotectionwarning
2026-07-10T07:23:32.8831278Z [07:23:32 INF] Initialized Scheduler Signaller of type: Quartz.Core.SchedulerSignalerImpl
2026-07-10T07:23:32.8844670Z [07:23:32 INF] Quartz Scheduler created
2026-07-10T07:23:32.8933021Z [07:23:32 INF] JobFactory set to: Quartz.Simpl.MicrosoftDependencyInjectionJobFactory
2026-07-10T07:23:32.8933270Z [07:23:32 INF] RAMJobStore initialized.
2026-07-10T07:23:32.9050510Z [07:23:32 INF] Quartz Scheduler 3.18.1.0 - 'QuartzScheduler' with instanceId 'NON_CLUSTERED' initialized
2026-07-10T07:23:32.9054747Z [07:23:32 INF] Using thread pool 'Quartz.Simpl.DefaultThreadPool', size: 10
2026-07-10T07:23:32.9058447Z [07:23:32 INF] Using job store 'Quartz.Simpl.RAMJobStore', supports persistence: False, clustered: False
2026-07-10T07:23:33.0066807Z [07:23:33 INF] Adding 2 jobs, 1 triggers.
2026-07-10T07:23:33.0153115Z [07:23:33 INF] Adding job: DEFAULT.BookingTimeoutJob
2026-07-10T07:23:33.0262623Z [07:23:33 INF] Adding job: DEFAULT.PackageCompletionJob
2026-07-10T07:23:33.1271181Z [07:23:33 INF] Creating key {2f6f9452-0eae-497f-b5a2-a6bdfb2586cd} with creation date 2026-07-10 07:23:33Z, activation date 2026-07-10 07:23:33Z, and expiration date 2026-10-08 07:23:33Z.
2026-07-10T07:23:33.1859413Z [07:23:33 WRN] No XML encryptor configured. Key {2f6f9452-0eae-497f-b5a2-a6bdfb2586cd} may be persisted to storage in unencrypted form.
2026-07-10T07:23:33.2055323Z [07:23:33 INF] Writing data to file '/root/ASP.NET/DataProtection-Keys/key-2f6f9452-0eae-497f-b5a2-a6bdfb2586cd.xml'.
2026-07-10T07:23:33.4989042Z [07:23:33 INF] Now listening on: http://[::]:8080
2026-07-10T07:23:33.5079697Z [07:23:33 INF] Application started. Press Ctrl+C to shut down.
2026-07-10T07:23:33.5080005Z [07:23:33 INF] Hosting environment: Production
2026-07-10T07:23:33.5080037Z [07:23:33 INF] Content root path: /app
2026-07-10T07:23:33.5865136Z [07:23:33 INF] Scheduler QuartzScheduler_$_NON_CLUSTERED started.
2026-07-10T07:23:34.0720600Z [07:23:34 INF] Request starting HTTP/1.1 GET http://169.254.133.5:8080/robots933456.txt - null null
2026-07-10T07:23:34.2134399Z [07:23:34 WRN] Failed to determine the https port for redirect.
2026-07-10T07:23:34.3950980Z [07:23:34 INF] HTTP GET /robots933456.txt responded 404 in 189.1759 ms
2026-07-10T07:23:34.4154131Z [07:23:34 INF] Request finished HTTP/1.1 GET http://169.254.133.5:8080/robots933456.txt - 404 0 null 369.7196ms
2026-07-10T07:23:34.4351711Z [07:23:34 INF] Request reached the end of the middleware pipeline without being handled by application code. Request path: GET http://169.254.133.5:8080/robots933456.txt, Response status code: 404
2026-07-10T07:23:56.3053730Z [Previous Container] [07:23:56 INF] Application is shutting down...
2026-07-10T07:23:56.3879197Z [Previous Container] [07:23:56 INF] Scheduler QuartzScheduler_$_NON_CLUSTERED shutting down.
2026-07-10T07:23:56.3957186Z [Previous Container] [07:23:56 INF] Scheduler QuartzScheduler_$_NON_CLUSTERED paused.
2026-07-10T07:23:56.4480658Z [Previous Container] [07:23:56 INF] Scheduler QuartzScheduler_$_NON_CLUSTERED Shutdown complete.
2026-07-10T07:23:56.6065130Z [07:23:56 INF] Request starting HTTP/1.1 HEAD http://tourmate-api-u42eqvqvidncw.azurewebsites.net/api/Packages - null null
2026-07-10T07:23:56.6681786Z [07:23:56 INF] Executing endpoint '405 HTTP Method Not Supported'
2026-07-10T07:23:56.7086711Z [07:23:56 INF] Executed endpoint '405 HTTP Method Not Supported'
2026-07-10T07:23:56.7087189Z [07:23:56 INF] HTTP HEAD /api/Packages responded 405 in 49.5782 ms
2026-07-10T07:23:56.7087220Z [07:23:56 INF] Request finished HTTP/1.1 HEAD http://tourmate-api-u42eqvqvidncw.azurewebsites.net/api/Packages - 405 null null 109.4129ms
2026-07-10T07:24:00.0829808Z [07:24:00 INF] Request starting HTTP/1.1 GET http://tourmate-api-u42eqvqvidncw.azurewebsites.net/swagger - null null
2026-07-10T07:24:00.1243309Z [07:24:00 INF] HTTP GET /swagger responded 404 in 50.1833 ms
2026-07-10T07:24:00.1327837Z [07:24:00 INF] Request finished HTTP/1.1 GET http://tourmate-api-u42eqvqvidncw.azurewebsites.net/swagger - 404 0 null 59.2095ms
2026-07-10T07:24:00.1328274Z [07:24:00 INF] Request reached the end of the middleware pipeline without being handled by application code. Request path: GET http://tourmate-api-u42eqvqvidncw.azurewebsites.net/swagger, Response status code: 404
2026-07-10T07:24:10.9719320Z [07:24:10 INF] Request starting HTTP/1.1 GET http://tourmate-api-u42eqvqvidncw.azurewebsites.net/api/Packages?PageNumber=1&PageSize=9 - null null
2026-07-10T07:24:10.9880426Z [07:24:10 INF] CORS policy execution successful.
2026-07-10T07:24:11.0073976Z [07:24:11 INF] Executing endpoint 'TravelTourManagement.API.Controllers.PackagesController.SearchPackages (TravelTourManagement.API)'
2026-07-10T07:24:11.1191955Z [07:24:11 INF] Route matched with {action = "SearchPackages", controller = "Packages"}. Executing controller action with signature System.Threading.Tasks.Task`1[Microsoft.AspNetCore.Mvc.IActionResult] SearchPackages(TravelTourManagement.DataAccess.DTOs.Packages.PackageSearchRequest, System.Threading.CancellationToken) on controller TravelTourManagement.API.Controllers.PackagesController (TravelTourManagement.API).
2026-07-10T07:24:16.7017904Z [07:24:16 WRN] You do not have a valid license key for the Lucky Penny software AutoMapper. This is allowed for development and testing scenarios. If you are running in production you are required to have a licensed version. Please visit https://luckypennysoftware.com to obtain a valid license.
2026-07-10T07:24:18.2381450Z [07:24:18 INF] Executing ObjectResult, writing value of type '<>f__AnonymousType13`4[[System.Boolean, System.Private.CoreLib, Version=8.0.0.0, Culture=neutral, PublicKeyToken=7cec85d7bea7798e],[System.String, System.Private.CoreLib, Version=8.0.0.0, Culture=neutral, PublicKeyToken=7cec85d7bea7798e],[System.String, System.Private.CoreLib, Version=8.0.0.0, Culture=neutral, PublicKeyToken=7cec85d7bea7798e],[System.String, System.Private.CoreLib, Version=8.0.0.0, Culture=neutral, PublicKeyToken=7cec85d7bea7798e]]'.
2026-07-10T07:24:18.5399436Z [07:24:18 INF] Executed action TravelTourManagement.API.Controllers.PackagesController.SearchPackages (TravelTourManagement.API) in 7374.429ms
2026-07-10T07:24:18.5399784Z [07:24:18 INF] Executed endpoint 'TravelTourManagement.API.Controllers.PackagesController.SearchPackages (TravelTourManagement.API)'
2026-07-10T07:24:18.5399811Z [07:24:18 ERR] HTTP GET /api/Packages responded 500 in 7550.4672 ms
2026-07-10T07:24:18.5981005Z [07:24:18 INF] Request finished HTTP/1.1 GET http://tourmate-api-u42eqvqvidncw.azurewebsites.net/api/Packages?PageNumber=1&PageSize=9 - 499 null application/json; charset=utf-8 7618.5844ms
2026-07-10T07:24:55.6026968Z [07:24:55 INF] Request starting HTTP/1.1 OPTIONS http://tourmate-api-u42eqvqvidncw.azurewebsites.net/api/Auth/register - null null
2026-07-10T07:24:55.6042756Z [07:24:55 INF] CORS policy execution successful.
2026-07-10T07:24:55.6221906Z [07:24:55 INF] HTTP OPTIONS /api/Auth/register responded 204 in 9.8518 ms
2026-07-10T07:24:55.6222104Z [07:24:55 INF] Request finished HTTP/1.1 OPTIONS http://tourmate-api-u42eqvqvidncw.azurewebsites.net/api/Auth/register - 204 null null 11.3312ms
2026-07-10T07:24:55.6689432Z [07:24:55 INF] Request starting HTTP/1.1 POST http://tourmate-api-u42eqvqvidncw.azurewebsites.net/api/Auth/register - application/json 103
2026-07-10T07:24:55.6771565Z [07:24:55 INF] CORS policy execution successful.
2026-07-10T07:24:55.6854706Z [07:24:55 INF] Executing endpoint 'TravelTourManagement.API.Controllers.AuthController.Register (TravelTourManagement.API)'
2026-07-10T07:24:55.7074570Z [07:24:55 INF] Route matched with {action = "Register", controller = "Auth"}. Executing controller action with signature System.Threading.Tasks.Task`1[Microsoft.AspNetCore.Mvc.IActionResult] Register(TravelTourManagement.DataAccess.DTOs.Users.RegisterUserRequest, System.Threading.CancellationToken) on controller TravelTourManagement.API.Controllers.AuthController (TravelTourManagement.API).
2026-07-10T07:24:58.4415473Z [07:24:58 INF] Executed DbCommand (200ms) [Parameters=[@__email_0='?'], CommandType='Text', CommandTimeout='30']
2026-07-10T07:24:58.4415954Z SELECT EXISTS (
2026-07-10T07:24:58.4415980Z     SELECT 1
2026-07-10T07:24:58.4416005Z     FROM users AS u
2026-07-10T07:24:58.4416023Z     WHERE u.email = @__email_0)
2026-07-10T07:25:01.4744037Z [07:25:01 INF] Executed DbCommand (31ms) [Parameters=[@p0='?' (DbType = DateTime), @p1='?', @p2='?', @p3='?' (DbType = DateTime), @p4='?', @p5='?', @p6='?', @p7='?', @p8='?' (DbType = DateTime), @p9='?' (DbType = DateTime)], CommandType='Text', CommandTimeout='30']
2026-07-10T07:25:01.4744435Z INSERT INTO users (created_at, email, full_name, last_login_at, password_hash, phone, profile_picture, "RefreshToken", "RefreshTokenExpiryTime", updated_at)
2026-07-10T07:25:01.4744531Z VALUES (@p0, @p1, @p2, @p3, @p4, @p5, @p6, @p7, @p8, @p9)
2026-07-10T07:25:01.4920596Z RETURNING id, is_active, is_email_verified;
2026-07-10T07:25:01.8355801Z [07:25:01 INF] Executed DbCommand (41ms) [Parameters=[@p10='?' (DbType = Guid), @p11='?', @p12='?' (DbType = Guid), @p13='?', @p14='?', @p15='?' (DbType = Object), @p16='?' (DbType = Object), @p17='?' (DbType = DateTime), @p18='?' (DbType = Guid), @p19='?'], CommandType='Text', CommandTimeout='30']
2026-07-10T07:25:01.8356291Z INSERT INTO audit_logs (id, action, entity_id, entity_type, ip_address, new_values, old_values, performed_at, performed_by, user_agent)
2026-07-10T07:25:01.8356321Z VALUES (@p10, @p11, @p12, @p13, @p14, @p15, @p16, @p17, @p18, @p19);
2026-07-10T07:25:02.4239062Z [07:25:02 INF] Executed DbCommand (11ms) [Parameters=[@p0='?' (DbType = Guid), @p1='?', @p2='?' (DbType = Guid), @p3='?', @p4='?', @p5='?' (DbType = Object), @p6='?' (DbType = Object), @p7='?' (DbType = DateTime), @p8='?' (DbType = Guid), @p9='?', @p12='?' (DbType = Guid), @p10='?', @p11='?' (DbType = DateTime)], CommandType='Text', CommandTimeout='30']
2026-07-10T07:25:02.4239520Z INSERT INTO audit_logs (id, action, entity_id, entity_type, ip_address, new_values, old_values, performed_at, performed_by, user_agent)
2026-07-10T07:25:02.4239591Z VALUES (@p0, @p1, @p2, @p3, @p4, @p5, @p6, @p7, @p8, @p9);
2026-07-10T07:25:02.4239614Z UPDATE users SET "RefreshToken" = @p10, "RefreshTokenExpiryTime" = @p11
2026-07-10T07:25:02.4239631Z WHERE id = @p12;
2026-07-10T07:25:02.5241818Z [07:25:02 INF] Executing OkObjectResult, writing value of type 'TravelTourManagement.DataAccess.DTOs.Users.AuthResponse'.
2026-07-10T07:25:02.6466726Z [07:25:02 INF] Executed action TravelTourManagement.API.Controllers.AuthController.Register (TravelTourManagement.API) in 6932.0678ms
2026-07-10T07:25:02.6752508Z [07:25:02 INF] Executed endpoint 'TravelTourManagement.API.Controllers.AuthController.Register (TravelTourManagement.API)'
2026-07-10T07:25:02.6942031Z [07:25:02 INF] HTTP POST /api/Auth/register responded 200 in 7009.7063 ms
2026-07-10T07:25:02.7257565Z [07:25:02 INF] Request finished HTTP/1.1 POST http://tourmate-api-u42eqvqvidncw.azurewebsites.net/api/Auth/register - 200 null application/json; charset=utf-8 7056.357ms
2026-07-10T07:25:15.5514623Z [07:25:15 INF] Request starting HTTP/1.1 OPTIONS http://tourmate-api-u42eqvqvidncw.azurewebsites.net/api/Auth/login - null null
2026-07-10T07:25:15.5529874Z [07:25:15 INF] CORS policy execution successful.
2026-07-10T07:25:15.5618727Z [07:25:15 INF] HTTP OPTIONS /api/Auth/login responded 204 in 10.0015 ms
2026-07-10T07:25:15.5622502Z [07:25:15 INF] Request finished HTTP/1.1 OPTIONS http://tourmate-api-u42eqvqvidncw.azurewebsites.net/api/Auth/login - 204 null null 11.1021ms
2026-07-10T07:25:15.7902160Z [07:25:15 INF] Request starting HTTP/1.1 POST http://tourmate-api-u42eqvqvidncw.azurewebsites.net/api/Auth/login - application/json 58
2026-07-10T07:25:15.7916210Z [07:25:15 INF] CORS policy execution successful.
2026-07-10T07:25:15.8045993Z [07:25:15 INF] Executing endpoint 'TravelTourManagement.API.Controllers.AuthController.Login (TravelTourManagement.API)'
2026-07-10T07:25:15.8068617Z [07:25:15 INF] Route matched with {action = "Login", controller = "Auth"}. Executing controller action with signature System.Threading.Tasks.Task`1[Microsoft.AspNetCore.Mvc.IActionResult] Login(TravelTourManagement.DataAccess.DTOs.Users.LoginRequest, System.Threading.CancellationToken) on controller TravelTourManagement.API.Controllers.AuthController (TravelTourManagement.API).
2026-07-10T07:25:16.0483689Z [07:25:16 INF] Executed DbCommand (2ms) [Parameters=[@__email_0='?'], CommandType='Text', CommandTimeout='30']
2026-07-10T07:25:16.0582663Z SELECT u.id, u.created_at, u.email, u.full_name, u.is_active, u.is_email_verified, u.last_login_at, u.password_hash, u.phone, u.profile_picture, u."RefreshToken", u."RefreshTokenExpiryTime", u.updated_at
2026-07-10T07:25:16.0582944Z FROM users AS u
2026-07-10T07:25:16.0582971Z WHERE u.email = @__email_0
2026-07-10T07:25:16.0582991Z LIMIT 1
2026-07-10T07:25:17.8086598Z [07:25:17 INF] Executed DbCommand (4ms) [Parameters=[@__userId_0='?' (DbType = Guid)], CommandType='Text', CommandTimeout='30']
2026-07-10T07:25:17.8240955Z SELECT p.id, p.approved_at, p.approved_by, p.avg_rating, p.business_license_no, p.company_name, p.contact_email, p.contact_phone, p.created_at, p.deactivated_at, p.deactivation_reason, p.description, p.total_reviews, p.updated_at, p.user_id, p.website_url
2026-07-10T07:25:17.8241120Z FROM packagers AS p
2026-07-10T07:25:17.8241141Z WHERE p.user_id = @__userId_0
2026-07-10T07:25:17.8241158Z LIMIT 1
2026-07-10T07:25:17.8647465Z [07:25:17 INF] Executed DbCommand (4ms) [Parameters=[@p0='?' (DbType = Guid), @p1='?', @p2='?' (DbType = Guid), @p3='?', @p4='?', @p5='?' (DbType = Object), @p6='?' (DbType = Object), @p7='?' (DbType = DateTime), @p8='?' (DbType = Guid), @p9='?', @p11='?' (DbType = Guid), @p10='?' (DbType = DateTime)], CommandType='Text', CommandTimeout='30']
2026-07-10T07:25:17.8647775Z INSERT INTO audit_logs (id, action, entity_id, entity_type, ip_address, new_values, old_values, performed_at, performed_by, user_agent)
2026-07-10T07:25:17.8658584Z VALUES (@p0, @p1, @p2, @p3, @p4, @p5, @p6, @p7, @p8, @p9);
2026-07-10T07:25:17.8658716Z UPDATE users SET last_login_at = @p10
2026-07-10T07:25:17.8658740Z WHERE id = @p11;
2026-07-10T07:25:17.9079620Z [07:25:17 INF] Executed DbCommand (11ms) [Parameters=[@p0='?' (DbType = Guid), @p1='?', @p2='?' (DbType = Guid), @p3='?', @p4='?', @p5='?' (DbType = Object), @p6='?' (DbType = Object), @p7='?' (DbType = DateTime), @p8='?' (DbType = Guid), @p9='?', @p12='?' (DbType = Guid), @p10='?', @p11='?' (DbType = DateTime)], CommandType='Text', CommandTimeout='30']
2026-07-10T07:25:17.9079980Z INSERT INTO audit_logs (id, action, entity_id, entity_type, ip_address, new_values, old_values, performed_at, performed_by, user_agent)
2026-07-10T07:25:17.9155783Z VALUES (@p0, @p1, @p2, @p3, @p4, @p5, @p6, @p7, @p8, @p9);
2026-07-10T07:25:17.9155948Z UPDATE users SET "RefreshToken" = @p10, "RefreshTokenExpiryTime" = @p11
2026-07-10T07:25:17.9155971Z WHERE id = @p12;
2026-07-10T07:25:17.9267065Z [07:25:17 INF] Executing OkObjectResult, writing value of type 'TravelTourManagement.DataAccess.DTOs.Users.AuthResponse'.
2026-07-10T07:25:17.9369633Z [07:25:17 INF] Executed action TravelTourManagement.API.Controllers.AuthController.Login (TravelTourManagement.API) in 2129.0236ms
2026-07-10T07:25:17.9472984Z [07:25:17 INF] Executed endpoint 'TravelTourManagement.API.Controllers.AuthController.Login (TravelTourManagement.API)'
2026-07-10T07:25:17.9557103Z [07:25:17 INF] HTTP POST /api/Auth/login responded 200 in 2164.2538 ms
2026-07-10T07:25:17.9573269Z [07:25:17 INF] Request finished HTTP/1.1 POST http://tourmate-api-u42eqvqvidncw.azurewebsites.net/api/Auth/login - 200 null application/json; charset=utf-8 2167.1588ms
2026-07-10T07:25:18.0182540Z [07:25:18 INF] Request starting HTTP/1.1 OPTIONS http://tourmate-api-u42eqvqvidncw.azurewebsites.net/api/Users/profile - null null
2026-07-10T07:25:18.0183036Z [07:25:18 INF] CORS policy execution successful.
2026-07-10T07:25:18.0282534Z [07:25:18 INF] HTTP OPTIONS /api/Users/profile responded 204 in 8.2219 ms
2026-07-10T07:25:18.0282786Z [07:25:18 INF] Request finished HTTP/1.1 OPTIONS http://tourmate-api-u42eqvqvidncw.azurewebsites.net/api/Users/profile - 204 null null 9.395ms
2026-07-10T07:25:18.1079288Z [07:25:18 INF] Request starting HTTP/1.1 OPTIONS http://tourmate-api-u42eqvqvidncw.azurewebsites.net/api/Auth/send-otp - null null
2026-07-10T07:25:18.1079820Z [07:25:18 INF] CORS policy execution successful.
2026-07-10T07:25:18.1079845Z [07:25:18 INF] HTTP OPTIONS /api/Auth/send-otp responded 204 in 0.3987 ms
2026-07-10T07:25:18.1162691Z [07:25:18 INF] Request finished HTTP/1.1 OPTIONS http://tourmate-api-u42eqvqvidncw.azurewebsites.net/api/Auth/send-otp - 204 null null 1.6145ms
2026-07-10T07:25:18.1460857Z [07:25:18 INF] Request starting HTTP/1.1 OPTIONS http://tourmate-api-u42eqvqvidncw.azurewebsites.net/api/Notifications - null null
2026-07-10T07:25:18.1461362Z [07:25:18 INF] CORS policy execution successful.
2026-07-10T07:25:18.1461441Z [07:25:18 INF] HTTP OPTIONS /api/Notifications responded 204 in 0.1471 ms
2026-07-10T07:25:18.1461505Z [07:25:18 INF] Request finished HTTP/1.1 OPTIONS http://tourmate-api-u42eqvqvidncw.azurewebsites.net/api/Notifications - 204 null null 0.3739ms
2026-07-10T07:25:18.1748607Z [07:25:18 INF] Request starting HTTP/1.1 GET http://tourmate-api-u42eqvqvidncw.azurewebsites.net/api/Notifications - null null
2026-07-10T07:25:18.1763185Z [07:25:18 INF] CORS policy execution successful.
2026-07-10T07:25:18.2808543Z [07:25:18 INF] Request starting HTTP/1.1 OPTIONS http://tourmate-api-u42eqvqvidncw.azurewebsites.net/api/Messages/threads - null null
2026-07-10T07:25:18.3005908Z [07:25:18 INF] CORS policy execution successful.
2026-07-10T07:25:18.3006106Z [07:25:18 INF] HTTP OPTIONS /api/Messages/threads responded 204 in 0.4201 ms
2026-07-10T07:25:18.3006134Z [07:25:18 INF] Request finished HTTP/1.1 OPTIONS http://tourmate-api-u42eqvqvidncw.azurewebsites.net/api/Messages/threads - 204 null null 8.7137ms
2026-07-10T07:25:18.3204088Z [07:25:18 INF] Request starting HTTP/1.1 OPTIONS http://tourmate-api-u42eqvqvidncw.azurewebsites.net/hubs/notifications/negotiate?negotiateVersion=1 - null null
2026-07-10T07:25:18.3204276Z [07:25:18 INF] CORS policy execution successful.
2026-07-10T07:25:18.3204311Z [07:25:18 INF] Request starting HTTP/1.1 OPTIONS http://tourmate-api-u42eqvqvidncw.azurewebsites.net/hubs/chat/negotiate?negotiateVersion=1 - null null
2026-07-10T07:25:18.3204361Z [07:25:18 INF] CORS policy execution successful.
2026-07-10T07:25:18.3204381Z [07:25:18 INF] HTTP OPTIONS /hubs/chat/negotiate responded 204 in 0.1461 ms
2026-07-10T07:25:18.3204403Z [07:25:18 INF] Request finished HTTP/1.1 OPTIONS http://tourmate-api-u42eqvqvidncw.azurewebsites.net/hubs/chat/negotiate?negotiateVersion=1 - 204 null null 0.3733ms
2026-07-10T07:25:18.3204423Z [07:25:18 INF] Request starting HTTP/1.1 GET http://tourmate-api-u42eqvqvidncw.azurewebsites.net/api/Users/profile - null null
2026-07-10T07:25:18.3204442Z [07:25:18 INF] HTTP OPTIONS /hubs/notifications/negotiate responded 204 in 0.1993 ms
2026-07-10T07:25:18.3204465Z [07:25:18 INF] Request finished HTTP/1.1 OPTIONS http://tourmate-api-u42eqvqvidncw.azurewebsites.net/hubs/notifications/negotiate?negotiateVersion=1 - 204 null null 2.2342ms
2026-07-10T07:25:18.3204500Z [07:25:18 INF] CORS policy execution successful.
2026-07-10T07:25:18.3506440Z [07:25:18 INF] Request starting HTTP/1.1 GET http://tourmate-api-u42eqvqvidncw.azurewebsites.net/api/Messages/threads - null null
2026-07-10T07:25:18.3607815Z [07:25:18 INF] CORS policy execution successful.
2026-07-10T07:25:18.3607968Z [07:25:18 INF] Request starting HTTP/1.1 POST http://tourmate-api-u42eqvqvidncw.azurewebsites.net/api/Auth/send-otp - application/json 34
2026-07-10T07:25:18.3607990Z [07:25:18 INF] CORS policy execution successful.
2026-07-10T07:25:18.4003464Z [07:25:18 INF] Executing endpoint 'TravelTourManagement.API.Controllers.NotificationsController.GetMyNotifications (TravelTourManagement.API)'
2026-07-10T07:25:18.4093047Z [07:25:18 INF] Executing endpoint 'TravelTourManagement.API.Controllers.AuthController.SendOtp (TravelTourManagement.API)'
2026-07-10T07:25:18.4693928Z [07:25:18 INF] Executing endpoint 'TravelTourManagement.API.Controllers.UsersController.GetProfile (TravelTourManagement.API)'
2026-07-10T07:25:18.4694526Z [07:25:18 INF] Executing endpoint 'TravelTourManagement.API.Controllers.MessagesController.GetUserThreads (TravelTourManagement.API)'
2026-07-10T07:25:18.4900715Z [07:25:18 INF] Route matched with {action = "GetMyNotifications", controller = "Notifications"}. Executing controller action with signature System.Threading.Tasks.Task`1[Microsoft.AspNetCore.Mvc.IActionResult] GetMyNotifications(Int32, System.Threading.CancellationToken) on controller TravelTourManagement.API.Controllers.NotificationsController (TravelTourManagement.API).
2026-07-10T07:25:18.5002367Z [07:25:18 INF] Route matched with {action = "SendOtp", controller = "Auth"}. Executing controller action with signature System.Threading.Tasks.Task`1[Microsoft.AspNetCore.Mvc.IActionResult] SendOtp(TravelTourManagement.DataAccess.DTOs.Users.SendOtpRequest, System.Threading.CancellationToken) on controller TravelTourManagement.API.Controllers.AuthController (TravelTourManagement.API).
2026-07-10T07:25:18.5290045Z [07:25:18 INF] Route matched with {action = "GetProfile", controller = "Users"}. Executing controller action with signature System.Threading.Tasks.Task`1[Microsoft.AspNetCore.Mvc.IActionResult] GetProfile(System.Threading.CancellationToken) on controller TravelTourManagement.API.Controllers.UsersController (TravelTourManagement.API).
2026-07-10T07:25:18.5310765Z [07:25:18 INF] Executing ObjectResult, writing value of type '<>f__AnonymousType3`1[[System.String, System.Private.CoreLib, Version=8.0.0.0, Culture=neutral, PublicKeyToken=7cec85d7bea7798e]]'.
2026-07-10T07:25:18.5402076Z [07:25:18 INF] Executing ObjectResult, writing value of type '<>f__AnonymousType3`1[[System.String, System.Private.CoreLib, Version=8.0.0.0, Culture=neutral, PublicKeyToken=7cec85d7bea7798e]]'.
2026-07-10T07:25:18.5602448Z [07:25:18 INF] Route matched with {action = "GetUserThreads", controller = "Messages"}. Executing controller action with signature System.Threading.Tasks.Task`1[Microsoft.AspNetCore.Mvc.IActionResult] GetUserThreads(System.Threading.CancellationToken) on controller TravelTourManagement.API.Controllers.MessagesController (TravelTourManagement.API).
2026-07-10T07:25:18.5624627Z [07:25:18 INF] Executing ObjectResult, writing value of type '<>f__AnonymousType3`1[[System.String, System.Private.CoreLib, Version=8.0.0.0, Culture=neutral, PublicKeyToken=7cec85d7bea7798e]]'.
2026-07-10T07:25:18.6010857Z [07:25:18 INF] Executed action TravelTourManagement.API.Controllers.NotificationsController.GetMyNotifications (TravelTourManagement.API) in 109.8339ms
2026-07-10T07:25:18.6017002Z [07:25:18 INF] Executed endpoint 'TravelTourManagement.API.Controllers.NotificationsController.GetMyNotifications (TravelTourManagement.API)'
2026-07-10T07:25:18.6022693Z [07:25:18 INF] HTTP GET /api/Notifications responded 403 in 426.0316 ms
2026-07-10T07:25:18.6125779Z [07:25:18 INF] Request finished HTTP/1.1 GET http://tourmate-api-u42eqvqvidncw.azurewebsites.net/api/Notifications - 403 null application/json; charset=utf-8 427.9035ms
2026-07-10T07:25:18.6397810Z [07:25:18 INF] Executed action TravelTourManagement.API.Controllers.MessagesController.GetUserThreads (TravelTourManagement.API) in 48.3664ms
2026-07-10T07:25:18.6397999Z [07:25:18 INF] Executed endpoint 'TravelTourManagement.API.Controllers.MessagesController.GetUserThreads (TravelTourManagement.API)'
2026-07-10T07:25:18.6398022Z [07:25:18 INF] HTTP GET /api/Messages/threads responded 403 in 260.3159 ms
2026-07-10T07:25:18.6398046Z [07:25:18 INF] Request finished HTTP/1.1 GET http://tourmate-api-u42eqvqvidncw.azurewebsites.net/api/Messages/threads - 403 null application/json; charset=utf-8 269.4539ms
2026-07-10T07:25:18.6398069Z [07:25:18 INF] Executed action TravelTourManagement.API.Controllers.UsersController.GetProfile (TravelTourManagement.API) in 90.5065ms
2026-07-10T07:25:18.6398093Z [07:25:18 INF] Executed endpoint 'TravelTourManagement.API.Controllers.UsersController.GetProfile (TravelTourManagement.API)'
2026-07-10T07:25:18.6398111Z [07:25:18 INF] HTTP GET /api/Users/profile responded 403 in 310.2653 ms
2026-07-10T07:25:18.6398132Z [07:25:18 INF] Request finished HTTP/1.1 GET http://tourmate-api-u42eqvqvidncw.azurewebsites.net/api/Users/profile - 403 null application/json; charset=utf-8 310.4467ms
2026-07-10T07:25:18.6529441Z [07:25:18 INF] Request starting HTTP/1.1 GET http://tourmate-api-u42eqvqvidncw.azurewebsites.net/api/Users/profile - null null
2026-07-10T07:25:18.6629019Z [07:25:18 INF] CORS policy execution successful.
2026-07-10T07:25:18.6629084Z [07:25:18 INF] Executing endpoint 'TravelTourManagement.API.Controllers.UsersController.GetProfile (TravelTourManagement.API)'
2026-07-10T07:25:18.6803105Z [07:25:18 INF] Executed DbCommand (17ms) [Parameters=[@__email_0='?'], CommandType='Text', CommandTimeout='30']
2026-07-10T07:25:18.6815651Z SELECT u.id, u.created_at, u.email, u.full_name, u.is_active, u.is_email_verified, u.last_login_at, u.password_hash, u.phone, u.profile_picture, u."RefreshToken", u."RefreshTokenExpiryTime", u.updated_at
2026-07-10T07:25:18.6815863Z FROM users AS u
2026-07-10T07:25:18.6815892Z WHERE u.email = @__email_0
2026-07-10T07:25:18.6815912Z LIMIT 1
2026-07-10T07:25:18.6997352Z [07:25:18 INF] Route matched with {action = "GetProfile", controller = "Users"}. Executing controller action with signature System.Threading.Tasks.Task`1[Microsoft.AspNetCore.Mvc.IActionResult] GetProfile(System.Threading.CancellationToken) on controller TravelTourManagement.API.Controllers.UsersController (TravelTourManagement.API).
2026-07-10T07:25:18.7097959Z [07:25:18 INF] Executing ObjectResult, writing value of type '<>f__AnonymousType3`1[[System.String, System.Private.CoreLib, Version=8.0.0.0, Culture=neutral, PublicKeyToken=7cec85d7bea7798e]]'.
2026-07-10T07:25:18.7112541Z [07:25:18 INF] Executed action TravelTourManagement.API.Controllers.UsersController.GetProfile (TravelTourManagement.API) in 11.2168ms
2026-07-10T07:25:18.7124072Z [07:25:18 INF] Executed endpoint 'TravelTourManagement.API.Controllers.UsersController.GetProfile (TravelTourManagement.API)'
2026-07-10T07:25:18.7323256Z [07:25:18 INF] HTTP GET /api/Users/profile responded 403 in 60.1277 ms
2026-07-10T07:25:18.7323530Z [07:25:18 INF] Request finished HTTP/1.1 GET http://tourmate-api-u42eqvqvidncw.azurewebsites.net/api/Users/profile - 403 null application/json; charset=utf-8 67.6316ms
2026-07-10T07:25:18.9730623Z [07:25:18 ERR] Failed to send email to iniyanstarzz@gmail.com
2026-07-10T07:25:18.9731272Z System.ArgumentException: The host name cannot be empty. (Parameter 'host')
2026-07-10T07:25:18.9731368Z    at MailKit.Net.Smtp.SmtpClient.ValidateArguments(String host, Int32 port)
2026-07-10T07:25:18.9740796Z    at MailKit.Net.Smtp.SmtpClient.ConnectAsync(String host, Int32 port, SecureSocketOptions options, CancellationToken cancellationToken)
2026-07-10T07:25:18.9828546Z    at TravelTourManagement.Business.Services.EmailService.SendEmailAsync(String toEmail, String subject, String body, CancellationToken cancellationToken) in /src/TravelTourManagement.Business/Services/EmailService.cs:line 38
2026-07-10T07:25:18.9938845Z [07:25:18 INF] Executing ObjectResult, writing value of type '<>f__AnonymousType13`4[[System.Boolean, System.Private.CoreLib, Version=8.0.0.0, Culture=neutral, PublicKeyToken=7cec85d7bea7798e],[System.String, System.Private.CoreLib, Version=8.0.0.0, Culture=neutral, PublicKeyToken=7cec85d7bea7798e],[System.String, System.Private.CoreLib, Version=8.0.0.0, Culture=neutral, PublicKeyToken=7cec85d7bea7798e],[System.String, System.Private.CoreLib, Version=8.0.0.0, Culture=neutral, PublicKeyToken=7cec85d7bea7798e]]'.
2026-07-10T07:25:19.0123138Z [07:25:19 INF] Executed action TravelTourManagement.API.Controllers.AuthController.SendOtp (TravelTourManagement.API) in 500.2759ms
2026-07-10T07:25:19.0123293Z [07:25:19 INF] Executed endpoint 'TravelTourManagement.API.Controllers.AuthController.SendOtp (TravelTourManagement.API)'
2026-07-10T07:25:19.0123369Z [07:25:19 INF] HTTP POST /api/Auth/send-otp responded 400 in 643.3443 ms
2026-07-10T07:25:19.0123394Z [07:25:19 INF] Request finished HTTP/1.1 POST http://tourmate-api-u42eqvqvidncw.azurewebsites.net/api/Auth/send-otp - 400 null application/json; charset=utf-8 644.2392ms
2026-07-10T07:25:19.0268522Z [07:25:19 INF] Request starting HTTP/1.1 POST http://tourmate-api-u42eqvqvidncw.azurewebsites.net/hubs/chat/negotiate?negotiateVersion=1 - null 0
2026-07-10T07:25:19.0350336Z [07:25:19 INF] CORS policy execution successful.
2026-07-10T07:25:19.0362797Z [07:25:19 INF] Request starting HTTP/1.1 POST http://tourmate-api-u42eqvqvidncw.azurewebsites.net/hubs/notifications/negotiate?negotiateVersion=1 - null 0
2026-07-10T07:25:19.0533922Z [07:25:19 INF] CORS policy execution successful.
2026-07-10T07:25:19.0534128Z [07:25:19 INF] Executing endpoint '/hubs/notifications/negotiate'
2026-07-10T07:25:19.0534154Z [07:25:19 INF] Executing endpoint '/hubs/chat/negotiate'
2026-07-10T07:25:19.0663042Z [07:25:19 INF] Executed endpoint '/hubs/chat/negotiate'
2026-07-10T07:25:19.0837813Z [07:25:19 INF] HTTP POST /hubs/chat/negotiate responded 200 in 39.3706 ms
2026-07-10T07:25:19.0838032Z [07:25:19 INF] Request finished HTTP/1.1 POST http://tourmate-api-u42eqvqvidncw.azurewebsites.net/hubs/chat/negotiate?negotiateVersion=1 - 200 316 application/json 48.0108ms
2026-07-10T07:25:19.0838056Z [07:25:19 INF] Executed endpoint '/hubs/notifications/negotiate'
2026-07-10T07:25:19.0838077Z [07:25:19 INF] HTTP POST /hubs/notifications/negotiate responded 200 in 31.9188 ms
2026-07-10T07:25:19.0838099Z [07:25:19 INF] Request finished HTTP/1.1 POST http://tourmate-api-u42eqvqvidncw.azurewebsites.net/hubs/notifications/negotiate?negotiateVersion=1 - 200 316 application/json 39.9145ms
2026-07-10T07:25:19.2075066Z [07:25:19 INF] Request starting HTTP/1.1 GET http://tourmate-api-u42eqvqvidncw.azurewebsites.net/hubs/chat?id=aF_D9YKZEICg-cV5TL8baA&access_token=eyJhbGciOiJIUzI1NiIsInR5cCI6IkpXVCJ9.eyJzdWIiOiJlYmQ5NTdmNi1jMjFjLTRlODEtYTUxZi1kNTg2NTQzY2EyZTUiLCJlbWFpbCI6ImluaXlhbnN0YXJ6ekBnbWFpbC5jb20iLCJyb2xlIjoiVHJhdmVsZXIiLCJFbWFpbFZlcmlmaWVkIjoiRmFsc2UiLCJqdGkiOiJiMTg0MGQzOC1hMDVhLTRiMmEtOTY5OC1hMmVkYjk4NTMyMzUiLCJuYmYiOjE3ODM2NjgzMTcsImV4cCI6MTc4MzY3MTkxNywiaWF0IjoxNzgzNjY4MzE3LCJpc3MiOiJUb3VyTWF0ZSIsImF1ZCI6IlRvdXJNYXRlVXNlcnMifQ.vTOQ9FS0WWAG-jmmQvC4MQj413ZIv0eFGcLe9hlWBEE - null null
2026-07-10T07:25:19.2082263Z [07:25:19 INF] CORS policy execution successful.
2026-07-10T07:25:19.2099640Z [07:25:19 INF] Executing endpoint '/hubs/chat'
2026-07-10T07:25:19.4934112Z [07:25:19 INF] Request starting HTTP/1.1 GET http://tourmate-api-u42eqvqvidncw.azurewebsites.net/hubs/notifications?id=kFa8KfvthZ8n8PR-R3Xn9g&access_token=eyJhbGciOiJIUzI1NiIsInR5cCI6IkpXVCJ9.eyJzdWIiOiJlYmQ5NTdmNi1jMjFjLTRlODEtYTUxZi1kNTg2NTQzY2EyZTUiLCJlbWFpbCI6ImluaXlhbnN0YXJ6ekBnbWFpbC5jb20iLCJyb2xlIjoiVHJhdmVsZXIiLCJFbWFpbFZlcmlmaWVkIjoiRmFsc2UiLCJqdGkiOiJiMTg0MGQzOC1hMDVhLTRiMmEtOTY5OC1hMmVkYjk4NTMyMzUiLCJuYmYiOjE3ODM2NjgzMTcsImV4cCI6MTc4MzY3MTkxNywiaWF0IjoxNzgzNjY4MzE3LCJpc3MiOiJUb3VyTWF0ZSIsImF1ZCI6IlRvdXJNYXRlVXNlcnMifQ.vTOQ9FS0WWAG-jmmQvC4MQj413ZIv0eFGcLe9hlWBEE - null null
2026-07-10T07:25:19.5035104Z [07:25:19 INF] CORS policy execution successful.
2026-07-10T07:25:19.5035323Z [07:25:19 INF] Executing endpoint '/hubs/notifications'
2026-07-10T07:26:09.7872375Z [07:26:09 INF] Request starting HTTP/1.1 OPTIONS http://tourmate-api-u42eqvqvidncw.azurewebsites.net/api/Auth/send-otp - null null
2026-07-10T07:26:09.7872880Z [07:26:09 INF] CORS policy execution successful.
2026-07-10T07:26:09.7872968Z [07:26:09 INF] HTTP OPTIONS /api/Auth/send-otp responded 204 in 0.4318 ms
2026-07-10T07:26:09.7873000Z [07:26:09 INF] Request finished HTTP/1.1 OPTIONS http://tourmate-api-u42eqvqvidncw.azurewebsites.net/api/Auth/send-otp - 204 null null 0.7697ms
2026-07-10T07:26:09.8156280Z [07:26:09 INF] Request starting HTTP/1.1 POST http://tourmate-api-u42eqvqvidncw.azurewebsites.net/api/Auth/send-otp - application/json 34
2026-07-10T07:26:09.8156792Z [07:26:09 INF] CORS policy execution successful.
2026-07-10T07:26:09.8156823Z [07:26:09 INF] Executing endpoint 'TravelTourManagement.API.Controllers.AuthController.SendOtp (TravelTourManagement.API)'
2026-07-10T07:26:09.8241797Z [07:26:09 INF] Route matched with {action = "SendOtp", controller = "Auth"}. Executing controller action with signature System.Threading.Tasks.Task`1[Microsoft.AspNetCore.Mvc.IActionResult] SendOtp(TravelTourManagement.DataAccess.DTOs.Users.SendOtpRequest, System.Threading.CancellationToken) on controller TravelTourManagement.API.Controllers.AuthController (TravelTourManagement.API).
2026-07-10T07:26:09.8365824Z [07:26:09 INF] Executed DbCommand (2ms) [Parameters=[@__email_0='?'], CommandType='Text', CommandTimeout='30']
2026-07-10T07:26:09.8369251Z SELECT u.id, u.created_at, u.email, u.full_name, u.is_active, u.is_email_verified, u.last_login_at, u.password_hash, u.phone, u.profile_picture, u."RefreshToken", u."RefreshTokenExpiryTime", u.updated_at
2026-07-10T07:26:09.8369377Z FROM users AS u
2026-07-10T07:26:09.8369399Z WHERE u.email = @__email_0
2026-07-10T07:26:09.8369416Z LIMIT 1
2026-07-10T07:26:09.8460928Z [07:26:09 ERR] Failed to send email to iniyanstarzz@gmail.com
2026-07-10T07:26:09.8461156Z System.ArgumentException: The host name cannot be empty. (Parameter 'host')
2026-07-10T07:26:09.8461181Z    at MailKit.Net.Smtp.SmtpClient.ValidateArguments(String host, Int32 port)
2026-07-10T07:26:09.8466216Z    at MailKit.Net.Smtp.SmtpClient.ConnectAsync(String host, Int32 port, SecureSocketOptions options, CancellationToken cancellationToken)
2026-07-10T07:26:09.8469189Z    at TravelTourManagement.Business.Services.EmailService.SendEmailAsync(String toEmail, String subject, String body, CancellationToken cancellationToken) in /src/TravelTourManagement.Business/Services/EmailService.cs:line 38
2026-07-10T07:26:09.8553750Z [07:26:09 INF] Executing ObjectResult, writing value of type '<>f__AnonymousType13`4[[System.Boolean, System.Private.CoreLib, Version=8.0.0.0, Culture=neutral, PublicKeyToken=7cec85d7bea7798e],[System.String, System.Private.CoreLib, Version=8.0.0.0, Culture=neutral, PublicKeyToken=7cec85d7bea7798e],[System.String, System.Private.CoreLib, Version=8.0.0.0, Culture=neutral, PublicKeyToken=7cec85d7bea7798e],[System.String, System.Private.CoreLib, Version=8.0.0.0, Culture=neutral, PublicKeyToken=7cec85d7bea7798e]]'.
2026-07-10T07:26:09.8566177Z [07:26:09 INF] Executed action TravelTourManagement.API.Controllers.AuthController.SendOtp (TravelTourManagement.API) in 40.4633ms
2026-07-10T07:26:09.8570895Z [07:26:09 INF] Executed endpoint 'TravelTourManagement.API.Controllers.AuthController.SendOtp (TravelTourManagement.API)'
2026-07-10T07:26:09.8574682Z [07:26:09 INF] HTTP POST /api/Auth/send-otp responded 400 in 42.9696 ms
2026-07-10T07:26:09.8665723Z [07:26:09 INF] Request finished HTTP/1.1 POST http://tourmate-api-u42eqvqvidncw.azurewebsites.net/api/Auth/send-otp - 400 null application/json; charset=utf-8 50.1903ms
2026-07-10T07:26:20.6006207Z [07:26:20 INF] Request starting HTTP/1.1 OPTIONS http://tourmate-api-u42eqvqvidncw.azurewebsites.net/api/Auth/send-otp - null null
2026-07-10T07:26:20.6012620Z [07:26:20 INF] CORS policy execution successful.
2026-07-10T07:26:20.6015422Z [07:26:20 INF] HTTP OPTIONS /api/Auth/send-otp responded 204 in 0.5136 ms
2026-07-10T07:26:20.6018075Z [07:26:20 INF] Request finished HTTP/1.1 OPTIONS http://tourmate-api-u42eqvqvidncw.azurewebsites.net/api/Auth/send-otp - 204 null null 1.5209ms
2026-07-10T07:26:20.6359599Z [07:26:20 INF] Request starting HTTP/1.1 POST http://tourmate-api-u42eqvqvidncw.azurewebsites.net/api/Auth/send-otp - application/json 34
2026-07-10T07:26:20.6359875Z [07:26:20 INF] CORS policy execution successful.
2026-07-10T07:26:20.6359911Z [07:26:20 INF] Executing endpoint 'TravelTourManagement.API.Controllers.AuthController.SendOtp (TravelTourManagement.API)'
2026-07-10T07:26:20.6359952Z [07:26:20 INF] Route matched with {action = "SendOtp", controller = "Auth"}. Executing controller action with signature System.Threading.Tasks.Task`1[Microsoft.AspNetCore.Mvc.IActionResult] SendOtp(TravelTourManagement.DataAccess.DTOs.Users.SendOtpRequest, System.Threading.CancellationToken) on controller TravelTourManagement.API.Controllers.AuthController (TravelTourManagement.API).
2026-07-10T07:26:20.6468063Z [07:26:20 INF] Executed DbCommand (2ms) [Parameters=[@__email_0='?'], CommandType='Text', CommandTimeout='30']
2026-07-10T07:26:20.6471925Z SELECT u.id, u.created_at, u.email, u.full_name, u.is_active, u.is_email_verified, u.last_login_at, u.password_hash, u.phone, u.profile_picture, u."RefreshToken", u."RefreshTokenExpiryTime", u.updated_at
2026-07-10T07:26:20.6472083Z FROM users AS u
2026-07-10T07:26:20.6472108Z WHERE u.email = @__email_0
2026-07-10T07:26:20.6472124Z LIMIT 1
2026-07-10T07:26:20.6555452Z [07:26:20 ERR] Failed to send email to iniyanstarzz@gmail.com
2026-07-10T07:26:20.6555679Z System.ArgumentException: The host name cannot be empty. (Parameter 'host')
2026-07-10T07:26:20.6555707Z    at MailKit.Net.Smtp.SmtpClient.ValidateArguments(String host, Int32 port)
2026-07-10T07:26:20.6561360Z    at MailKit.Net.Smtp.SmtpClient.ConnectAsync(String host, Int32 port, SecureSocketOptions options, CancellationToken cancellationToken)
2026-07-10T07:26:20.6564217Z    at TravelTourManagement.Business.Services.EmailService.SendEmailAsync(String toEmail, String subject, String body, CancellationToken cancellationToken) in /src/TravelTourManagement.Business/Services/EmailService.cs:line 38
2026-07-10T07:26:20.6647391Z [07:26:20 INF] Executing ObjectResult, writing value of type '<>f__AnonymousType13`4[[System.Boolean, System.Private.CoreLib, Version=8.0.0.0, Culture=neutral, PublicKeyToken=7cec85d7bea7798e],[System.String, System.Private.CoreLib, Version=8.0.0.0, Culture=neutral, PublicKeyToken=7cec85d7bea7798e],[System.String, System.Private.CoreLib, Version=8.0.0.0, Culture=neutral, PublicKeyToken=7cec85d7bea7798e],[System.String, System.Private.CoreLib, Version=8.0.0.0, Culture=neutral, PublicKeyToken=7cec85d7bea7798e]]'.
2026-07-10T07:26:20.6653881Z [07:26:20 INF] Executed action TravelTourManagement.API.Controllers.AuthController.SendOtp (TravelTourManagement.API) in 29.7162ms
2026-07-10T07:26:20.6665455Z [07:26:20 INF] Executed endpoint 'TravelTourManagement.API.Controllers.AuthController.SendOtp (TravelTourManagement.API)'
2026-07-10T07:26:20.6668833Z [07:26:20 INF] HTTP POST /api/Auth/send-otp responded 400 in 31.9358 ms
2026-07-10T07:26:20.6752814Z [07:26:20 INF] Request finished HTTP/1.1 POST http://tourmate-api-u42eqvqvidncw.azurewebsites.net/api/Auth/send-otp - 400 null application/json; charset=utf-8 32.5135ms
2026-07-10T07:29:30.7447232Z [07:29:30 INF] Starting web application
2026-07-10T07:29:33.2249785Z [07:29:33 INF] Azure Web Sites environment detected. Using '/root/ASP.NET/DataProtection-Keys' as key repository; keys will not be encrypted at rest.
2026-07-10T07:29:33.2557644Z [07:29:33 WRN] Storing keys in a directory '/root/ASP.NET/DataProtection-Keys' that may not be persisted outside of the container. Protected data will be unavailable when container is destroyed. For more information go to https://aka.ms/aspnet/dataprotectionwarning
2026-07-10T07:29:33.5053644Z [07:29:33 INF] Initialized Scheduler Signaller of type: Quartz.Core.SchedulerSignalerImpl
2026-07-10T07:29:33.5054496Z [07:29:33 INF] Quartz Scheduler created
2026-07-10T07:29:33.5054541Z [07:29:33 INF] JobFactory set to: Quartz.Simpl.MicrosoftDependencyInjectionJobFactory
2026-07-10T07:29:33.5054651Z [07:29:33 INF] RAMJobStore initialized.
2026-07-10T07:29:33.5054684Z [07:29:33 INF] Quartz Scheduler 3.18.1.0 - 'QuartzScheduler' with instanceId 'NON_CLUSTERED' initialized
2026-07-10T07:29:33.5054744Z [07:29:33 INF] Using thread pool 'Quartz.Simpl.DefaultThreadPool', size: 10
2026-07-10T07:29:33.5360535Z [07:29:33 INF] Using job store 'Quartz.Simpl.RAMJobStore', supports persistence: False, clustered: False
2026-07-10T07:29:33.6282091Z [07:29:33 INF] Adding 2 jobs, 1 triggers.
2026-07-10T07:29:33.6380173Z [07:29:33 INF] Adding job: DEFAULT.BookingTimeoutJob
2026-07-10T07:29:33.6574975Z [07:29:33 INF] Adding job: DEFAULT.PackageCompletionJob
2026-07-10T07:29:33.7985770Z [07:29:33 INF] Creating key {606c09e8-931e-4c87-aa2a-9baaf7b57dd3} with creation date 2026-07-10 07:29:33Z, activation date 2026-07-10 07:29:33Z, and expiration date 2026-10-08 07:29:33Z.
2026-07-10T07:29:34.0498159Z [07:29:34 WRN] No XML encryptor configured. Key {606c09e8-931e-4c87-aa2a-9baaf7b57dd3} may be persisted to storage in unencrypted form.
2026-07-10T07:29:34.0826601Z [07:29:34 INF] Writing data to file '/root/ASP.NET/DataProtection-Keys/key-606c09e8-931e-4c87-aa2a-9baaf7b57dd3.xml'.
2026-07-10T07:29:34.4120050Z [07:29:34 INF] Now listening on: http://[::]:8080
2026-07-10T07:29:34.4203144Z [07:29:34 INF] Application started. Press Ctrl+C to shut down.
2026-07-10T07:29:34.4287527Z [07:29:34 INF] Hosting environment: Production
2026-07-10T07:29:34.4289435Z [07:29:34 INF] Content root path: /app
2026-07-10T07:29:34.4613163Z [07:29:34 INF] Scheduler QuartzScheduler_$_NON_CLUSTERED started.
2026-07-10T07:29:35.1353898Z [07:29:35 INF] Request starting HTTP/1.1 GET http://169.254.133.2:8080/robots933456.txt - null null
2026-07-10T07:29:35.2756698Z [07:29:35 WRN] Failed to determine the https port for redirect.
2026-07-10T07:29:35.4084032Z [07:29:35 INF] HTTP GET /robots933456.txt responded 404 in 140.3277 ms
2026-07-10T07:29:35.4360882Z [07:29:35 INF] Request finished HTTP/1.1 GET http://169.254.133.2:8080/robots933456.txt - 404 0 null 309.6961ms
2026-07-10T07:29:35.4484900Z [07:29:35 INF] Request reached the end of the middleware pipeline without being handled by application code. Request path: GET http://169.254.133.2:8080/robots933456.txt, Response status code: 404
2026-07-10T07:29:56.4982494Z [Previous Container] [07:29:56 INF] Application is shutting down...
2026-07-10T07:29:56.5995243Z [Previous Container] [07:29:56 INF] Executed endpoint '/hubs/notifications'
2026-07-10T07:29:56.6167637Z [Previous Container] [07:29:56 INF] HTTP GET /hubs/notifications responded 101 in 277106.4066 ms
2026-07-10T07:29:56.6167907Z [Previous Container] [07:29:56 INF] Request finished HTTP/1.1 GET http://tourmate-api-u42eqvqvidncw.azurewebsites.net/hubs/notifications?id=kFa8KfvthZ8n8PR-R3Xn9g&access_token=eyJhbGciOiJIUzI1NiIsInR5cCI6IkpXVCJ9.eyJzdWIiOiJlYmQ5NTdmNi1jMjFjLTRlODEtYTUxZi1kNTg2NTQzY2EyZTUiLCJlbWFpbCI6ImluaXlhbnN0YXJ6ekBnbWFpbC5jb20iLCJyb2xlIjoiVHJhdmVsZXIiLCJFbWFpbFZlcmlmaWVkIjoiRmFsc2UiLCJqdGkiOiJiMTg0MGQzOC1hMDVhLTRiMmEtOTY5OC1hMmVkYjk4NTMyMzUiLCJuYmYiOjE3ODM2NjgzMTcsImV4cCI6MTc4MzY3MTkxNywiaWF0IjoxNzgzNjY4MzE3LCJpc3MiOiJUb3VyTWF0ZSIsImF1ZCI6IlRvdXJNYXRlVXNlcnMifQ.vTOQ9FS0WWAG-jmmQvC4MQj413ZIv0eFGcLe9hlWBEE - 101 null null 277114.4723ms
2026-07-10T07:29:56.6167938Z [Previous Container] [07:29:56 INF] Executed endpoint '/hubs/chat'
2026-07-10T07:29:56.6167960Z [Previous Container] [07:29:56 INF] HTTP GET /hubs/chat responded 101 in 277402.0205 ms
2026-07-10T07:29:56.6280345Z [Previous Container] [07:29:56 INF] Request finished HTTP/1.1 GET http://tourmate-api-u42eqvqvidncw.azurewebsites.net/hubs/chat?id=aF_D9YKZEICg-cV5TL8baA&access_token=eyJhbGciOiJIUzI1NiIsInR5cCI6IkpXVCJ9.eyJzdWIiOiJlYmQ5NTdmNi1jMjFjLTRlODEtYTUxZi1kNTg2NTQzY2EyZTUiLCJlbWFpbCI6ImluaXlhbnN0YXJ6ekBnbWFpbC5jb20iLCJyb2xlIjoiVHJhdmVsZXIiLCJFbWFpbFZlcmlmaWVkIjoiRmFsc2UiLCJqdGkiOiJiMTg0MGQzOC1hMDVhLTRiMmEtOTY5OC1hMmVkYjk4NTMyMzUiLCJuYmYiOjE3ODM2NjgzMTcsImV4cCI6MTc4MzY3MTkxNywiaWF0IjoxNzgzNjY4MzE3LCJpc3MiOiJUb3VyTWF0ZSIsImF1ZCI6IlRvdXJNYXRlVXNlcnMifQ.vTOQ9FS0WWAG-jmmQvC4MQj413ZIv0eFGcLe9hlWBEE - 101 null null 277402.8261ms
2026-07-10T07:29:56.6892453Z [Previous Container] [07:29:56 INF] Scheduler QuartzScheduler_$_NON_CLUSTERED shutting down.
2026-07-10T07:29:56.6988989Z [Previous Container] [07:29:56 INF] Scheduler QuartzScheduler_$_NON_CLUSTERED paused.
2026-07-10T07:29:56.7378827Z [Previous Container] [07:29:56 INF] Scheduler QuartzScheduler_$_NON_CLUSTERED Shutdown complete.
2026-07-10T07:29:57.0424010Z [07:29:57 INF] Request starting HTTP/1.1 OPTIONS http://tourmate-api-u42eqvqvidncw.azurewebsites.net/hubs/chat/negotiate?negotiateVersion=1 - null null
2026-07-10T07:29:57.1011474Z [07:29:57 INF] Request starting HTTP/1.1 OPTIONS http://tourmate-api-u42eqvqvidncw.azurewebsites.net/hubs/notifications/negotiate?negotiateVersion=1 - null null
2026-07-10T07:29:57.1417013Z [07:29:57 INF] CORS policy execution successful.
2026-07-10T07:29:57.1417443Z [07:29:57 INF] CORS policy execution successful.
2026-07-10T07:29:57.1417470Z [07:29:57 INF] HTTP OPTIONS /hubs/notifications/negotiate responded 204 in 40.3995 ms
2026-07-10T07:29:57.1615793Z [07:29:57 INF] HTTP OPTIONS /hubs/chat/negotiate responded 204 in 40.0363 ms
2026-07-10T07:29:57.1616145Z [07:29:57 INF] Request finished HTTP/1.1 OPTIONS http://tourmate-api-u42eqvqvidncw.azurewebsites.net/hubs/chat/negotiate?negotiateVersion=1 - 204 null null 110.5707ms
2026-07-10T07:29:57.1616176Z [07:29:57 INF] Request finished HTTP/1.1 OPTIONS http://tourmate-api-u42eqvqvidncw.azurewebsites.net/hubs/notifications/negotiate?negotiateVersion=1 - 204 null null 109.7375ms
2026-07-10T07:29:57.6467141Z [07:29:57 INF] Request starting HTTP/1.1 POST http://tourmate-api-u42eqvqvidncw.azurewebsites.net/hubs/notifications/negotiate?negotiateVersion=1 - null 0
2026-07-10T07:29:57.6657564Z [07:29:57 INF] Request starting HTTP/1.1 POST http://tourmate-api-u42eqvqvidncw.azurewebsites.net/hubs/chat/negotiate?negotiateVersion=1 - null 0
2026-07-10T07:29:57.6864283Z [07:29:57 INF] CORS policy execution successful.
2026-07-10T07:29:57.7167826Z [07:29:57 INF] CORS policy execution successful.
2026-07-10T07:29:58.2006877Z [07:29:58 INF] Executing endpoint '/hubs/notifications/negotiate'
2026-07-10T07:29:58.2720488Z [07:29:58 INF] Executing endpoint '/hubs/chat/negotiate'
2026-07-10T07:29:58.3603277Z [07:29:58 INF] Executed endpoint '/hubs/notifications/negotiate'
2026-07-10T07:29:58.3706854Z [07:29:58 INF] HTTP POST /hubs/notifications/negotiate responded 200 in 723.5954 ms
2026-07-10T07:29:58.3707955Z [07:29:58 INF] Request finished HTTP/1.1 POST http://tourmate-api-u42eqvqvidncw.azurewebsites.net/hubs/notifications/negotiate?negotiateVersion=1 - 200 316 application/json 732.4888ms
2026-07-10T07:29:58.3708008Z [07:29:58 INF] Executed endpoint '/hubs/chat/negotiate'
2026-07-10T07:29:58.3715496Z [07:29:58 INF] HTTP POST /hubs/chat/negotiate responded 200 in 695.2705 ms
2026-07-10T07:29:58.3722903Z [07:29:58 INF] Request finished HTTP/1.1 POST http://tourmate-api-u42eqvqvidncw.azurewebsites.net/hubs/chat/negotiate?negotiateVersion=1 - 200 316 application/json 713.4682ms
2026-07-10T07:29:59.0418570Z [07:29:59 INF] Request starting HTTP/1.1 GET http://tourmate-api-u42eqvqvidncw.azurewebsites.net/hubs/notifications?id=FLJign59BBrOBj1QmwwY0A&access_token=eyJhbGciOiJIUzI1NiIsInR5cCI6IkpXVCJ9.eyJzdWIiOiJlYmQ5NTdmNi1jMjFjLTRlODEtYTUxZi1kNTg2NTQzY2EyZTUiLCJlbWFpbCI6ImluaXlhbnN0YXJ6ekBnbWFpbC5jb20iLCJyb2xlIjoiVHJhdmVsZXIiLCJFbWFpbFZlcmlmaWVkIjoiRmFsc2UiLCJqdGkiOiJiMTg0MGQzOC1hMDVhLTRiMmEtOTY5OC1hMmVkYjk4NTMyMzUiLCJuYmYiOjE3ODM2NjgzMTcsImV4cCI6MTc4MzY3MTkxNywiaWF0IjoxNzgzNjY4MzE3LCJpc3MiOiJUb3VyTWF0ZSIsImF1ZCI6IlRvdXJNYXRlVXNlcnMifQ.vTOQ9FS0WWAG-jmmQvC4MQj413ZIv0eFGcLe9hlWBEE - null null
2026-07-10T07:29:59.0641030Z [07:29:59 INF] CORS policy execution successful.
2026-07-10T07:29:59.0741671Z [07:29:59 INF] Executing endpoint '/hubs/notifications'
2026-07-10T07:29:59.7151105Z [07:29:59 INF] Request starting HTTP/1.1 GET http://tourmate-api-u42eqvqvidncw.azurewebsites.net/hubs/chat?id=dNBNRKBrD-werrKeO9a4eA&access_token=eyJhbGciOiJIUzI1NiIsInR5cCI6IkpXVCJ9.eyJzdWIiOiJlYmQ5NTdmNi1jMjFjLTRlODEtYTUxZi1kNTg2NTQzY2EyZTUiLCJlbWFpbCI6ImluaXlhbnN0YXJ6ekBnbWFpbC5jb20iLCJyb2xlIjoiVHJhdmVsZXIiLCJFbWFpbFZlcmlmaWVkIjoiRmFsc2UiLCJqdGkiOiJiMTg0MGQzOC1hMDVhLTRiMmEtOTY5OC1hMmVkYjk4NTMyMzUiLCJuYmYiOjE3ODM2NjgzMTcsImV4cCI6MTc4MzY3MTkxNywiaWF0IjoxNzgzNjY4MzE3LCJpc3MiOiJUb3VyTWF0ZSIsImF1ZCI6IlRvdXJNYXRlVXNlcnMifQ.vTOQ9FS0WWAG-jmmQvC4MQj413ZIv0eFGcLe9hlWBEE - null null
2026-07-10T07:29:59.7151660Z [07:29:59 INF] CORS policy execution successful.
2026-07-10T07:29:59.7151689Z [07:29:59 INF] Executing endpoint '/hubs/chat'
2026-07-10T07:30:10.3532327Z [07:30:10 INF] Request starting HTTP/1.1 OPTIONS http://tourmate-api-u42eqvqvidncw.azurewebsites.net/api/Auth/send-otp - null null
2026-07-10T07:30:10.3554174Z [07:30:10 INF] CORS policy execution successful.
2026-07-10T07:30:10.3636786Z [07:30:10 INF] HTTP OPTIONS /api/Auth/send-otp responded 204 in 8.5690 ms
2026-07-10T07:30:10.3648180Z [07:30:10 INF] Request finished HTTP/1.1 OPTIONS http://tourmate-api-u42eqvqvidncw.azurewebsites.net/api/Auth/send-otp - 204 null null 13.0292ms
2026-07-10T07:30:10.6165183Z [07:30:10 INF] Request starting HTTP/1.1 POST http://tourmate-api-u42eqvqvidncw.azurewebsites.net/api/Auth/send-otp - application/json 34
2026-07-10T07:30:10.6310810Z [07:30:10 INF] CORS policy execution successful.
2026-07-10T07:30:10.6403172Z [07:30:10 INF] Executing endpoint 'TravelTourManagement.API.Controllers.AuthController.SendOtp (TravelTourManagement.API)'
2026-07-10T07:30:10.7492033Z [07:30:10 INF] Route matched with {action = "SendOtp", controller = "Auth"}. Executing controller action with signature System.Threading.Tasks.Task`1[Microsoft.AspNetCore.Mvc.IActionResult] SendOtp(TravelTourManagement.DataAccess.DTOs.Users.SendOtpRequest, System.Threading.CancellationToken) on controller TravelTourManagement.API.Controllers.AuthController (TravelTourManagement.API).
2026-07-10T07:30:16.1535125Z [07:30:16 WRN] You do not have a valid license key for the Lucky Penny software AutoMapper. This is allowed for development and testing scenarios. If you are running in production you are required to have a licensed version. Please visit https://luckypennysoftware.com to obtain a valid license.
2026-07-10T07:30:19.4073888Z [07:30:19 INF] Executed DbCommand (190ms) [Parameters=[@__email_0='?'], CommandType='Text', CommandTimeout='30']
2026-07-10T07:30:19.4083719Z SELECT u.id, u.created_at, u.email, u.full_name, u.is_active, u.is_email_verified, u.last_login_at, u.password_hash, u.phone, u.profile_picture, u."RefreshToken", u."RefreshTokenExpiryTime", u.updated_at
2026-07-10T07:30:19.4083937Z FROM users AS u
2026-07-10T07:30:19.4083960Z WHERE u.email = @__email_0
2026-07-10T07:30:19.4083976Z LIMIT 1
2026-07-10T07:30:24.1993084Z [07:30:24 INF] Email sent successfully to iniyanstarzz@gmail.com
2026-07-10T07:30:24.2002772Z 
2026-07-10T07:30:24.2002948Z ========================================
2026-07-10T07:30:24.2173667Z OTP FOR VERIFICATION (iniyanstarzz@gmail.com): 389308
2026-07-10T07:30:24.2173785Z ========================================
2026-07-10T07:30:24.2173805Z 
2026-07-10T07:30:24.2401107Z [07:30:24 INF] Executing OkObjectResult, writing value of type '<>f__AnonymousType3`1[[System.String, System.Private.CoreLib, Version=8.0.0.0, Culture=neutral, PublicKeyToken=7cec85d7bea7798e]]'.
2026-07-10T07:30:24.3291682Z [07:30:24 INF] Executed action TravelTourManagement.API.Controllers.AuthController.SendOtp (TravelTourManagement.API) in 13569.5317ms
2026-07-10T07:30:24.3308479Z [07:30:24 INF] Executed endpoint 'TravelTourManagement.API.Controllers.AuthController.SendOtp (TravelTourManagement.API)'
2026-07-10T07:30:24.3484062Z [07:30:24 INF] HTTP POST /api/Auth/send-otp responded 200 in 13708.8454 ms
2026-07-10T07:30:24.3785987Z [07:30:24 INF] Request finished HTTP/1.1 POST http://tourmate-api-u42eqvqvidncw.azurewebsites.net/api/Auth/send-otp - 200 null application/json; charset=utf-8 13755.805ms
