2026-07-10T08:45:53.8608694Z     __ __          __      __    _ __     
2026-07-10T08:45:53.9031849Z    / //_/_  _ ____/ /_  __/ /   (_) /____ 
2026-07-10T08:45:53.9032042Z   / ,< / / / / __  / / / / /   / / __/ _  
2026-07-10T08:45:53.9032067Z  / /| / /_/ / /_/ / /_/ / /___/ / /_/  __/
2026-07-10T08:45:53.9032086Z /_/ |_\__,_/\__,_/\__,_/_____/_/\__/\___/ 
2026-07-10T08:45:53.9032112Z 
2026-07-10T08:45:53.9032148Z                                           
2026-07-10T08:45:53.9032188Z DEBUG CONSOLE | AZURE APP SERVICE ON LINUX
2026-07-10T08:45:53.9032206Z 
2026-07-10T08:45:53.9032225Z Documentation: http://aka.ms/webapp-linux
2026-07-10T08:45:53.9032245Z Kudu Version : 20260513.7
2026-07-10T08:45:53.9032266Z Commit       : b50d86d9b8573549200649bf549408e5bf953c23
2026-07-10T08:45:53.9032285Z Instance Name: lw0sdlwk0001YC
2026-07-10T08:45:53.9032312Z Instance Id  : 0b9e3e2ce3cd6d35dcf52cbbfd6319a41b34d6f582e51a0e93d9a768ce270dab
2026-07-10T08:45:53.9032330Z 
2026-07-10T08:45:54.7489648Z chown: changing ownership of '/temp': Operation not permitted
2026-07-10T08:45:54.7683591Z chmod: changing permissions of '/temp': Operation not permitted
2026-07-10T08:45:56.2561085Z Restarting OpenBSD Secure Shell server: sshd.
2026-07-10T08:45:56.3879725Z node not running, starting node /opt/webssh/index.js
2026-07-10T08:46:08.6417257Z Fri Jul 10 08:46:08 UTC 2026 running .net core
2026-07-10T08:46:09.9932906Z Startup : 08.46.09.962651
2026-07-10T08:46:10.0734511Z Configure Services : 08.46.10.073242
2026-07-10T08:46:10.6147903Z Configure : 08.46.10.597377
2026-07-10T08:46:11.1603975Z Setting Up Routes : 08.46.11.160244
2026-07-10T08:46:11.1991146Z Exiting Configure : 08.46.11.198990
2026-07-10T08:46:11.5214628Z Hosting environment: Production
2026-07-10T08:46:11.5223705Z Content root path: /opt/Kudu
2026-07-10T08:46:11.5300688Z Now listening on: http://0.0.0.0:8181
2026-07-10T08:46:11.5300856Z Application started. Press Ctrl+C to shut down.
