2026-07-10T06:39:01.2807197Z State: Starting, Action: EstablishingSiteNetworks, LastError: , LastErrorTimestamp: 01/01/0001 00:00:00, LastErrorDetails: , Details: , DetailsLevel: INFO
2026-07-10T06:39:05.5410582Z State: Starting, Action: StartingMsiContainer, LastError: , LastErrorTimestamp: 01/01/0001 00:00:00, LastErrorDetails: , Details: , DetailsLevel: INFO
2026-07-10T06:39:23.1044732Z State: Starting, Action: StartingSiteContainers, LastError: , LastErrorTimestamp: 01/01/0001 00:00:00, LastErrorDetails: , Details: , DetailsLevel: INFO
2026-07-10T06:39:23.1053466Z Container start method called.
2026-07-10T06:39:23.1062371Z State: Starting, Action: PullingImage, LastError: , LastErrorTimestamp: 01/01/0001 00:00:00, LastErrorDetails: , Details: Pulling image tourmateacru42eqvqvidncw.azurecr.io/tourmate-backend:latest for tourmate-api-u42eqvqvidncw., DetailsLevel: INFO
2026-07-10T06:39:23.1063821Z Establishing network.
2026-07-10T06:39:23.1444063Z Pulling image: tourmateacru42eqvqvidncw.azurecr.io/tourmate-backend:latest.
2026-07-10T06:39:27.2666802Z Container pull image failed with reason: ImagePullFailure. Revert by terminate.
2026-07-10T06:39:27.2686103Z Container is terminating. Grace period: 5 seconds.
2026-07-10T06:39:27.2692332Z Container spec TerminationMessagePolicy  path 
2026-07-10T06:39:27.2698594Z Container is terminated. Total time elapsed: 1 ms.
2026-07-10T06:39:27.2775438Z Site container: tourmate-api-u42eqvqvidncw terminated during site startup.
2026-07-10T06:39:27.2780555Z State: Stopping, Action: CancellingStartup, LastError: , LastErrorTimestamp: 01/01/0001 00:00:00, LastErrorDetails: , Details: Site container: tourmate-api-u42eqvqvidncw terminated during site startup. Cancelling site startup., DetailsLevel: ERR
2026-07-10T06:39:27.2978693Z State: Stopping, Action: CancellingStartup, LastError: ImagePullUnauthorizedFailure, LastErrorTimestamp: 07/10/2026 06:39:27, LastErrorDetails: Failed to pull image: tourmateacru42eqvqvidncw.azurecr.io/tourmate-backend:latest. Image pull failed with forbidden or unauthorized. Check registry credentials., Details: Site container: tourmate-api-u42eqvqvidncw terminated during site startup. Cancelling site startup., DetailsLevel: ERR
2026-07-10T06:39:27.3096374Z Failed to start site. Revert by stopping site.
2026-07-10T06:39:27.3098715Z State: Stopping, Action: StoppingSite, LastError: ImagePullUnauthorizedFailure, LastErrorTimestamp: 07/10/2026 06:39:27, LastErrorDetails: Failed to pull image: tourmateacru42eqvqvidncw.azurecr.io/tourmate-backend:latest. Image pull failed with forbidden or unauthorized. Check registry credentials., Details: Site container: tourmate-api-u42eqvqvidncw terminated during site startup. Cancelling site startup., DetailsLevel: ERR
2026-07-10T06:39:27.3171892Z State: Stopping, Action: StoppingSiteContainers, LastError: ImagePullUnauthorizedFailure, LastErrorTimestamp: 07/10/2026 06:39:27, LastErrorDetails: Failed to pull image: tourmateacru42eqvqvidncw.azurecr.io/tourmate-backend:latest. Image pull failed with forbidden or unauthorized. Check registry credentials., Details: Site container: tourmate-api-u42eqvqvidncw terminated during site startup. Cancelling site startup., DetailsLevel: ERR
2026-07-10T06:39:28.0132890Z Site container: tourmate-api-u42eqvqvidncw_managedIdentity terminated during site startup.
2026-07-10T06:39:28.0339832Z State: Stopping, Action: StoppingSiteContainers, LastError: ImagePullUnauthorizedFailure, LastErrorTimestamp: 07/10/2026 06:39:27, LastErrorDetails: Failed to pull image: tourmateacru42eqvqvidncw.azurecr.io/tourmate-backend:latest. Image pull failed with forbidden or unauthorized. Check registry credentials., Details: Site container: tourmate-api-u42eqvqvidncw terminated during site startup. Cancelling site startup., DetailsLevel: ERR
2026-07-10T06:39:28.0521429Z Site: tourmate-api-u42eqvqvidncw stopped.
2026-07-10T06:39:28.0542040Z State: Stopping, Action: UnmountingVolumes, LastError: ImagePullUnauthorizedFailure, LastErrorTimestamp: 07/10/2026 06:39:27, LastErrorDetails: Failed to pull image: tourmateacru42eqvqvidncw.azurecr.io/tourmate-backend:latest. Image pull failed with forbidden or unauthorized. Check registry credentials., Details: Site container: tourmate-api-u42eqvqvidncw terminated during site startup. Cancelling site startup., DetailsLevel: ERR
2026-07-10T06:39:28.5864768Z State: Stopping, Action: StoppingSiteNetworks, LastError: ImagePullUnauthorizedFailure, LastErrorTimestamp: 07/10/2026 06:39:27, LastErrorDetails: Failed to pull image: tourmateacru42eqvqvidncw.azurecr.io/tourmate-backend:latest. Image pull failed with forbidden or unauthorized. Check registry credentials., Details: Site container: tourmate-api-u42eqvqvidncw terminated during site startup. Cancelling site startup., DetailsLevel: ERR
2026-07-10T06:39:29.2997389Z State: Stopped, Action: None, LastError: ImagePullUnauthorizedFailure, LastErrorTimestamp: 07/10/2026 06:39:27, LastErrorDetails: Failed to pull image: tourmateacru42eqvqvidncw.azurecr.io/tourmate-backend:latest. Image pull failed with forbidden or unauthorized. Check registry credentials., Details: Site stopped at 07/10/2026 06:39:29 (UTC), DetailsLevel: ERR
2026-07-10T06:39:29.8527120Z State: Stopped, Action: None, LastError: ImagePullUnauthorizedFailure, LastErrorTimestamp: 07/10/2026 06:39:27, LastErrorDetails: Failed to pull image: tourmateacru42eqvqvidncw.azurecr.io/tourmate-backend:latest. Image pull failed with forbidden or unauthorized. Check registry credentials., Details: Site stopped at 07/10/2026 06:39:29 (UTC), DetailsLevel: ERR
2026-07-10T06:39:30.2467408Z State: Starting, Action: EstablishingSiteNetworks, LastError: ImagePullUnauthorizedFailure, LastErrorTimestamp: 07/10/2026 06:39:27, LastErrorDetails: Failed to pull image: tourmateacru42eqvqvidncw.azurecr.io/tourmate-backend:latest. Image pull failed with forbidden or unauthorized. Check registry credentials., Details: Site stopped at 07/10/2026 06:39:29 (UTC), DetailsLevel: ERR
2026-07-10T06:39:33.8132805Z State: Starting, Action: StartingMsiContainer, LastError: ImagePullUnauthorizedFailure, LastErrorTimestamp: 07/10/2026 06:39:27, LastErrorDetails: Failed to pull image: tourmateacru42eqvqvidncw.azurecr.io/tourmate-backend:latest. Image pull failed with forbidden or unauthorized. Check registry credentials., Details: Site stopped at 07/10/2026 06:39:29 (UTC), DetailsLevel: ERR
2026-07-10T06:39:53.7028280Z State: Starting, Action: StartingSiteContainers, LastError: ImagePullUnauthorizedFailure, LastErrorTimestamp: 07/10/2026 06:39:27, LastErrorDetails: Failed to pull image: tourmateacru42eqvqvidncw.azurecr.io/tourmate-backend:latest. Image pull failed with forbidden or unauthorized. Check registry credentials., Details: Site stopped at 07/10/2026 06:39:29 (UTC), DetailsLevel: ERR
2026-07-10T06:39:53.7418778Z Container start method called.
2026-07-10T06:39:53.7422198Z State: Starting, Action: PullingImage, LastError: ImagePullUnauthorizedFailure, LastErrorTimestamp: 07/10/2026 06:39:27, LastErrorDetails: Failed to pull image: tourmateacru42eqvqvidncw.azurecr.io/tourmate-backend:latest. Image pull failed with forbidden or unauthorized. Check registry credentials., Details: Pulling image tourmateacru42eqvqvidncw.azurecr.io/tourmate-backend:latest for tourmate-api-u42eqvqvidncw., DetailsLevel: INFO
2026-07-10T06:39:53.7424286Z Establishing network.
2026-07-10T06:39:53.7426020Z Pulling image: tourmateacru42eqvqvidncw.azurecr.io/tourmate-backend:latest.
2026-07-10T06:39:54.0848141Z Container pull image failed with reason: ImagePullFailure. Revert by terminate.
2026-07-10T06:39:54.0854161Z Container is terminating. Grace period: 5 seconds.
2026-07-10T06:39:54.1024750Z Container spec TerminationMessagePolicy  path 
2026-07-10T06:39:54.1026534Z Container is terminated. Total time elapsed: 17 ms.
2026-07-10T06:39:54.1027681Z Site container: tourmate-api-u42eqvqvidncw terminated during site startup.
2026-07-10T06:39:54.1030822Z State: Stopping, Action: CancellingStartup, LastError: ImagePullUnauthorizedFailure, LastErrorTimestamp: 07/10/2026 06:39:27, LastErrorDetails: Failed to pull image: tourmateacru42eqvqvidncw.azurecr.io/tourmate-backend:latest. Image pull failed with forbidden or unauthorized. Check registry credentials., Details: Site container: tourmate-api-u42eqvqvidncw terminated during site startup. Cancelling site startup., DetailsLevel: ERR
2026-07-10T06:39:54.1041506Z State: Stopping, Action: CancellingStartup, LastError: UnexpectedContainerExit, LastErrorTimestamp: 07/10/2026 06:39:54, LastErrorDetails: Pull image: tourmateacru42eqvqvidncw.azurecr.io/tourmate-backend:latest failed with unexpected exception., Details: Site container: tourmate-api-u42eqvqvidncw terminated during site startup. Cancelling site startup., DetailsLevel: ERR
2026-07-10T06:39:54.1150906Z Failed to start site. Revert by stopping site.
2026-07-10T06:39:54.1223033Z State: Stopping, Action: StoppingSite, LastError: UnexpectedContainerExit, LastErrorTimestamp: 07/10/2026 06:39:54, LastErrorDetails: Pull image: tourmateacru42eqvqvidncw.azurecr.io/tourmate-backend:latest failed with unexpected exception., Details: Site container: tourmate-api-u42eqvqvidncw terminated during site startup. Cancelling site startup., DetailsLevel: ERR
2026-07-10T06:39:54.1226406Z State: Stopping, Action: StoppingSiteContainers, LastError: UnexpectedContainerExit, LastErrorTimestamp: 07/10/2026 06:39:54, LastErrorDetails: Pull image: tourmateacru42eqvqvidncw.azurecr.io/tourmate-backend:latest failed with unexpected exception., Details: Site container: tourmate-api-u42eqvqvidncw terminated during site startup. Cancelling site startup., DetailsLevel: ERR
2026-07-10T06:39:55.0810781Z Site container: tourmate-api-u42eqvqvidncw_managedIdentity terminated during site startup.
2026-07-10T06:39:55.0889679Z State: Stopping, Action: StoppingSiteContainers, LastError: UnexpectedContainerExit, LastErrorTimestamp: 07/10/2026 06:39:54, LastErrorDetails: Pull image: tourmateacru42eqvqvidncw.azurecr.io/tourmate-backend:latest failed with unexpected exception., Details: Site container: tourmate-api-u42eqvqvidncw terminated during site startup. Cancelling site startup., DetailsLevel: ERR
2026-07-10T06:39:55.0891930Z Site: tourmate-api-u42eqvqvidncw stopped.
2026-07-10T06:40:04.307Z INFO  - Pulling image: mcr.microsoft.com/appsvc/msitokenservice:stage5
2026-07-10T06:40:05.711Z INFO  - stage5 Pulling from appsvc/msitokenservice
2026-07-10T06:40:05.875Z INFO  - 5e5b36758685 Already exists
2026-07-10T06:40:05.906Z INFO  - d12740de851f Already exists
2026-07-10T06:40:05.917Z INFO  - 7b2782987f20 Pulling fs layer
2026-07-10T06:40:05.951Z INFO  - 66fae3abb1e6 Pulling fs layer
2026-07-10T06:40:05.952Z INFO  - f2cc1b156295 Pulling fs layer
2026-07-10T06:40:05.970Z INFO  - 921c8f1575a6 Pulling fs layer
2026-07-10T06:40:05.988Z INFO  - 4f4fb700ef54 Pulling fs layer
2026-07-10T06:40:06.368Z INFO  - 4f4fb700ef54 Downloading 32B / 32B
2026-07-10T06:40:06.370Z INFO  - 66fae3abb1e6 Downloading 119B / 119B
2026-07-10T06:40:06.371Z INFO  - 4f4fb700ef54 Verifying Checksum
2026-07-10T06:40:06.390Z INFO  - 4f4fb700ef54 Download complete
2026-07-10T06:40:06.391Z INFO  - 66fae3abb1e6 Verifying Checksum
2026-07-10T06:40:06.421Z INFO  - 66fae3abb1e6 Download complete
2026-07-10T06:40:06.660Z INFO  - 7b2782987f20 Downloading 1MB / 8MB
2026-07-10T06:40:06.672Z INFO  - f2cc1b156295 Downloading 1MB / 19MB
2026-07-10T06:40:06.681Z INFO  - 921c8f1575a6 Downloading 910KB / 21MB
2026-07-10T06:40:06.771Z INFO  - 7b2782987f20 Downloading 1MB / 8MB
2026-07-10T06:40:06.861Z INFO  - f2cc1b156295 Downloading 2MB / 19MB
2026-07-10T06:40:06.862Z INFO  - 7b2782987f20 Downloading 2MB / 8MB
2026-07-10T06:40:06.983Z INFO  - f2cc1b156295 Downloading 2MB / 19MB
2026-07-10T06:40:07.062Z INFO  - 921c8f1575a6 Downloading 3MB / 21MB
2026-07-10T06:40:07.082Z INFO  - 7b2782987f20 Downloading 3MB / 8MB
2026-07-10T06:40:07.272Z INFO  - 7b2782987f20 Downloading 4MB / 8MB
2026-07-10T06:40:07.313Z INFO  - 921c8f1575a6 Downloading 5MB / 21MB
2026-07-10T06:40:07.354Z INFO  - 7b2782987f20 Downloading 5MB / 8MB
2026-07-10T06:40:07.425Z INFO  - 921c8f1575a6 Downloading 6MB / 21MB
2026-07-10T06:40:07.465Z INFO  - 7b2782987f20 Downloading 6MB / 8MB
2026-07-10T06:40:07.495Z INFO  - f2cc1b156295 Downloading 7MB / 19MB
2026-07-10T06:40:07.632Z INFO  - 7b2782987f20 Verifying Checksum
2026-07-10T06:40:07.647Z INFO  - 7b2782987f20 Download complete
2026-07-10T06:40:07.647Z INFO  - 921c8f1575a6 Downloading 7MB / 21MB
2026-07-10T06:40:07.790Z INFO  - 921c8f1575a6 Downloading 8MB / 21MB
2026-07-10T06:40:07.943Z INFO  - 921c8f1575a6 Downloading 9MB / 21MB
2026-07-10T06:40:07.971Z INFO  - f2cc1b156295 Downloading 10MB / 19MB
2026-07-10T06:40:08.031Z INFO  - 921c8f1575a6 Downloading 10MB / 21MB
2026-07-10T06:40:08.435Z INFO  - 7b2782987f20 Extracting 1MB / 8MB
2026-07-10T06:40:08.475Z INFO  - f2cc1b156295 Downloading 14MB / 19MB
2026-07-10T06:40:08.605Z INFO  - f2cc1b156295 Downloading 14MB / 19MB
2026-07-10T06:40:08.657Z INFO  - 921c8f1575a6 Downloading 14MB / 21MB
2026-07-10T06:40:08.714Z INFO  - 7b2782987f20 Extracting 1MB / 8MB
2026-07-10T06:40:08.806Z INFO  - 921c8f1575a6 Downloading 15MB / 21MB
2026-07-10T06:40:09.005Z INFO  - 921c8f1575a6 Downloading 17MB / 21MB
2026-07-10T06:40:09.114Z INFO  - f2cc1b156295 Downloading 18MB / 19MB
2026-07-10T06:40:09.145Z INFO  - 7b2782987f20 Extracting 2MB / 8MB
2026-07-10T06:40:09.193Z INFO  - f2cc1b156295 Verifying Checksum
2026-07-10T06:40:09.195Z INFO  - f2cc1b156295 Download complete
2026-07-10T06:40:09.216Z INFO  - 921c8f1575a6 Downloading 20MB / 21MB
2026-07-10T06:40:09.304Z INFO  - 921c8f1575a6 Verifying Checksum
2026-07-10T06:40:09.305Z INFO  - 921c8f1575a6 Download complete
2026-07-10T06:40:09.465Z INFO  - 7b2782987f20 Extracting 4MB / 8MB
2026-07-10T06:40:10.018Z INFO  - 7b2782987f20 Extracting 7MB / 8MB
2026-07-10T06:40:10.068Z INFO  - 7b2782987f20 Extracting 8MB / 8MB
2026-07-10T06:40:10.229Z INFO  - 7b2782987f20 Pull complete
2026-07-10T06:40:10.249Z INFO  - 66fae3abb1e6 Extracting 119B / 119B
2026-07-10T06:40:10.390Z INFO  - 66fae3abb1e6 Extracting 119B / 119B
2026-07-10T06:40:10.870Z INFO  - 66fae3abb1e6 Pull complete
2026-07-10T06:40:11.456Z INFO  - f2cc1b156295 Extracting 448KB / 19MB
2026-07-10T06:40:12.027Z INFO  - f2cc1b156295 Extracting 3MB / 19MB
2026-07-10T06:40:12.240Z INFO  - f2cc1b156295 Extracting 4MB / 19MB
2026-07-10T06:40:12.458Z INFO  - f2cc1b156295 Extracting 5MB / 19MB
2026-07-10T06:40:12.770Z INFO  - f2cc1b156295 Extracting 8MB / 19MB
2026-07-10T06:40:13.071Z INFO  - f2cc1b156295 Extracting 10MB / 19MB
2026-07-10T06:40:13.493Z INFO  - f2cc1b156295 Extracting 11MB / 19MB
2026-07-10T06:40:13.996Z INFO  - f2cc1b156295 Extracting 14MB / 19MB
2026-07-10T06:40:14.508Z INFO  - f2cc1b156295 Extracting 17MB / 19MB
2026-07-10T06:40:14.520Z INFO  - f2cc1b156295 Extracting 18MB / 19MB
2026-07-10T06:40:15.172Z INFO  - f2cc1b156295 Extracting 19MB / 19MB
2026-07-10T06:40:15.321Z INFO  - f2cc1b156295 Pull complete
2026-07-10T06:40:15.745Z INFO  - 921c8f1575a6 Extracting 1MB / 21MB
2026-07-10T06:40:15.833Z INFO  - 921c8f1575a6 Extracting 2MB / 21MB
2026-07-10T06:40:16.295Z INFO  - 921c8f1575a6 Extracting 6MB / 21MB
2026-07-10T06:40:16.396Z INFO  - 921c8f1575a6 Extracting 6MB / 21MB
2026-07-10T06:40:16.505Z INFO  - 921c8f1575a6 Extracting 7MB / 21MB
2026-07-10T06:40:17.422Z INFO  - 921c8f1575a6 Extracting 11MB / 21MB
2026-07-10T06:40:17.650Z INFO  - 921c8f1575a6 Extracting 13MB / 21MB
2026-07-10T06:40:18.206Z INFO  - 921c8f1575a6 Extracting 15MB / 21MB
2026-07-10T06:40:18.437Z INFO  - 921c8f1575a6 Extracting 17MB / 21MB
2026-07-10T06:40:18.890Z INFO  - 921c8f1575a6 Extracting 19MB / 21MB
2026-07-10T06:40:18.907Z INFO  - 921c8f1575a6 Extracting 20MB / 21MB
2026-07-10T06:40:18.978Z INFO  - 921c8f1575a6 Extracting 21MB / 21MB
2026-07-10T06:40:19.091Z INFO  - 921c8f1575a6 Pull complete
2026-07-10T06:40:19.100Z INFO  - 4f4fb700ef54 Extracting 32B / 32B
2026-07-10T06:40:19.131Z INFO  - 4f4fb700ef54 Extracting 32B / 32B
2026-07-10T06:40:19.231Z INFO  - 4f4fb700ef54 Pull complete
2026-07-10T06:40:19.460Z INFO  -  Digest: sha256:94283336279deeb9d466937f625410a8e2a093eda3e2a9936573b0c6bb16ba59
2026-07-10T06:40:19.467Z INFO  -  Status: Downloaded newer image for mcr.microsoft.com/appsvc/msitokenservice:stage5
2026-07-10T06:40:19.497Z INFO  - Pull Image successful, Time taken: 15 Seconds
2026-07-10T06:40:21.785Z INFO  - Starting container for site
2026-07-10T06:40:21.786Z INFO  - docker run -d --expose=8081 --name tourmate-api-u42eqvqvidncw_0_783bb996_msiProxy -e WEBSITE_ROLE_INSTANCE_ID=0 -e WEBSITE_HOSTNAME=tourmate-api-u42eqvqvidncw.azurewebsites.net -e WEBSITE_INSTANCE_ID=0b9e3e2ce3cd6d35dcf52cbbfd6319a41b34d6f582e51a0e93d9a768ce270dab mcr.microsoft.com/appsvc/msitokenservice:stage5 
2026-07-10T06:40:21.786Z INFO  - Logging is not enabled for this container.
Please use https://aka.ms/linux-diagnostics to enable logging to see container logs here.
2026-07-10T06:40:38.728Z INFO  - Pulling image: tourmateacru42eqvqvidncw.azurecr.io/tourmate-backend:latest
2026-07-10T06:40:38.986Z INFO  - latest Pulling from tourmate-backend
2026-07-10T06:40:39.001Z INFO  -  
2026-07-10T06:40:39.002Z ERROR - no matching manifest for linux/amd64 in the manifest list entriesErr: 0, Message: no matching manifest for linux/amd64 in the manifest list entries
2026-07-10T06:40:39.005Z INFO  - Pull Image failed, Time taken: 0 Seconds
2026-07-10T06:40:39.006Z ERROR - Pulling docker image tourmateacru42eqvqvidncw.azurecr.io/tourmate-backend:latest failed:
2026-07-10T06:40:39.289Z ERROR - DockerApiException: Docker API responded with status code=InternalServerError, response={"message":"Head \"https://tourmateacru42eqvqvidncw.azurecr.io/v2/tourmate-backend/manifests/latest\": unauthorized: {\"errors\":[{\"code\":\"UNAUTHORIZED\",\"message\":\"authentication required, visit https://aka.ms/acr/authorization for more information. CorrelationId: 711be000-4419-410e-a1fc-6d734ccc1412\"}]}"}

2026-07-10T06:40:39.290Z WARN  - Image pull failed. Defaulting to local copy if present.
2026-07-10T06:40:39.379Z ERROR - Image pull failed: Verify docker image configuration and credentials (if using private repository)
2026-07-10T06:40:54.277Z INFO  - Stopping site tourmate-api-u42eqvqvidncw because it failed during startup.
2026-07-10T06:41:09.046Z INFO  - Pulling image: mcr.microsoft.com/appsvc/msitokenservice:stage5
2026-07-10T06:41:12.182Z INFO  - stage5 Pulling from appsvc/msitokenservice
2026-07-10T06:41:12.431Z INFO  -  Digest: sha256:94283336279deeb9d466937f625410a8e2a093eda3e2a9936573b0c6bb16ba59
2026-07-10T06:41:12.441Z INFO  -  Status: Image is up to date for mcr.microsoft.com/appsvc/msitokenservice:stage5
2026-07-10T06:41:12.514Z INFO  - Pull Image successful, Time taken: 3 Seconds
2026-07-10T06:41:13.529Z INFO  - Starting container for site
2026-07-10T06:41:13.537Z INFO  - docker run -d --expose=8081 --name tourmate-api-u42eqvqvidncw_0_005f5c24_msiProxy -e WEBSITE_ROLE_INSTANCE_ID=0 -e WEBSITE_HOSTNAME=tourmate-api-u42eqvqvidncw.azurewebsites.net -e WEBSITE_INSTANCE_ID=0b9e3e2ce3cd6d35dcf52cbbfd6319a41b34d6f582e51a0e93d9a768ce270dab mcr.microsoft.com/appsvc/msitokenservice:stage5 
2026-07-10T06:41:13.539Z INFO  - Logging is not enabled for this container.
Please use https://aka.ms/linux-diagnostics to enable logging to see container logs here.
2026-07-10T06:41:39.332Z INFO  - Pulling image: tourmateacru42eqvqvidncw.azurecr.io/tourmate-backend:latest
2026-07-10T06:41:41.040Z INFO  - latest Pulling from tourmate-backend
2026-07-10T06:41:41.161Z INFO  -  
2026-07-10T06:41:41.170Z ERROR - no matching manifest for linux/amd64 in the manifest list entriesErr: 0, Message: no matching manifest for linux/amd64 in the manifest list entries
2026-07-10T06:41:41.220Z INFO  - Pull Image failed, Time taken: 1 Seconds
2026-07-10T06:41:41.221Z ERROR - Pulling docker image tourmateacru42eqvqvidncw.azurecr.io/tourmate-backend:latest failed:
2026-07-10T06:41:41.964Z ERROR - DockerApiException: Docker API responded with status code=InternalServerError, response={"message":"Head \"https://tourmateacru42eqvqvidncw.azurecr.io/v2/tourmate-backend/manifests/latest\": unauthorized: {\"errors\":[{\"code\":\"UNAUTHORIZED\",\"message\":\"authentication required, visit https://aka.ms/acr/authorization for more information. CorrelationId: 1562ccc8-ef2d-4eec-9432-7a48fb989059\"}]}"}

2026-07-10T06:41:41.965Z WARN  - Image pull failed. Defaulting to local copy if present.
2026-07-10T06:41:42.044Z ERROR - Image pull failed: Verify docker image configuration and credentials (if using private repository)
2026-07-10T06:41:49.489Z INFO  - Stopping site tourmate-api-u42eqvqvidncw because it failed during startup.
2026-07-10T06:42:04.322Z INFO  - Pulling image: mcr.microsoft.com/appsvc/msitokenservice:stage5
2026-07-10T06:42:07.627Z INFO  - stage5 Pulling from appsvc/msitokenservice
2026-07-10T06:42:09.841Z INFO  -  Digest: sha256:94283336279deeb9d466937f625410a8e2a093eda3e2a9936573b0c6bb16ba59
2026-07-10T06:42:09.860Z INFO  -  Status: Image is up to date for mcr.microsoft.com/appsvc/msitokenservice:stage5
2026-07-10T06:42:10.454Z INFO  - Pull Image successful, Time taken: 5 Seconds
2026-07-10T06:42:14.004Z INFO  - Starting container for site
2026-07-10T06:42:14.015Z INFO  - docker run -d --expose=8081 --name tourmate-api-u42eqvqvidncw_0_b28df67f_msiProxy -e WEBSITE_ROLE_INSTANCE_ID=0 -e WEBSITE_HOSTNAME=tourmate-api-u42eqvqvidncw.azurewebsites.net -e WEBSITE_INSTANCE_ID=0b9e3e2ce3cd6d35dcf52cbbfd6319a41b34d6f582e51a0e93d9a768ce270dab mcr.microsoft.com/appsvc/msitokenservice:stage5 
2026-07-10T06:42:14.023Z INFO  - Logging is not enabled for this container.
Please use https://aka.ms/linux-diagnostics to enable logging to see container logs here.
2026-07-10T06:42:58.098Z INFO  - Pulling image: tourmateacru42eqvqvidncw.azurecr.io/tourmate-backend:latest
2026-07-10T06:42:59.114Z INFO  - latest Pulling from tourmate-backend
2026-07-10T06:42:59.124Z INFO  -  
2026-07-10T06:42:59.125Z ERROR - no matching manifest for linux/amd64 in the manifest list entriesErr: 0, Message: no matching manifest for linux/amd64 in the manifest list entries
2026-07-10T06:42:59.136Z INFO  - Pull Image failed, Time taken: 1 Seconds
2026-07-10T06:42:59.144Z ERROR - Pulling docker image tourmateacru42eqvqvidncw.azurecr.io/tourmate-backend:latest failed:
2026-07-10T06:42:59.377Z ERROR - DockerApiException: Docker API responded with status code=InternalServerError, response={"message":"Head \"https://tourmateacru42eqvqvidncw.azurecr.io/v2/tourmate-backend/manifests/latest\": unauthorized: {\"errors\":[{\"code\":\"UNAUTHORIZED\",\"message\":\"authentication required, visit https://aka.ms/acr/authorization for more information. CorrelationId: 066aeb56-d5f4-4989-90e0-a02939c9418b\"}]}"}

2026-07-10T06:42:59.386Z WARN  - Image pull failed. Defaulting to local copy if present.
2026-07-10T06:42:59.427Z ERROR - Image pull failed: Verify docker image configuration and credentials (if using private repository)
2026-07-10T06:43:08.182Z INFO  - Stopping site tourmate-api-u42eqvqvidncw because it failed during startup.
2026-07-10T06:43:22.886Z INFO  - Pulling image: mcr.microsoft.com/appsvc/msitokenservice:stage5
2026-07-10T06:43:24.276Z INFO  - stage5 Pulling from appsvc/msitokenservice
2026-07-10T06:43:25.615Z INFO  -  Digest: sha256:94283336279deeb9d466937f625410a8e2a093eda3e2a9936573b0c6bb16ba59
2026-07-10T06:43:25.633Z INFO  -  Status: Image is up to date for mcr.microsoft.com/appsvc/msitokenservice:stage5
2026-07-10T06:43:25.774Z INFO  - Pull Image successful, Time taken: 2 Seconds
2026-07-10T06:43:26.457Z INFO  - Starting container for site
2026-07-10T06:43:26.458Z INFO  - docker run -d --expose=8081 --name tourmate-api-u42eqvqvidncw_0_a2a91d32_msiProxy -e WEBSITE_ROLE_INSTANCE_ID=0 -e WEBSITE_HOSTNAME=tourmate-api-u42eqvqvidncw.azurewebsites.net -e WEBSITE_INSTANCE_ID=0b9e3e2ce3cd6d35dcf52cbbfd6319a41b34d6f582e51a0e93d9a768ce270dab mcr.microsoft.com/appsvc/msitokenservice:stage5 
2026-07-10T06:43:26.476Z INFO  - Logging is not enabled for this container.
Please use https://aka.ms/linux-diagnostics to enable logging to see container logs here.
2026-07-10T06:43:52.088Z INFO  - Pulling image: tourmateacru42eqvqvidncw.azurecr.io/tourmate-backend:latest
2026-07-10T06:43:53.069Z INFO  - latest Pulling from tourmate-backend
2026-07-10T06:43:53.110Z INFO  -  
2026-07-10T06:43:53.113Z ERROR - no matching manifest for linux/amd64 in the manifest list entriesErr: 0, Message: no matching manifest for linux/amd64 in the manifest list entries
2026-07-10T06:43:53.150Z INFO  - Pull Image failed, Time taken: 1 Seconds
2026-07-10T06:43:53.168Z ERROR - Pulling docker image tourmateacru42eqvqvidncw.azurecr.io/tourmate-backend:latest failed:
2026-07-10T06:43:54.970Z ERROR - DockerApiException: Docker API responded with status code=InternalServerError, response={"message":"Head \"https://tourmateacru42eqvqvidncw.azurecr.io/v2/tourmate-backend/manifests/latest\": unauthorized: {\"errors\":[{\"code\":\"UNAUTHORIZED\",\"message\":\"authentication required, visit https://aka.ms/acr/authorization for more information. CorrelationId: 9c680461-b456-48ec-8932-ea1af4ddfa6a\"}]}"}

2026-07-10T06:43:54.989Z WARN  - Image pull failed. Defaulting to local copy if present.
2026-07-10T06:43:55.058Z ERROR - Image pull failed: Verify docker image configuration and credentials (if using private repository)
2026-07-10T06:44:02.738Z INFO  - Stopping site tourmate-api-u42eqvqvidncw because it failed during startup.
2026-07-10T06:46:28.057Z INFO  - Pulling image: mcr.microsoft.com/appsvc/msitokenservice:stage5
2026-07-10T06:46:31.498Z INFO  - stage5 Pulling from appsvc/msitokenservice
2026-07-10T06:46:32.698Z INFO  -  Digest: sha256:94283336279deeb9d466937f625410a8e2a093eda3e2a9936573b0c6bb16ba59
2026-07-10T06:46:32.717Z INFO  -  Status: Image is up to date for mcr.microsoft.com/appsvc/msitokenservice:stage5
2026-07-10T06:46:33.049Z INFO  - Pull Image successful, Time taken: 4 Seconds
2026-07-10T06:46:34.675Z INFO  - Starting container for site
2026-07-10T06:46:34.683Z INFO  - docker run -d --expose=8081 --name tourmate-api-u42eqvqvidncw_0_3009e19e_msiProxy -e WEBSITE_ROLE_INSTANCE_ID=0 -e WEBSITE_HOSTNAME=tourmate-api-u42eqvqvidncw.azurewebsites.net -e WEBSITE_INSTANCE_ID=0b9e3e2ce3cd6d35dcf52cbbfd6319a41b34d6f582e51a0e93d9a768ce270dab mcr.microsoft.com/appsvc/msitokenservice:stage5 
2026-07-10T06:46:34.684Z INFO  - Logging is not enabled for this container.
Please use https://aka.ms/linux-diagnostics to enable logging to see container logs here.
2026-07-10T06:47:11.521Z INFO  - Pulling image: tourmateacru42eqvqvidncw.azurecr.io/tourmate-backend:latest
2026-07-10T06:47:15.914Z INFO  - latest Pulling from tourmate-backend
2026-07-10T06:47:16.024Z INFO  -  
2026-07-10T06:47:16.083Z ERROR - no matching manifest for linux/amd64 in the manifest list entriesErr: 0, Message: no matching manifest for linux/amd64 in the manifest list entries
2026-07-10T06:47:16.095Z INFO  - Pull Image failed, Time taken: 4 Seconds
2026-07-10T06:47:16.107Z ERROR - Pulling docker image tourmateacru42eqvqvidncw.azurecr.io/tourmate-backend:latest failed:
2026-07-10T06:47:16.959Z ERROR - DockerApiException: Docker API responded with status code=InternalServerError, response={"message":"Head \"https://tourmateacru42eqvqvidncw.azurecr.io/v2/tourmate-backend/manifests/latest\": unauthorized: {\"errors\":[{\"code\":\"UNAUTHORIZED\",\"message\":\"authentication required, visit https://aka.ms/acr/authorization for more information. CorrelationId: df68a486-9f05-4ec8-8110-bd194d690deb\"}]}"}

2026-07-10T06:47:17.017Z WARN  - Image pull failed. Defaulting to local copy if present.
2026-07-10T06:47:17.086Z ERROR - Image pull failed: Verify docker image configuration and credentials (if using private repository)
2026-07-10T06:47:26.588Z INFO  - Stopping site tourmate-api-u42eqvqvidncw because it failed during startup.
2026-07-10T06:57:33.036Z INFO  - Pulling image: mcr.microsoft.com/appsvc/msitokenservice:stage5
2026-07-10T06:57:35.159Z INFO  - stage5 Pulling from appsvc/msitokenservice
2026-07-10T06:57:35.440Z INFO  -  Digest: sha256:94283336279deeb9d466937f625410a8e2a093eda3e2a9936573b0c6bb16ba59
2026-07-10T06:57:35.449Z INFO  -  Status: Image is up to date for mcr.microsoft.com/appsvc/msitokenservice:stage5
2026-07-10T06:57:35.561Z INFO  - Pull Image successful, Time taken: 2 Seconds
2026-07-10T06:57:35.781Z INFO  - Starting container for site
2026-07-10T06:57:35.782Z INFO  - docker run -d --expose=8081 --name tourmate-api-u42eqvqvidncw_0_99cea005_msiProxy -e WEBSITE_ROLE_INSTANCE_ID=0 -e WEBSITE_HOSTNAME=tourmate-api-u42eqvqvidncw.azurewebsites.net -e WEBSITE_INSTANCE_ID=0b9e3e2ce3cd6d35dcf52cbbfd6319a41b34d6f582e51a0e93d9a768ce270dab -e HTTP_LOGGING_ENABLED=1 mcr.microsoft.com/appsvc/msitokenservice:stage5 
2026-07-10T06:58:04.833Z INFO  - Pulling image: tourmateacru42eqvqvidncw.azurecr.io/tourmate-backend:latest
2026-07-10T06:58:05.877Z INFO  - latest Pulling from tourmate-backend
2026-07-10T06:58:05.935Z INFO  - 44e5fefee415 Pulling fs layer
2026-07-10T06:58:05.937Z INFO  - a10fc6bd1045 Pulling fs layer
2026-07-10T06:58:05.978Z INFO  - d4a653bde021 Pulling fs layer
2026-07-10T06:58:06.015Z INFO  - 41055cb5e9c1 Pulling fs layer
2026-07-10T06:58:06.016Z INFO  - 7c45f8d6397c Pulling fs layer
2026-07-10T06:58:06.025Z INFO  - 4836098c2553 Pulling fs layer
2026-07-10T06:58:06.026Z INFO  - bc3aa3d93a42 Pulling fs layer
2026-07-10T06:58:06.027Z INFO  - a3b16a272b7e Pulling fs layer
2026-07-10T06:58:06.952Z INFO  - 7c45f8d6397c Downloading 165B / 165B
2026-07-10T06:58:06.971Z INFO  - 7c45f8d6397c Verifying Checksum
2026-07-10T06:58:06.973Z INFO  - 7c45f8d6397c Download complete
2026-07-10T06:58:06.981Z INFO  - d4a653bde021 Downloading 3KB / 3KB
2026-07-10T06:58:06.991Z INFO  - d4a653bde021 Downloading 3KB / 3KB
2026-07-10T06:58:06.992Z INFO  - d4a653bde021 Verifying Checksum
2026-07-10T06:58:06.992Z INFO  - d4a653bde021 Download complete
2026-07-10T06:58:06.993Z INFO  - a10fc6bd1045 Downloading 383KB / 17MB
2026-07-10T06:58:07.194Z INFO  - a3b16a272b7e Downloading 527KB / 65MB
2026-07-10T06:58:07.617Z INFO  - 4836098c2553 Downloading 447KB / 10MB
2026-07-10T06:58:07.635Z INFO  - bc3aa3d93a42 Downloading 92B / 92B
2026-07-10T06:58:07.636Z INFO  - bc3aa3d93a42 Verifying Checksum
2026-07-10T06:58:07.655Z INFO  - bc3aa3d93a42 Download complete
2026-07-10T06:58:07.657Z INFO  - a10fc6bd1045 Downloading 1MB / 17MB
2026-07-10T06:58:07.657Z INFO  - 44e5fefee415 Downloading 575KB / 27MB
2026-07-10T06:58:07.687Z INFO  - 4836098c2553 Downloading 895KB / 10MB
2026-07-10T06:58:07.758Z INFO  - 41055cb5e9c1 Downloading 1MB / 30MB
2026-07-10T06:58:07.775Z INFO  - a3b16a272b7e Downloading 1MB / 65MB
2026-07-10T06:58:07.906Z INFO  - 4836098c2553 Downloading 1MB / 10MB
2026-07-10T06:58:07.998Z INFO  - 44e5fefee415 Downloading 1MB / 27MB
2026-07-10T06:58:07.999Z INFO  - 41055cb5e9c1 Downloading 2MB / 30MB
2026-07-10T06:58:08.017Z INFO  - a10fc6bd1045 Downloading 2MB / 17MB
2026-07-10T06:58:08.018Z INFO  - 41055cb5e9c1 Downloading 3MB / 30MB
2026-07-10T06:58:08.019Z INFO  - 44e5fefee415 Downloading 2MB / 27MB
2026-07-10T06:58:08.087Z INFO  - a3b16a272b7e Downloading 3MB / 65MB
2026-07-10T06:58:08.150Z INFO  - 41055cb5e9c1 Downloading 4MB / 30MB
2026-07-10T06:58:08.168Z INFO  - a10fc6bd1045 Downloading 4MB / 17MB
2026-07-10T06:58:08.190Z INFO  - 41055cb5e9c1 Downloading 5MB / 30MB
2026-07-10T06:58:08.291Z INFO  - 4836098c2553 Downloading 2MB / 10MB
2026-07-10T06:58:08.319Z INFO  - a10fc6bd1045 Downloading 5MB / 17MB
2026-07-10T06:58:08.329Z INFO  - a3b16a272b7e Downloading 4MB / 65MB
2026-07-10T06:58:08.330Z INFO  - 44e5fefee415 Downloading 2MB / 27MB
2026-07-10T06:58:08.360Z INFO  - 41055cb5e9c1 Downloading 5MB / 30MB
2026-07-10T06:58:08.369Z INFO  - a10fc6bd1045 Downloading 6MB / 17MB
2026-07-10T06:58:08.429Z INFO  - 4836098c2553 Downloading 3MB / 10MB
2026-07-10T06:58:08.450Z INFO  - 44e5fefee415 Downloading 3MB / 27MB
2026-07-10T06:58:08.472Z INFO  - a10fc6bd1045 Downloading 6MB / 17MB
2026-07-10T06:58:08.551Z INFO  - 4836098c2553 Downloading 3MB / 10MB
2026-07-10T06:58:08.682Z INFO  - 4836098c2553 Downloading 4MB / 10MB
2026-07-10T06:58:08.724Z INFO  - 44e5fefee415 Downloading 3MB / 27MB
2026-07-10T06:58:08.753Z INFO  - a3b16a272b7e Downloading 6MB / 65MB
2026-07-10T06:58:08.932Z INFO  - a10fc6bd1045 Downloading 8MB / 17MB
2026-07-10T06:58:08.972Z INFO  - a3b16a272b7e Downloading 7MB / 65MB
2026-07-10T06:58:09.012Z INFO  - 41055cb5e9c1 Downloading 8MB / 30MB
2026-07-10T06:58:09.072Z INFO  - 44e5fefee415 Downloading 5MB / 27MB
2026-07-10T06:58:09.133Z INFO  - a10fc6bd1045 Downloading 9MB / 17MB
2026-07-10T06:58:09.231Z INFO  - 4836098c2553 Downloading 7MB / 10MB
2026-07-10T06:58:09.292Z INFO  - 44e5fefee415 Downloading 6MB / 27MB
2026-07-10T06:58:09.433Z INFO  - a10fc6bd1045 Downloading 10MB / 17MB
2026-07-10T06:58:09.596Z INFO  - 44e5fefee415 Downloading 8MB / 27MB
2026-07-10T06:58:09.616Z INFO  - a10fc6bd1045 Downloading 11MB / 17MB
2026-07-10T06:58:09.634Z INFO  - 4836098c2553 Downloading 9MB / 10MB
2026-07-10T06:58:09.705Z INFO  - a10fc6bd1045 Downloading 11MB / 17MB
2026-07-10T06:58:09.745Z INFO  - 41055cb5e9c1 Downloading 12MB / 30MB
2026-07-10T06:58:09.746Z INFO  - 4836098c2553 Verifying Checksum
2026-07-10T06:58:09.747Z INFO  - 4836098c2553 Download complete
2026-07-10T06:58:09.846Z INFO  - 41055cb5e9c1 Downloading 13MB / 30MB
2026-07-10T06:58:09.865Z INFO  - 44e5fefee415 Downloading 11MB / 27MB
2026-07-10T06:58:09.866Z INFO  - a3b16a272b7e Downloading 12MB / 65MB
2026-07-10T06:58:10.068Z INFO  - a10fc6bd1045 Downloading 13MB / 17MB
2026-07-10T06:58:10.268Z INFO  - a10fc6bd1045 Downloading 14MB / 17MB
2026-07-10T06:58:10.388Z INFO  - 41055cb5e9c1 Downloading 15MB / 30MB
2026-07-10T06:58:10.499Z INFO  - 44e5fefee415 Downloading 15MB / 27MB
2026-07-10T06:58:10.541Z INFO  - a10fc6bd1045 Downloading 15MB / 17MB
2026-07-10T06:58:10.629Z INFO  - 44e5fefee415 Downloading 15MB / 27MB
2026-07-10T06:58:10.630Z INFO  - a10fc6bd1045 Downloading 15MB / 17MB
2026-07-10T06:58:10.650Z INFO  - 41055cb5e9c1 Downloading 16MB / 30MB
2026-07-10T06:58:10.659Z INFO  - a3b16a272b7e Downloading 15MB / 65MB
2026-07-10T06:58:10.722Z INFO  - a10fc6bd1045 Downloading 16MB / 17MB
2026-07-10T06:58:10.770Z INFO  - a3b16a272b7e Downloading 16MB / 65MB
2026-07-10T06:58:10.781Z INFO  - 44e5fefee415 Downloading 16MB / 27MB
2026-07-10T06:58:10.791Z INFO  - 41055cb5e9c1 Downloading 16MB / 30MB
2026-07-10T06:58:10.821Z INFO  - a10fc6bd1045 Downloading 17MB / 17MB
2026-07-10T06:58:11.003Z INFO  - a10fc6bd1045 Verifying Checksum
2026-07-10T06:58:11.022Z INFO  - a10fc6bd1045 Download complete
2026-07-10T06:58:11.081Z INFO  - 44e5fefee415 Downloading 17MB / 27MB
2026-07-10T06:58:11.083Z INFO  - 41055cb5e9c1 Downloading 17MB / 30MB
2026-07-10T06:58:11.165Z INFO  - 44e5fefee415 Downloading 18MB / 27MB
2026-07-10T06:58:11.174Z INFO  - a3b16a272b7e Downloading 20MB / 65MB
2026-07-10T06:58:11.263Z INFO  - 44e5fefee415 Downloading 20MB / 27MB
2026-07-10T06:58:11.334Z INFO  - a3b16a272b7e Downloading 21MB / 65MB
2026-07-10T06:58:11.375Z INFO  - 44e5fefee415 Downloading 23MB / 27MB
2026-07-10T06:58:11.455Z INFO  - a3b16a272b7e Downloading 22MB / 65MB
2026-07-10T06:58:11.477Z INFO  - 44e5fefee415 Downloading 24MB / 27MB
2026-07-10T06:58:11.707Z INFO  - 44e5fefee415 Downloading 25MB / 27MB
2026-07-10T06:58:11.755Z INFO  - 41055cb5e9c1 Downloading 24MB / 30MB
2026-07-10T06:58:11.858Z INFO  - 44e5fefee415 Downloading 27MB / 27MB
2026-07-10T06:58:11.876Z INFO  - a3b16a272b7e Downloading 25MB / 65MB
2026-07-10T06:58:11.878Z INFO  - 44e5fefee415 Verifying Checksum
2026-07-10T06:58:11.896Z INFO  - 44e5fefee415 Download complete
2026-07-10T06:58:11.927Z INFO  - 41055cb5e9c1 Downloading 25MB / 30MB
2026-07-10T06:58:12.086Z INFO  - a3b16a272b7e Downloading 27MB / 65MB
2026-07-10T06:58:12.477Z INFO  - 41055cb5e9c1 Downloading 28MB / 30MB
2026-07-10T06:58:12.591Z INFO  - a3b16a272b7e Downloading 29MB / 65MB
2026-07-10T06:58:12.641Z INFO  - a3b16a272b7e Downloading 30MB / 65MB
2026-07-10T06:58:12.650Z INFO  - 41055cb5e9c1 Downloading 29MB / 30MB
2026-07-10T06:58:12.863Z INFO  - a3b16a272b7e Downloading 30MB / 65MB
2026-07-10T06:58:12.891Z INFO  - 41055cb5e9c1 Verifying Checksum
2026-07-10T06:58:12.894Z INFO  - 41055cb5e9c1 Download complete
2026-07-10T06:58:13.203Z INFO  - 44e5fefee415 Extracting 1MB / 27MB
2026-07-10T06:58:13.413Z INFO  - a3b16a272b7e Downloading 37MB / 65MB
2026-07-10T06:58:13.525Z INFO  - a3b16a272b7e Downloading 38MB / 65MB
2026-07-10T06:58:13.946Z INFO  - a3b16a272b7e Downloading 39MB / 65MB
2026-07-10T06:58:14.067Z INFO  - a3b16a272b7e Downloading 40MB / 65MB
2026-07-10T06:58:14.259Z INFO  - a3b16a272b7e Downloading 41MB / 65MB
2026-07-10T06:58:14.521Z INFO  - 44e5fefee415 Extracting 6MB / 27MB
2026-07-10T06:58:14.691Z INFO  - 44e5fefee415 Extracting 8MB / 27MB
2026-07-10T06:58:14.723Z INFO  - a3b16a272b7e Downloading 42MB / 65MB
2026-07-10T06:58:14.822Z INFO  - 44e5fefee415 Extracting 9MB / 27MB
2026-07-10T06:58:15.183Z INFO  - a3b16a272b7e Downloading 45MB / 65MB
2026-07-10T06:58:15.284Z INFO  - 44e5fefee415 Extracting 10MB / 27MB
2026-07-10T06:58:15.324Z INFO  - 44e5fefee415 Extracting 10MB / 27MB
2026-07-10T06:58:15.505Z INFO  - a3b16a272b7e Downloading 46MB / 65MB
2026-07-10T06:58:15.845Z INFO  - a3b16a272b7e Downloading 47MB / 65MB
2026-07-10T06:58:15.956Z INFO  - 44e5fefee415 Extracting 13MB / 27MB
2026-07-10T06:58:16.096Z INFO  - a3b16a272b7e Downloading 52MB / 65MB
2026-07-10T06:58:16.528Z INFO  - 44e5fefee415 Extracting 15MB / 27MB
2026-07-10T06:58:16.624Z INFO  - a3b16a272b7e Downloading 58MB / 65MB
2026-07-10T06:58:16.724Z INFO  - a3b16a272b7e Downloading 59MB / 65MB
2026-07-10T06:58:16.876Z INFO  - a3b16a272b7e Downloading 60MB / 65MB
2026-07-10T06:58:17.088Z INFO  - a3b16a272b7e Downloading 63MB / 65MB
2026-07-10T06:58:17.227Z INFO  - a3b16a272b7e Downloading 63MB / 65MB
2026-07-10T06:58:17.247Z INFO  - 44e5fefee415 Extracting 18MB / 27MB
2026-07-10T06:58:17.379Z INFO  - 44e5fefee415 Extracting 19MB / 27MB
2026-07-10T06:58:17.388Z INFO  - a3b16a272b7e Verifying Checksum
2026-07-10T06:58:17.389Z INFO  - a3b16a272b7e Download complete
2026-07-10T06:58:18.635Z INFO  - 44e5fefee415 Extracting 23MB / 27MB
2026-07-10T06:58:19.199Z INFO  - 44e5fefee415 Extracting 23MB / 27MB
2026-07-10T06:58:19.321Z INFO  - 44e5fefee415 Extracting 24MB / 27MB
2026-07-10T06:58:19.432Z INFO  - 44e5fefee415 Extracting 25MB / 27MB
2026-07-10T06:58:19.742Z INFO  - 44e5fefee415 Extracting 26MB / 27MB
2026-07-10T06:58:20.425Z INFO  - 44e5fefee415 Extracting 26MB / 27MB
2026-07-10T06:58:21.019Z INFO  - 44e5fefee415 Extracting 27MB / 27MB
2026-07-10T06:58:22.022Z INFO  - 44e5fefee415 Extracting 27MB / 27MB
2026-07-10T06:58:22.045Z INFO  - 44e5fefee415 Pull complete
2026-07-10T06:58:23.658Z INFO  - a10fc6bd1045 Extracting 384KB / 17MB
2026-07-10T06:58:23.941Z INFO  - a10fc6bd1045 Extracting 768KB / 17MB
2026-07-10T06:58:24.160Z INFO  - a10fc6bd1045 Extracting 1MB / 17MB
2026-07-10T06:58:24.473Z INFO  - a10fc6bd1045 Extracting 1MB / 17MB
2026-07-10T06:58:24.764Z INFO  - a10fc6bd1045 Extracting 2MB / 17MB
2026-07-10T06:58:24.923Z INFO  - a10fc6bd1045 Extracting 2MB / 17MB
2026-07-10T06:58:25.969Z INFO  - a10fc6bd1045 Extracting 8MB / 17MB
2026-07-10T06:58:26.745Z INFO  - a10fc6bd1045 Extracting 14MB / 17MB
2026-07-10T06:58:27.077Z INFO  - a10fc6bd1045 Extracting 16MB / 17MB
2026-07-10T06:58:27.376Z INFO  - a10fc6bd1045 Extracting 17MB / 17MB
2026-07-10T06:58:27.485Z INFO  - a10fc6bd1045 Pull complete
2026-07-10T06:58:27.494Z INFO  - d4a653bde021 Extracting 3KB / 3KB
2026-07-10T06:58:27.566Z INFO  - d4a653bde021 Extracting 3KB / 3KB
2026-07-10T06:58:27.677Z INFO  - d4a653bde021 Pull complete
2026-07-10T06:58:28.180Z INFO  - 41055cb5e9c1 Extracting 1MB / 30MB
2026-07-10T06:58:28.188Z INFO  - 41055cb5e9c1 Extracting 2MB / 30MB
2026-07-10T06:58:29.105Z INFO  - 41055cb5e9c1 Extracting 6MB / 30MB
2026-07-10T06:58:29.325Z INFO  - 41055cb5e9c1 Extracting 8MB / 30MB
2026-07-10T06:58:29.333Z INFO  - 41055cb5e9c1 Extracting 8MB / 30MB
2026-07-10T06:58:29.788Z INFO  - 41055cb5e9c1 Extracting 10MB / 30MB
2026-07-10T06:58:30.208Z INFO  - 41055cb5e9c1 Extracting 13MB / 30MB
2026-07-10T06:58:30.210Z INFO  - 41055cb5e9c1 Extracting 14MB / 30MB
2026-07-10T06:58:32.386Z INFO  - 41055cb5e9c1 Extracting 29MB / 30MB
2026-07-10T06:58:32.607Z INFO  - 41055cb5e9c1 Extracting 30MB / 30MB
2026-07-10T06:58:32.708Z INFO  - 41055cb5e9c1 Pull complete
2026-07-10T06:58:32.717Z INFO  - 7c45f8d6397c Extracting 165B / 165B
2026-07-10T06:58:32.777Z INFO  - 7c45f8d6397c Extracting 165B / 165B
2026-07-10T06:58:32.918Z INFO  - 7c45f8d6397c Pull complete
2026-07-10T06:58:33.300Z INFO  - 4836098c2553 Extracting 1MB / 10MB
2026-07-10T06:58:33.492Z INFO  - 4836098c2553 Extracting 3MB / 10MB
2026-07-10T06:58:34.165Z INFO  - 4836098c2553 Extracting 6MB / 10MB
2026-07-10T06:58:34.276Z INFO  - 4836098c2553 Extracting 6MB / 10MB
2026-07-10T06:58:34.537Z INFO  - 4836098c2553 Extracting 7MB / 10MB
2026-07-10T06:58:35.131Z INFO  - 4836098c2553 Extracting 10MB / 10MB
2026-07-10T06:58:35.191Z INFO  - 4836098c2553 Extracting 10MB / 10MB
2026-07-10T06:58:35.270Z INFO  - 4836098c2553 Pull complete
2026-07-10T06:58:35.280Z INFO  - bc3aa3d93a42 Extracting 92B / 92B
2026-07-10T06:58:35.302Z INFO  - bc3aa3d93a42 Extracting 92B / 92B
2026-07-10T06:58:35.423Z INFO  - bc3aa3d93a42 Pull complete
2026-07-10T06:58:35.636Z INFO  - a3b16a272b7e Extracting 544KB / 65MB
2026-07-10T06:58:35.764Z INFO  - a3b16a272b7e Extracting 1MB / 65MB
2026-07-10T06:58:35.865Z INFO  - a3b16a272b7e Extracting 3MB / 65MB
2026-07-10T06:58:35.998Z INFO  - a3b16a272b7e Extracting 4MB / 65MB
2026-07-10T06:58:36.127Z INFO  - a3b16a272b7e Extracting 5MB / 65MB
2026-07-10T06:58:36.869Z INFO  - a3b16a272b7e Extracting 8MB / 65MB
2026-07-10T06:58:37.119Z INFO  - a3b16a272b7e Extracting 10MB / 65MB
2026-07-10T06:58:37.494Z INFO  - a3b16a272b7e Extracting 13MB / 65MB
2026-07-10T06:58:38.286Z INFO  - a3b16a272b7e Extracting 17MB / 65MB
2026-07-10T06:58:38.698Z INFO  - a3b16a272b7e Extracting 20MB / 65MB
2026-07-10T06:58:38.818Z INFO  - a3b16a272b7e Extracting 21MB / 65MB
2026-07-10T06:58:39.102Z INFO  - a3b16a272b7e Extracting 22MB / 65MB
2026-07-10T06:58:40.178Z INFO  - a3b16a272b7e Extracting 29MB / 65MB
2026-07-10T06:58:40.609Z INFO  - a3b16a272b7e Extracting 31MB / 65MB
2026-07-10T06:58:40.803Z INFO  - a3b16a272b7e Extracting 34MB / 65MB
2026-07-10T06:58:41.395Z INFO  - a3b16a272b7e Extracting 38MB / 65MB
2026-07-10T06:58:41.564Z INFO  - a3b16a272b7e Extracting 39MB / 65MB
2026-07-10T06:58:42.160Z INFO  - a3b16a272b7e Extracting 44MB / 65MB
2026-07-10T06:58:42.490Z INFO  - a3b16a272b7e Extracting 46MB / 65MB
2026-07-10T06:58:43.084Z INFO  - a3b16a272b7e Extracting 51MB / 65MB
2026-07-10T06:58:43.134Z INFO  - a3b16a272b7e Extracting 53MB / 65MB
2026-07-10T06:58:43.292Z INFO  - a3b16a272b7e Extracting 54MB / 65MB
2026-07-10T06:58:43.444Z INFO  - a3b16a272b7e Extracting 55MB / 65MB
2026-07-10T06:58:44.139Z INFO  - a3b16a272b7e Extracting 63MB / 65MB
2026-07-10T06:58:44.420Z INFO  - a3b16a272b7e Extracting 65MB / 65MB
2026-07-10T06:58:44.820Z INFO  - a3b16a272b7e Pull complete
2026-07-10T06:58:45.092Z INFO  -  Digest: sha256:27fbb9c941eda9080795aa14cb96566f6d5b5eeea62a384f0c581e2de52808a8
2026-07-10T06:58:45.169Z INFO  -  Status: Downloaded newer image for tourmateacru42eqvqvidncw.azurecr.io/tourmate-backend:latest
2026-07-10T06:58:45.235Z INFO  - Pull Image successful, Time taken: 40 Seconds
2026-07-10T06:58:45.352Z INFO  - Starting container for site
2026-07-10T06:58:45.354Z INFO  - docker run -d --expose=8080 --name tourmate-api-u42eqvqvidncw_0_99cea005 -e WEBSITE_USE_DIAGNOSTIC_SERVER=false -e WEBSITES_PORT=8080 -e WEBSITES_ENABLE_APP_SERVICE_STORAGE=false -e WEBSITE_SITE_NAME=tourmate-api-u42eqvqvidncw -e WEBSITE_AUTH_ENABLED=False -e WEBSITE_ROLE_INSTANCE_ID=0 -e WEBSITE_HOSTNAME=tourmate-api-u42eqvqvidncw.azurewebsites.net -e WEBSITE_INSTANCE_ID=0b9e3e2ce3cd6d35dcf52cbbfd6319a41b34d6f582e51a0e93d9a768ce270dab -e HTTP_LOGGING_ENABLED=1 tourmateacru42eqvqvidncw.azurecr.io/tourmate-backend:latest 
2026-07-10T06:58:48.845Z INFO  - Initiating warmup request to container tourmate-api-u42eqvqvidncw_0_99cea005_msiProxy for site tourmate-api-u42eqvqvidncw
2026-07-10T06:58:49.251Z INFO  - Container tourmate-api-u42eqvqvidncw_0_99cea005_msiProxy for site tourmate-api-u42eqvqvidncw initialized successfully and is ready to serve requests.
2026-07-10T06:58:49.269Z INFO  - Initiating warmup request to container tourmate-api-u42eqvqvidncw_0_99cea005 for site tourmate-api-u42eqvqvidncw
2026-07-10T06:58:54.451Z INFO  - Container tourmate-api-u42eqvqvidncw_0_99cea005 for site tourmate-api-u42eqvqvidncw initialized successfully and is ready to serve requests.
2026-07-10T06:59:37.974Z INFO  - Pulling image: mcr.microsoft.com/appsvc/msitokenservice:stage5
2026-07-10T06:59:39.101Z INFO  - stage5 Pulling from appsvc/msitokenservice
2026-07-10T06:59:39.219Z INFO  -  Digest: sha256:94283336279deeb9d466937f625410a8e2a093eda3e2a9936573b0c6bb16ba59
2026-07-10T06:59:39.227Z INFO  -  Status: Image is up to date for mcr.microsoft.com/appsvc/msitokenservice:stage5
2026-07-10T06:59:39.299Z INFO  - Pull Image successful, Time taken: 1 Seconds
2026-07-10T06:59:39.590Z INFO  - Starting container for site
2026-07-10T06:59:39.630Z INFO  - docker run -d --expose=8081 --name tourmate-api-u42eqvqvidncw_1_0f7151bd_msiProxy -e WEBSITE_ROLE_INSTANCE_ID=0 -e WEBSITE_HOSTNAME=tourmate-api-u42eqvqvidncw.azurewebsites.net -e WEBSITE_INSTANCE_ID=0b9e3e2ce3cd6d35dcf52cbbfd6319a41b34d6f582e51a0e93d9a768ce270dab -e HTTP_LOGGING_ENABLED=1 mcr.microsoft.com/appsvc/msitokenservice:stage5 
2026-07-10T07:00:18.833Z INFO  - Pulling image: tourmateacru42eqvqvidncw.azurecr.io/tourmate-backend:latest
2026-07-10T07:00:19.076Z INFO  - latest Pulling from tourmate-backend
2026-07-10T07:00:19.087Z INFO  -  Digest: sha256:27fbb9c941eda9080795aa14cb96566f6d5b5eeea62a384f0c581e2de52808a8
2026-07-10T07:00:19.088Z INFO  -  Status: Image is up to date for tourmateacru42eqvqvidncw.azurecr.io/tourmate-backend:latest
2026-07-10T07:00:19.108Z INFO  - Pull Image successful, Time taken: 0 Seconds
2026-07-10T07:00:19.158Z INFO  - Starting container for site
2026-07-10T07:00:19.160Z INFO  - docker run -d --expose=8080 --name tourmate-api-u42eqvqvidncw_1_0f7151bd -e WEBSITE_USE_DIAGNOSTIC_SERVER=false -e WEBSITES_PORT=8080 -e WEBSITES_ENABLE_APP_SERVICE_STORAGE=false -e WEBSITE_SITE_NAME=tourmate-api-u42eqvqvidncw -e WEBSITE_AUTH_ENABLED=False -e WEBSITE_ROLE_INSTANCE_ID=0 -e WEBSITE_HOSTNAME=tourmate-api-u42eqvqvidncw.azurewebsites.net -e WEBSITE_INSTANCE_ID=0b9e3e2ce3cd6d35dcf52cbbfd6319a41b34d6f582e51a0e93d9a768ce270dab -e HTTP_LOGGING_ENABLED=1 tourmateacru42eqvqvidncw.azurecr.io/tourmate-backend:latest 
2026-07-10T07:00:22.113Z INFO  - Initiating warmup request to container tourmate-api-u42eqvqvidncw_1_0f7151bd_msiProxy for site tourmate-api-u42eqvqvidncw
2026-07-10T07:00:22.212Z INFO  - Container tourmate-api-u42eqvqvidncw_1_0f7151bd_msiProxy for site tourmate-api-u42eqvqvidncw initialized successfully and is ready to serve requests.
2026-07-10T07:00:22.213Z INFO  - Initiating warmup request to container tourmate-api-u42eqvqvidncw_1_0f7151bd for site tourmate-api-u42eqvqvidncw
2026-07-10T07:00:33.090Z INFO  - Container tourmate-api-u42eqvqvidncw_1_0f7151bd for site tourmate-api-u42eqvqvidncw initialized successfully and is ready to serve requests.
2026-07-10T07:00:38.961Z INFO  - Pulling image: mcr.microsoft.com/appsvc/msitokenservice:stage5
2026-07-10T07:00:40.001Z INFO  - stage5 Pulling from appsvc/msitokenservice
2026-07-10T07:00:40.113Z INFO  -  Digest: sha256:94283336279deeb9d466937f625410a8e2a093eda3e2a9936573b0c6bb16ba59
2026-07-10T07:00:40.132Z INFO  -  Status: Image is up to date for mcr.microsoft.com/appsvc/msitokenservice:stage5
2026-07-10T07:00:40.191Z INFO  - Pull Image successful, Time taken: 1 Seconds
2026-07-10T07:00:40.353Z INFO  - Starting container for site
2026-07-10T07:00:40.362Z INFO  - docker run -d --expose=8081 --name tourmate-api-u42eqvqvidncw_2_10e05344_msiProxy -e WEBSITE_ROLE_INSTANCE_ID=0 -e WEBSITE_HOSTNAME=tourmate-api-u42eqvqvidncw.azurewebsites.net -e WEBSITE_INSTANCE_ID=0b9e3e2ce3cd6d35dcf52cbbfd6319a41b34d6f582e51a0e93d9a768ce270dab -e HTTP_LOGGING_ENABLED=1 mcr.microsoft.com/appsvc/msitokenservice:stage5 
2026-07-10T07:01:44.481Z INFO  - Pulling image: tourmateacru42eqvqvidncw.azurecr.io/tourmate-backend:latest
2026-07-10T07:01:44.902Z INFO  - latest Pulling from tourmate-backend
2026-07-10T07:01:44.943Z INFO  -  Digest: sha256:27fbb9c941eda9080795aa14cb96566f6d5b5eeea62a384f0c581e2de52808a8
2026-07-10T07:01:44.960Z INFO  -  Status: Image is up to date for tourmateacru42eqvqvidncw.azurecr.io/tourmate-backend:latest
2026-07-10T07:01:45.068Z INFO  - Pull Image successful, Time taken: 0 Seconds
2026-07-10T07:01:45.177Z INFO  - Starting container for site
2026-07-10T07:01:45.178Z INFO  - docker run -d --expose=8080 --name tourmate-api-u42eqvqvidncw_2_10e05344 -e WEBSITE_USE_DIAGNOSTIC_SERVER=false -e WEBSITES_PORT=8080 -e WEBSITES_ENABLE_APP_SERVICE_STORAGE=false -e WEBSITE_SITE_NAME=tourmate-api-u42eqvqvidncw -e WEBSITE_AUTH_ENABLED=False -e WEBSITE_ROLE_INSTANCE_ID=0 -e WEBSITE_HOSTNAME=tourmate-api-u42eqvqvidncw.azurewebsites.net -e WEBSITE_INSTANCE_ID=0b9e3e2ce3cd6d35dcf52cbbfd6319a41b34d6f582e51a0e93d9a768ce270dab -e HTTP_LOGGING_ENABLED=1 tourmateacru42eqvqvidncw.azurecr.io/tourmate-backend:latest 
2026-07-10T07:01:58.352Z INFO  - Initiating warmup request to container tourmate-api-u42eqvqvidncw_2_10e05344_msiProxy for site tourmate-api-u42eqvqvidncw
2026-07-10T07:01:58.613Z INFO  - Container tourmate-api-u42eqvqvidncw_2_10e05344_msiProxy for site tourmate-api-u42eqvqvidncw initialized successfully and is ready to serve requests.
2026-07-10T07:01:58.614Z INFO  - Initiating warmup request to container tourmate-api-u42eqvqvidncw_2_10e05344 for site tourmate-api-u42eqvqvidncw
2026-07-10T07:02:24.599Z INFO  - Container tourmate-api-u42eqvqvidncw_2_10e05344 for site tourmate-api-u42eqvqvidncw initialized successfully and is ready to serve requests.
2026-07-10T07:02:34.3814198Z Image tourmateacru42eqvqvidncw.azurecr.io/tourmate-backend:latest is pulled from registry tourmateacru42eqvqvidncw.azurecr.io
2026-07-10T07:02:34.4013542Z Container is starting.
2026-07-10T07:02:34.4625554Z State: Starting, Action: MountingVolumes, LastError: , LastErrorTimestamp: 01/01/0001 00:00:00, LastErrorDetails: , Details: Mounting volumes for tourmate-api-u42eqvqvidncw., DetailsLevel: INFO
2026-07-10T07:02:34.4631004Z Establishing user namespace if not established already.
2026-07-10T07:02:34.5145140Z Establishing network if not established already.
2026-07-10T07:02:34.5923495Z Mounting volumes.
2026-07-10T07:02:34.6217934Z Nested mountpoint volatile/logs
2026-07-10T07:02:34.6948368Z Nested mountpoint 
2026-07-10T07:02:34.9852193Z Nested mountpoint 
2026-07-10T07:02:35.2344757Z State: Starting, Action: CreatingContainer, LastError: , LastErrorTimestamp: 01/01/0001 00:00:00, LastErrorDetails: , Details: Finished pulling container image and mounting volumes for tourmate-api-u42eqvqvidncw. Allocatinng the rest of the container resources to finish container creation., DetailsLevel: INFO
2026-07-10T07:02:35.2352826Z Creating container.
2026-07-10T07:02:35.2373679Z Creating pipes for streaming container io.
2026-07-10T07:02:35.2375165Z Creating stdout named pipe at /podr/container/pipe/ae9ad87eabfb_tourmate-api-u42eqvqvidncw/stdout_dc5fd415bc5f4a6b84a363637e95ecb5.
2026-07-10T07:02:35.2465311Z Successfully created stdout named pipe at: /podr/container/pipe/ae9ad87eabfb_tourmate-api-u42eqvqvidncw/stdout_dc5fd415bc5f4a6b84a363637e95ecb5.
2026-07-10T07:02:35.2468793Z Opening named pipe /podr/container/pipe/ae9ad87eabfb_tourmate-api-u42eqvqvidncw/stdout_dc5fd415bc5f4a6b84a363637e95ecb5 for reading in non-blocking mode.
2026-07-10T07:02:35.2470509Z Successfully opened named pipe: /podr/container/pipe/ae9ad87eabfb_tourmate-api-u42eqvqvidncw/stdout_dc5fd415bc5f4a6b84a363637e95ecb5.
2026-07-10T07:02:35.2471613Z Successfully removed non-blocking flag from /podr/container/pipe/ae9ad87eabfb_tourmate-api-u42eqvqvidncw/stdout_dc5fd415bc5f4a6b84a363637e95ecb5.
2026-07-10T07:02:35.2947721Z Creating stderr named pipe at /podr/container/pipe/ae9ad87eabfb_tourmate-api-u42eqvqvidncw/stderr_fef6b320bbd148299b8166c1e5f519bc.
2026-07-10T07:02:35.2957042Z Successfully created stderr named pipe at: /podr/container/pipe/ae9ad87eabfb_tourmate-api-u42eqvqvidncw/stderr_fef6b320bbd148299b8166c1e5f519bc.
2026-07-10T07:02:35.2959276Z Opening named pipe /podr/container/pipe/ae9ad87eabfb_tourmate-api-u42eqvqvidncw/stderr_fef6b320bbd148299b8166c1e5f519bc for reading in non-blocking mode.
2026-07-10T07:02:35.2960571Z Successfully opened named pipe: /podr/container/pipe/ae9ad87eabfb_tourmate-api-u42eqvqvidncw/stderr_fef6b320bbd148299b8166c1e5f519bc.
2026-07-10T07:02:35.2961326Z Successfully removed non-blocking flag from /podr/container/pipe/ae9ad87eabfb_tourmate-api-u42eqvqvidncw/stderr_fef6b320bbd148299b8166c1e5f519bc.
2026-07-10T07:02:35.3174176Z Creating container with image: tourmateacru42eqvqvidncw.azurecr.io/tourmate-backend:latest from registry: tourmateacru42eqvqvidncw.azurecr.io and fully qualified image name: tourmateacru42eqvqvidncw.azurecr.io/tourmate-backend:latest
2026-07-10T07:02:41.5075975Z Starting container: ae9ad87eabfb_tourmate-api-u42eqvqvidncw.
2026-07-10T07:02:42.2207527Z Starting watchers and probes.
2026-07-10T07:02:42.3431562Z Starting metrics collection.
2026-07-10T07:02:42.3834373Z Container is running.
2026-07-10T07:02:42.3835555Z State: Starting, Action: CreatingContainer, LastError: , LastErrorTimestamp: 01/01/0001 00:00:00, LastErrorDetails: , Details: Container tourmate-api-u42eqvqvidncw successfully created and is running., DetailsLevel: INFO
2026-07-10T07:02:43.0568652Z Container start method finished after 78064 ms.
2026-07-10T07:02:43.2178689Z State: Starting, Action: InitiatingSiteWarmUpProbe, LastError: , LastErrorTimestamp: 01/01/0001 00:00:00, LastErrorDetails: , Details: Container tourmate-api-u42eqvqvidncw successfully created and is running., DetailsLevel: INFO
2026-07-10T07:02:43.2263771Z State: Starting, Action: WaitingForSiteWarmUpProbeSuccess, LastError: , LastErrorTimestamp: 01/01/0001 00:00:00, LastErrorDetails: , Details: Pinging warmup path to ensure container is ready to receive requests., DetailsLevel: INFO
2026-07-10T07:03:14.4089779Z Site startup probe succeeded after 31.0909257 seconds.
2026-07-10T07:03:14.9713229Z State: Starting, Action: WarmUpProbeSucceeded, LastError: , LastErrorTimestamp: 01/01/0001 00:00:00, LastErrorDetails: , Details: Site startup probe succeeded after 31.0909257 seconds., DetailsLevel: INFO
2026-07-10T07:03:16.8517488Z Site started.
2026-07-10T07:03:16.8634517Z State: Started, Action: None, LastError: , LastErrorTimestamp: 01/01/0001 00:00:00, LastErrorDetails: , Details: Site started at 07/10/2026 07:03:16 (UTC), DetailsLevel: INFO
2026-07-10T07:22:58.5049613Z State: Starting, Action: EstablishingSiteNetworks, LastError: , LastErrorTimestamp: 01/01/0001 00:00:00, LastErrorDetails: , Details: , DetailsLevel: INFO
2026-07-10T07:23:02.8179908Z State: Starting, Action: StartingMsiContainer, LastError: , LastErrorTimestamp: 01/01/0001 00:00:00, LastErrorDetails: , Details: , DetailsLevel: INFO
2026-07-10T07:23:18.6490051Z State: Starting, Action: StartingSiteContainers, LastError: , LastErrorTimestamp: 01/01/0001 00:00:00, LastErrorDetails: , Details: , DetailsLevel: INFO
2026-07-10T07:23:18.7269523Z Container start method called.
2026-07-10T07:23:18.7271159Z State: Starting, Action: PullingImage, LastError: , LastErrorTimestamp: 01/01/0001 00:00:00, LastErrorDetails: , Details: Pulling image tourmateacru42eqvqvidncw.azurecr.io/tourmate-backend:latest for tourmate-api-u42eqvqvidncw., DetailsLevel: INFO
2026-07-10T07:23:18.7273532Z Establishing network.
2026-07-10T07:23:18.7274747Z Pulling image: tourmateacru42eqvqvidncw.azurecr.io/tourmate-backend:latest.
2026-07-10T07:23:27.1484183Z Image tourmateacru42eqvqvidncw.azurecr.io/tourmate-backend:latest is pulled from registry tourmateacru42eqvqvidncw.azurecr.io
2026-07-10T07:23:27.1486070Z Container is starting.
2026-07-10T07:23:27.1566895Z State: Starting, Action: MountingVolumes, LastError: , LastErrorTimestamp: 01/01/0001 00:00:00, LastErrorDetails: , Details: Mounting volumes for tourmate-api-u42eqvqvidncw., DetailsLevel: INFO
2026-07-10T07:23:27.1570629Z Establishing user namespace if not established already.
2026-07-10T07:23:27.1572102Z Establishing network if not established already.
2026-07-10T07:23:27.1577801Z Mounting volumes.
2026-07-10T07:23:27.1581606Z Nested mountpoint volatile/logs
2026-07-10T07:23:27.1796135Z Nested mountpoint 
2026-07-10T07:23:27.2190526Z Nested mountpoint 
2026-07-10T07:23:27.5687014Z State: Starting, Action: CreatingContainer, LastError: , LastErrorTimestamp: 01/01/0001 00:00:00, LastErrorDetails: , Details: Finished pulling container image and mounting volumes for tourmate-api-u42eqvqvidncw. Allocatinng the rest of the container resources to finish container creation., DetailsLevel: INFO
2026-07-10T07:23:27.5697404Z Creating container.
2026-07-10T07:23:27.5701922Z Creating pipes for streaming container io.
2026-07-10T07:23:27.5704232Z Creating stdout named pipe at /podr/container/pipe/f70548f5be19_tourmate-api-u42eqvqvidncw/stdout_1322e528a00340138a65b2595a462bb8.
2026-07-10T07:23:27.6104648Z Successfully created stdout named pipe at: /podr/container/pipe/f70548f5be19_tourmate-api-u42eqvqvidncw/stdout_1322e528a00340138a65b2595a462bb8.
2026-07-10T07:23:27.6113746Z Opening named pipe /podr/container/pipe/f70548f5be19_tourmate-api-u42eqvqvidncw/stdout_1322e528a00340138a65b2595a462bb8 for reading in non-blocking mode.
2026-07-10T07:23:27.6197958Z Successfully opened named pipe: /podr/container/pipe/f70548f5be19_tourmate-api-u42eqvqvidncw/stdout_1322e528a00340138a65b2595a462bb8.
2026-07-10T07:23:27.6199976Z Successfully removed non-blocking flag from /podr/container/pipe/f70548f5be19_tourmate-api-u42eqvqvidncw/stdout_1322e528a00340138a65b2595a462bb8.
2026-07-10T07:23:27.6202296Z Creating stderr named pipe at /podr/container/pipe/f70548f5be19_tourmate-api-u42eqvqvidncw/stderr_82fe454ec8cb485c91dc86be2fe97a1e.
2026-07-10T07:23:27.6203797Z Successfully created stderr named pipe at: /podr/container/pipe/f70548f5be19_tourmate-api-u42eqvqvidncw/stderr_82fe454ec8cb485c91dc86be2fe97a1e.
2026-07-10T07:23:27.6204568Z Opening named pipe /podr/container/pipe/f70548f5be19_tourmate-api-u42eqvqvidncw/stderr_82fe454ec8cb485c91dc86be2fe97a1e for reading in non-blocking mode.
2026-07-10T07:23:27.6205447Z Successfully opened named pipe: /podr/container/pipe/f70548f5be19_tourmate-api-u42eqvqvidncw/stderr_82fe454ec8cb485c91dc86be2fe97a1e.
2026-07-10T07:23:27.6206218Z Successfully removed non-blocking flag from /podr/container/pipe/f70548f5be19_tourmate-api-u42eqvqvidncw/stderr_82fe454ec8cb485c91dc86be2fe97a1e.
2026-07-10T07:23:27.6407888Z Creating container with image: tourmateacru42eqvqvidncw.azurecr.io/tourmate-backend:latest from registry: tourmateacru42eqvqvidncw.azurecr.io and fully qualified image name: tourmateacru42eqvqvidncw.azurecr.io/tourmate-backend:latest
2026-07-10T07:23:28.3911283Z Starting container: f70548f5be19_tourmate-api-u42eqvqvidncw.
2026-07-10T07:23:28.4920383Z Starting watchers and probes.
2026-07-10T07:23:28.5103676Z Starting metrics collection.
2026-07-10T07:23:28.5110146Z Container is running.
2026-07-10T07:23:28.5111428Z State: Starting, Action: CreatingContainer, LastError: , LastErrorTimestamp: 01/01/0001 00:00:00, LastErrorDetails: , Details: Container tourmate-api-u42eqvqvidncw successfully created and is running., DetailsLevel: INFO
2026-07-10T07:23:28.6831987Z Container start method finished after 9955 ms.
2026-07-10T07:23:28.7726495Z State: Starting, Action: InitiatingSiteWarmUpProbe, LastError: , LastErrorTimestamp: 01/01/0001 00:00:00, LastErrorDetails: , Details: Container tourmate-api-u42eqvqvidncw successfully created and is running., DetailsLevel: INFO
2026-07-10T07:23:28.7741531Z State: Starting, Action: WaitingForSiteWarmUpProbeSuccess, LastError: , LastErrorTimestamp: 01/01/0001 00:00:00, LastErrorDetails: , Details: Pinging warmup path to ensure container is ready to receive requests., DetailsLevel: INFO
2026-07-10T07:23:34.4946639Z Site startup probe succeeded after 5.7192085 seconds.
2026-07-10T07:23:34.7571972Z State: Starting, Action: WarmUpProbeSucceeded, LastError: , LastErrorTimestamp: 01/01/0001 00:00:00, LastErrorDetails: , Details: Site startup probe succeeded after 5.7192085 seconds., DetailsLevel: INFO
2026-07-10T07:23:35.1404764Z Site started.
2026-07-10T07:23:35.1415924Z State: Started, Action: None, LastError: , LastErrorTimestamp: 01/01/0001 00:00:00, LastErrorDetails: , Details: Site started at 07/10/2026 07:23:35 (UTC), DetailsLevel: INFO
2026-07-10T07:23:55.2452007Z State: Stopping, Action: StoppingSite, LastError: , LastErrorTimestamp: 01/01/0001 00:00:00, LastErrorDetails: , Details: Site started at 07/10/2026 07:03:16 (UTC), DetailsLevel: INFO
2026-07-10T07:23:55.2494581Z State: Stopping, Action: StoppingSiteContainers, LastError: , LastErrorTimestamp: 01/01/0001 00:00:00, LastErrorDetails: , Details: Site started at 07/10/2026 07:03:16 (UTC), DetailsLevel: INFO
2026-07-10T07:23:55.2496542Z Container is terminating. Grace period: 5 seconds.
2026-07-10T07:23:55.2802355Z Stop and delete container. Retry count = 0
2026-07-10T07:23:55.2806818Z Stopping container: ae9ad87eabfb_tourmate-api-u42eqvqvidncw.
2026-07-10T07:23:57.0329438Z Deleting container: ae9ad87eabfb_tourmate-api-u42eqvqvidncw. Retry count = 0
2026-07-10T07:23:57.3204171Z Container spec TerminationMessagePolicy  path 
2026-07-10T07:23:57.3255507Z Container is terminated. Total time elapsed: 2069 ms.
2026-07-10T07:23:57.8334254Z Site: tourmate-api-u42eqvqvidncw stopped.
2026-07-10T07:29:05.4158597Z State: Starting, Action: EstablishingSiteNetworks, LastError: , LastErrorTimestamp: 01/01/0001 00:00:00, LastErrorDetails: , Details: , DetailsLevel: INFO
2026-07-10T07:29:09.4786400Z State: Starting, Action: StartingMsiContainer, LastError: , LastErrorTimestamp: 01/01/0001 00:00:00, LastErrorDetails: , Details: , DetailsLevel: INFO
2026-07-10T07:29:27.8856761Z State: Starting, Action: StartingSiteContainers, LastError: , LastErrorTimestamp: 01/01/0001 00:00:00, LastErrorDetails: , Details: , DetailsLevel: INFO
2026-07-10T07:29:27.8865807Z Container start method called.
2026-07-10T07:29:27.9043868Z State: Starting, Action: PullingImage, LastError: , LastErrorTimestamp: 01/01/0001 00:00:00, LastErrorDetails: , Details: Pulling image tourmateacru42eqvqvidncw.azurecr.io/tourmate-backend:latest for tourmate-api-u42eqvqvidncw., DetailsLevel: INFO
2026-07-10T07:29:27.9045960Z Establishing network.
2026-07-10T07:29:27.9047212Z Pulling image: tourmateacru42eqvqvidncw.azurecr.io/tourmate-backend:latest.
2026-07-10T07:29:28.2923764Z Container is starting.
2026-07-10T07:29:28.2929525Z State: Starting, Action: MountingVolumes, LastError: , LastErrorTimestamp: 01/01/0001 00:00:00, LastErrorDetails: , Details: Mounting volumes for tourmate-api-u42eqvqvidncw., DetailsLevel: INFO
2026-07-10T07:29:28.3009933Z Establishing user namespace if not established already.
2026-07-10T07:29:28.3011522Z Establishing network if not established already.
2026-07-10T07:29:28.3020436Z Mounting volumes.
2026-07-10T07:29:28.3027163Z Nested mountpoint volatile/logs
2026-07-10T07:29:28.3206932Z Nested mountpoint 
2026-07-10T07:29:28.3326637Z Nested mountpoint 
2026-07-10T07:29:28.4022790Z State: Starting, Action: CreatingContainer, LastError: , LastErrorTimestamp: 01/01/0001 00:00:00, LastErrorDetails: , Details: Finished pulling container image and mounting volumes for tourmate-api-u42eqvqvidncw. Allocatinng the rest of the container resources to finish container creation., DetailsLevel: INFO
2026-07-10T07:29:28.4024149Z Creating container.
2026-07-10T07:29:28.4025289Z Creating pipes for streaming container io.
2026-07-10T07:29:28.4026411Z Creating stdout named pipe at /podr/container/pipe/c3d0fd5376c5_tourmate-api-u42eqvqvidncw/stdout_20ac40e6d35d44f1b7c076fe9d172c95.
2026-07-10T07:29:28.4028491Z Successfully created stdout named pipe at: /podr/container/pipe/c3d0fd5376c5_tourmate-api-u42eqvqvidncw/stdout_20ac40e6d35d44f1b7c076fe9d172c95.
2026-07-10T07:29:28.4029525Z Opening named pipe /podr/container/pipe/c3d0fd5376c5_tourmate-api-u42eqvqvidncw/stdout_20ac40e6d35d44f1b7c076fe9d172c95 for reading in non-blocking mode.
2026-07-10T07:29:28.4030796Z Successfully opened named pipe: /podr/container/pipe/c3d0fd5376c5_tourmate-api-u42eqvqvidncw/stdout_20ac40e6d35d44f1b7c076fe9d172c95.
2026-07-10T07:29:28.4031912Z Successfully removed non-blocking flag from /podr/container/pipe/c3d0fd5376c5_tourmate-api-u42eqvqvidncw/stdout_20ac40e6d35d44f1b7c076fe9d172c95.
2026-07-10T07:29:28.4033546Z Creating stderr named pipe at /podr/container/pipe/c3d0fd5376c5_tourmate-api-u42eqvqvidncw/stderr_d38bb9bcdaec40608121d258b5d937c7.
2026-07-10T07:29:28.4037596Z Successfully created stderr named pipe at: /podr/container/pipe/c3d0fd5376c5_tourmate-api-u42eqvqvidncw/stderr_d38bb9bcdaec40608121d258b5d937c7.
2026-07-10T07:29:28.4039475Z Opening named pipe /podr/container/pipe/c3d0fd5376c5_tourmate-api-u42eqvqvidncw/stderr_d38bb9bcdaec40608121d258b5d937c7 for reading in non-blocking mode.
2026-07-10T07:29:28.4739251Z Successfully opened named pipe: /podr/container/pipe/c3d0fd5376c5_tourmate-api-u42eqvqvidncw/stderr_d38bb9bcdaec40608121d258b5d937c7.
2026-07-10T07:29:28.5143551Z Successfully removed non-blocking flag from /podr/container/pipe/c3d0fd5376c5_tourmate-api-u42eqvqvidncw/stderr_d38bb9bcdaec40608121d258b5d937c7.
2026-07-10T07:29:28.5227295Z Creating container with image: tourmateacru42eqvqvidncw.azurecr.io/tourmate-backend:latest from registry: tourmateacru42eqvqvidncw.azurecr.io and fully qualified image name: tourmateacru42eqvqvidncw.azurecr.io/tourmate-backend:latest
2026-07-10T07:29:29.4958665Z Starting container: c3d0fd5376c5_tourmate-api-u42eqvqvidncw.
2026-07-10T07:29:29.6066980Z Starting watchers and probes.
2026-07-10T07:29:29.6177227Z Starting metrics collection.
2026-07-10T07:29:29.6187331Z Container is running.
2026-07-10T07:29:29.6269602Z State: Starting, Action: CreatingContainer, LastError: , LastErrorTimestamp: 01/01/0001 00:00:00, LastErrorDetails: , Details: Container tourmate-api-u42eqvqvidncw successfully created and is running., DetailsLevel: INFO
2026-07-10T07:29:29.8480124Z Container start method finished after 1954 ms.
2026-07-10T07:29:29.8482172Z State: Starting, Action: InitiatingSiteWarmUpProbe, LastError: , LastErrorTimestamp: 01/01/0001 00:00:00, LastErrorDetails: , Details: Container tourmate-api-u42eqvqvidncw successfully created and is running., DetailsLevel: INFO
2026-07-10T07:29:29.8482381Z State: Starting, Action: WaitingForSiteWarmUpProbeSuccess, LastError: , LastErrorTimestamp: 01/01/0001 00:00:00, LastErrorDetails: , Details: Pinging warmup path to ensure container is ready to receive requests., DetailsLevel: INFO
2026-07-10T07:29:35.5196579Z Site startup probe succeeded after 5.6181265 seconds.
2026-07-10T07:29:35.7383583Z State: Starting, Action: WarmUpProbeSucceeded, LastError: , LastErrorTimestamp: 01/01/0001 00:00:00, LastErrorDetails: , Details: Site startup probe succeeded after 5.6181265 seconds., DetailsLevel: INFO
2026-07-10T07:29:36.1276548Z Site started.
2026-07-10T07:29:36.1321637Z State: Started, Action: None, LastError: , LastErrorTimestamp: 01/01/0001 00:00:00, LastErrorDetails: , Details: Site started at 07/10/2026 07:29:36 (UTC), DetailsLevel: INFO
2026-07-10T07:29:56.2773584Z State: Stopping, Action: StoppingSite, LastError: , LastErrorTimestamp: 01/01/0001 00:00:00, LastErrorDetails: , Details: Site started at 07/10/2026 07:23:35 (UTC), DetailsLevel: INFO
2026-07-10T07:29:56.3077494Z State: Stopping, Action: StoppingSiteContainers, LastError: , LastErrorTimestamp: 01/01/0001 00:00:00, LastErrorDetails: , Details: Site started at 07/10/2026 07:23:35 (UTC), DetailsLevel: INFO
2026-07-10T07:29:56.3188841Z Container is terminating. Grace period: 5 seconds.
2026-07-10T07:29:56.3672676Z Stop and delete container. Retry count = 0
2026-07-10T07:29:56.3675136Z Stopping container: f70548f5be19_tourmate-api-u42eqvqvidncw.
2026-07-10T07:29:57.0529099Z Deleting container: f70548f5be19_tourmate-api-u42eqvqvidncw. Retry count = 0
2026-07-10T07:29:57.4706472Z Container spec TerminationMessagePolicy  path 
2026-07-10T07:29:57.4757118Z Container is terminated. Total time elapsed: 1147 ms.
2026-07-10T07:29:58.4092986Z Site: tourmate-api-u42eqvqvidncw stopped.
