2026-07-10T06:39:01.2807197Z State: Starting, Action: EstablishingSiteNetworks, LastError: , LastErrorTimestamp: 01/01/0001 00:00:00, LastErrorDetails: , Details: , DetailsLevel: INFO
2026-07-10T06:39:05.5410582Z State: Starting, Action: StartingMsiContainer, LastError: , LastErrorTimestamp: 01/01/0001 00:00:00, LastErrorDetails: , Details: , DetailsLevel: INFO
2026-07-10T06:39:23.1044732Z State: Starting, Action: StartingSiteContainers, LastError: , LastErrorTimestamp: 01/01/0001 00:00:00, LastErrorDetails: , Details: , DetailsLevel: INFO
2026-07-10T06:39:23.1053466Z Container start method called.
2026-07-10T06:39:23.1062371Z State: Starting, Action: PullingImage, LastError: , LastErrorTimestamp: 01/01/0001 00:00:00, LastErrorDetails: , Details: Pulling image tourmateacru42eqvqvidncw.azurecr.io/tourmate-backend:latest for tourmate-api-u42eqvqvidncw., DetailsLevel: INFO
2026-07-10T06:39:23.1063821Z Establishing network.
2026-07-10T06:39:23.1444063Z Pulling image: tourmateacru42eqvqvidncw.azurecr.io/tourmate-backend:latest.
2026-07-10T06:39:27.2666802Z Container pull image failed with reason: ImagePullFailure. Revert by terminate.
2026-07-10T06:39:27.2686103Z Container is terminating. Grace period: 5 seconds.
2026-07-10T06:39:27.2692332Z Container spec TerminationMessagePolicy  path 
2026-07-10T06:39:27.2698594Z Container is terminated. Total time elapsed: 1 ms.
2026-07-10T06:39:27.2775438Z Site container: tourmate-api-u42eqvqvidncw terminated during site startup.
2026-07-10T06:39:27.2780555Z State: Stopping, Action: CancellingStartup, LastError: , LastErrorTimestamp: 01/01/0001 00:00:00, LastErrorDetails: , Details: Site container: tourmate-api-u42eqvqvidncw terminated during site startup. Cancelling site startup., DetailsLevel: ERR
2026-07-10T06:39:27.2978693Z State: Stopping, Action: CancellingStartup, LastError: ImagePullUnauthorizedFailure, LastErrorTimestamp: 07/10/2026 06:39:27, LastErrorDetails: Failed to pull image: tourmateacru42eqvqvidncw.azurecr.io/tourmate-backend:latest. Image pull failed with forbidden or unauthorized. Check registry credentials., Details: Site container: tourmate-api-u42eqvqvidncw terminated during site startup. Cancelling site startup., DetailsLevel: ERR
2026-07-10T06:39:27.3096374Z Failed to start site. Revert by stopping site.
2026-07-10T06:39:27.3098715Z State: Stopping, Action: StoppingSite, LastError: ImagePullUnauthorizedFailure, LastErrorTimestamp: 07/10/2026 06:39:27, LastErrorDetails: Failed to pull image: tourmateacru42eqvqvidncw.azurecr.io/tourmate-backend:latest. Image pull failed with forbidden or unauthorized. Check registry credentials., Details: Site container: tourmate-api-u42eqvqvidncw terminated during site startup. Cancelling site startup., DetailsLevel: ERR
2026-07-10T06:39:27.3171892Z State: Stopping, Action: StoppingSiteContainers, LastError: ImagePullUnauthorizedFailure, LastErrorTimestamp: 07/10/2026 06:39:27, LastErrorDetails: Failed to pull image: tourmateacru42eqvqvidncw.azurecr.io/tourmate-backend:latest. Image pull failed with forbidden or unauthorized. Check registry credentials., Details: Site container: tourmate-api-u42eqvqvidncw terminated during site startup. Cancelling site startup., DetailsLevel: ERR
2026-07-10T06:39:28.0132890Z Site container: tourmate-api-u42eqvqvidncw_managedIdentity terminated during site startup.
2026-07-10T06:39:28.0339832Z State: Stopping, Action: StoppingSiteContainers, LastError: ImagePullUnauthorizedFailure, LastErrorTimestamp: 07/10/2026 06:39:27, LastErrorDetails: Failed to pull image: tourmateacru42eqvqvidncw.azurecr.io/tourmate-backend:latest. Image pull failed with forbidden or unauthorized. Check registry credentials., Details: Site container: tourmate-api-u42eqvqvidncw terminated during site startup. Cancelling site startup., DetailsLevel: ERR
2026-07-10T06:39:28.0521429Z Site: tourmate-api-u42eqvqvidncw stopped.
2026-07-10T06:39:28.0542040Z State: Stopping, Action: UnmountingVolumes, LastError: ImagePullUnauthorizedFailure, LastErrorTimestamp: 07/10/2026 06:39:27, LastErrorDetails: Failed to pull image: tourmateacru42eqvqvidncw.azurecr.io/tourmate-backend:latest. Image pull failed with forbidden or unauthorized. Check registry credentials., Details: Site container: tourmate-api-u42eqvqvidncw terminated during site startup. Cancelling site startup., DetailsLevel: ERR
2026-07-10T06:39:28.5864768Z State: Stopping, Action: StoppingSiteNetworks, LastError: ImagePullUnauthorizedFailure, LastErrorTimestamp: 07/10/2026 06:39:27, LastErrorDetails: Failed to pull image: tourmateacru42eqvqvidncw.azurecr.io/tourmate-backend:latest. Image pull failed with forbidden or unauthorized. Check registry credentials., Details: Site container: tourmate-api-u42eqvqvidncw terminated during site startup. Cancelling site startup., DetailsLevel: ERR
2026-07-10T06:39:29.2997389Z State: Stopped, Action: None, LastError: ImagePullUnauthorizedFailure, LastErrorTimestamp: 07/10/2026 06:39:27, LastErrorDetails: Failed to pull image: tourmateacru42eqvqvidncw.azurecr.io/tourmate-backend:latest. Image pull failed with forbidden or unauthorized. Check registry credentials., Details: Site stopped at 07/10/2026 06:39:29 (UTC), DetailsLevel: ERR
2026-07-10T06:39:29.8527120Z State: Stopped, Action: None, LastError: ImagePullUnauthorizedFailure, LastErrorTimestamp: 07/10/2026 06:39:27, LastErrorDetails: Failed to pull image: tourmateacru42eqvqvidncw.azurecr.io/tourmate-backend:latest. Image pull failed with forbidden or unauthorized. Check registry credentials., Details: Site stopped at 07/10/2026 06:39:29 (UTC), DetailsLevel: ERR
2026-07-10T06:39:30.2467408Z State: Starting, Action: EstablishingSiteNetworks, LastError: ImagePullUnauthorizedFailure, LastErrorTimestamp: 07/10/2026 06:39:27, LastErrorDetails: Failed to pull image: tourmateacru42eqvqvidncw.azurecr.io/tourmate-backend:latest. Image pull failed with forbidden or unauthorized. Check registry credentials., Details: Site stopped at 07/10/2026 06:39:29 (UTC), DetailsLevel: ERR
2026-07-10T06:39:33.8132805Z State: Starting, Action: StartingMsiContainer, LastError: ImagePullUnauthorizedFailure, LastErrorTimestamp: 07/10/2026 06:39:27, LastErrorDetails: Failed to pull image: tourmateacru42eqvqvidncw.azurecr.io/tourmate-backend:latest. Image pull failed with forbidden or unauthorized. Check registry credentials., Details: Site stopped at 07/10/2026 06:39:29 (UTC), DetailsLevel: ERR
2026-07-10T06:39:53.7028280Z State: Starting, Action: StartingSiteContainers, LastError: ImagePullUnauthorizedFailure, LastErrorTimestamp: 07/10/2026 06:39:27, LastErrorDetails: Failed to pull image: tourmateacru42eqvqvidncw.azurecr.io/tourmate-backend:latest. Image pull failed with forbidden or unauthorized. Check registry credentials., Details: Site stopped at 07/10/2026 06:39:29 (UTC), DetailsLevel: ERR
2026-07-10T06:39:53.7418778Z Container start method called.
2026-07-10T06:39:53.7422198Z State: Starting, Action: PullingImage, LastError: ImagePullUnauthorizedFailure, LastErrorTimestamp: 07/10/2026 06:39:27, LastErrorDetails: Failed to pull image: tourmateacru42eqvqvidncw.azurecr.io/tourmate-backend:latest. Image pull failed with forbidden or unauthorized. Check registry credentials., Details: Pulling image tourmateacru42eqvqvidncw.azurecr.io/tourmate-backend:latest for tourmate-api-u42eqvqvidncw., DetailsLevel: INFO
2026-07-10T06:39:53.7424286Z Establishing network.
2026-07-10T06:39:53.7426020Z Pulling image: tourmateacru42eqvqvidncw.azurecr.io/tourmate-backend:latest.
2026-07-10T06:39:54.0848141Z Container pull image failed with reason: ImagePullFailure. Revert by terminate.
2026-07-10T06:39:54.0854161Z Container is terminating. Grace period: 5 seconds.
2026-07-10T06:39:54.1024750Z Container spec TerminationMessagePolicy  path 
2026-07-10T06:39:54.1026534Z Container is terminated. Total time elapsed: 17 ms.
2026-07-10T06:39:54.1027681Z Site container: tourmate-api-u42eqvqvidncw terminated during site startup.
2026-07-10T06:39:54.1030822Z State: Stopping, Action: CancellingStartup, LastError: ImagePullUnauthorizedFailure, LastErrorTimestamp: 07/10/2026 06:39:27, LastErrorDetails: Failed to pull image: tourmateacru42eqvqvidncw.azurecr.io/tourmate-backend:latest. Image pull failed with forbidden or unauthorized. Check registry credentials., Details: Site container: tourmate-api-u42eqvqvidncw terminated during site startup. Cancelling site startup., DetailsLevel: ERR
2026-07-10T06:39:54.1041506Z State: Stopping, Action: CancellingStartup, LastError: UnexpectedContainerExit, LastErrorTimestamp: 07/10/2026 06:39:54, LastErrorDetails: Pull image: tourmateacru42eqvqvidncw.azurecr.io/tourmate-backend:latest failed with unexpected exception., Details: Site container: tourmate-api-u42eqvqvidncw terminated during site startup. Cancelling site startup., DetailsLevel: ERR
2026-07-10T06:39:54.1150906Z Failed to start site. Revert by stopping site.
2026-07-10T06:39:54.1223033Z State: Stopping, Action: StoppingSite, LastError: UnexpectedContainerExit, LastErrorTimestamp: 07/10/2026 06:39:54, LastErrorDetails: Pull image: tourmateacru42eqvqvidncw.azurecr.io/tourmate-backend:latest failed with unexpected exception., Details: Site container: tourmate-api-u42eqvqvidncw terminated during site startup. Cancelling site startup., DetailsLevel: ERR
2026-07-10T06:39:54.1226406Z State: Stopping, Action: StoppingSiteContainers, LastError: UnexpectedContainerExit, LastErrorTimestamp: 07/10/2026 06:39:54, LastErrorDetails: Pull image: tourmateacru42eqvqvidncw.azurecr.io/tourmate-backend:latest failed with unexpected exception., Details: Site container: tourmate-api-u42eqvqvidncw terminated during site startup. Cancelling site startup., DetailsLevel: ERR
2026-07-10T06:39:55.0810781Z Site container: tourmate-api-u42eqvqvidncw_managedIdentity terminated during site startup.
2026-07-10T06:39:55.0889679Z State: Stopping, Action: StoppingSiteContainers, LastError: UnexpectedContainerExit, LastErrorTimestamp: 07/10/2026 06:39:54, LastErrorDetails: Pull image: tourmateacru42eqvqvidncw.azurecr.io/tourmate-backend:latest failed with unexpected exception., Details: Site container: tourmate-api-u42eqvqvidncw terminated during site startup. Cancelling site startup., DetailsLevel: ERR
2026-07-10T06:39:55.0891930Z Site: tourmate-api-u42eqvqvidncw stopped.
2026-07-10T06:40:04.307Z INFO  - Pulling image: mcr.microsoft.com/appsvc/msitokenservice:stage5
2026-07-10T06:40:05.711Z INFO  - stage5 Pulling from appsvc/msitokenservice
2026-07-10T06:40:05.875Z INFO  - 5e5b36758685 Already exists
2026-07-10T06:40:05.906Z INFO  - d12740de851f Already exists
2026-07-10T06:40:05.917Z INFO  - 7b2782987f20 Pulling fs layer
2026-07-10T06:40:05.951Z INFO  - 66fae3abb1e6 Pulling fs layer
2026-07-10T06:40:05.952Z INFO  - f2cc1b156295 Pulling fs layer
2026-07-10T06:40:05.970Z INFO  - 921c8f1575a6 Pulling fs layer
2026-07-10T06:40:05.988Z INFO  - 4f4fb700ef54 Pulling fs layer
2026-07-10T06:40:06.368Z INFO  - 4f4fb700ef54 Downloading 32B / 32B
2026-07-10T06:40:06.370Z INFO  - 66fae3abb1e6 Downloading 119B / 119B
2026-07-10T06:40:06.371Z INFO  - 4f4fb700ef54 Verifying Checksum
2026-07-10T06:40:06.390Z INFO  - 4f4fb700ef54 Download complete
2026-07-10T06:40:06.391Z INFO  - 66fae3abb1e6 Verifying Checksum
2026-07-10T06:40:06.421Z INFO  - 66fae3abb1e6 Download complete
2026-07-10T06:40:06.660Z INFO  - 7b2782987f20 Downloading 1MB / 8MB
2026-07-10T06:40:06.672Z INFO  - f2cc1b156295 Downloading 1MB / 19MB
2026-07-10T06:40:06.681Z INFO  - 921c8f1575a6 Downloading 910KB / 21MB
2026-07-10T06:40:06.771Z INFO  - 7b2782987f20 Downloading 1MB / 8MB
2026-07-10T06:40:06.861Z INFO  - f2cc1b156295 Downloading 2MB / 19MB
2026-07-10T06:40:06.862Z INFO  - 7b2782987f20 Downloading 2MB / 8MB
2026-07-10T06:40:06.983Z INFO  - f2cc1b156295 Downloading 2MB / 19MB
2026-07-10T06:40:07.062Z INFO  - 921c8f1575a6 Downloading 3MB / 21MB
2026-07-10T06:40:07.082Z INFO  - 7b2782987f20 Downloading 3MB / 8MB
2026-07-10T06:40:07.272Z INFO  - 7b2782987f20 Downloading 4MB / 8MB
2026-07-10T06:40:07.313Z INFO  - 921c8f1575a6 Downloading 5MB / 21MB
2026-07-10T06:40:07.354Z INFO  - 7b2782987f20 Downloading 5MB / 8MB
2026-07-10T06:40:07.425Z INFO  - 921c8f1575a6 Downloading 6MB / 21MB
2026-07-10T06:40:07.465Z INFO  - 7b2782987f20 Downloading 6MB / 8MB
2026-07-10T06:40:07.495Z INFO  - f2cc1b156295 Downloading 7MB / 19MB
2026-07-10T06:40:07.632Z INFO  - 7b2782987f20 Verifying Checksum
2026-07-10T06:40:07.647Z INFO  - 7b2782987f20 Download complete
2026-07-10T06:40:07.647Z INFO  - 921c8f1575a6 Downloading 7MB / 21MB
2026-07-10T06:40:07.790Z INFO  - 921c8f1575a6 Downloading 8MB / 21MB
2026-07-10T06:40:07.943Z INFO  - 921c8f1575a6 Downloading 9MB / 21MB
2026-07-10T06:40:07.971Z INFO  - f2cc1b156295 Downloading 10MB / 19MB
2026-07-10T06:40:08.031Z INFO  - 921c8f1575a6 Downloading 10MB / 21MB
2026-07-10T06:40:08.435Z INFO  - 7b2782987f20 Extracting 1MB / 8MB
2026-07-10T06:40:08.475Z INFO  - f2cc1b156295 Downloading 14MB / 19MB
2026-07-10T06:40:08.605Z INFO  - f2cc1b156295 Downloading 14MB / 19MB
2026-07-10T06:40:08.657Z INFO  - 921c8f1575a6 Downloading 14MB / 21MB
2026-07-10T06:40:08.714Z INFO  - 7b2782987f20 Extracting 1MB / 8MB
2026-07-10T06:40:08.806Z INFO  - 921c8f1575a6 Downloading 15MB / 21MB
2026-07-10T06:40:09.005Z INFO  - 921c8f1575a6 Downloading 17MB / 21MB
2026-07-10T06:40:09.114Z INFO  - f2cc1b156295 Downloading 18MB / 19MB
2026-07-10T06:40:09.145Z INFO  - 7b2782987f20 Extracting 2MB / 8MB
2026-07-10T06:40:09.193Z INFO  - f2cc1b156295 Verifying Checksum
2026-07-10T06:40:09.195Z INFO  - f2cc1b156295 Download complete
2026-07-10T06:40:09.216Z INFO  - 921c8f1575a6 Downloading 20MB / 21MB
2026-07-10T06:40:09.304Z INFO  - 921c8f1575a6 Verifying Checksum
2026-07-10T06:40:09.305Z INFO  - 921c8f1575a6 Download complete
2026-07-10T06:40:09.465Z INFO  - 7b2782987f20 Extracting 4MB / 8MB
2026-07-10T06:40:10.018Z INFO  - 7b2782987f20 Extracting 7MB / 8MB
2026-07-10T06:40:10.068Z INFO  - 7b2782987f20 Extracting 8MB / 8MB
2026-07-10T06:40:10.229Z INFO  - 7b2782987f20 Pull complete
2026-07-10T06:40:10.249Z INFO  - 66fae3abb1e6 Extracting 119B / 119B
2026-07-10T06:40:10.390Z INFO  - 66fae3abb1e6 Extracting 119B / 119B
2026-07-10T06:40:10.870Z INFO  - 66fae3abb1e6 Pull complete
2026-07-10T06:40:11.456Z INFO  - f2cc1b156295 Extracting 448KB / 19MB
2026-07-10T06:40:12.027Z INFO  - f2cc1b156295 Extracting 3MB / 19MB
2026-07-10T06:40:12.240Z INFO  - f2cc1b156295 Extracting 4MB / 19MB
2026-07-10T06:40:12.458Z INFO  - f2cc1b156295 Extracting 5MB / 19MB
2026-07-10T06:40:12.770Z INFO  - f2cc1b156295 Extracting 8MB / 19MB
2026-07-10T06:40:13.071Z INFO  - f2cc1b156295 Extracting 10MB / 19MB
2026-07-10T06:40:13.493Z INFO  - f2cc1b156295 Extracting 11MB / 19MB
2026-07-10T06:40:13.996Z INFO  - f2cc1b156295 Extracting 14MB / 19MB
2026-07-10T06:40:14.508Z INFO  - f2cc1b156295 Extracting 17MB / 19MB
2026-07-10T06:40:14.520Z INFO  - f2cc1b156295 Extracting 18MB / 19MB
2026-07-10T06:40:15.172Z INFO  - f2cc1b156295 Extracting 19MB / 19MB
2026-07-10T06:40:15.321Z INFO  - f2cc1b156295 Pull complete
2026-07-10T06:40:15.745Z INFO  - 921c8f1575a6 Extracting 1MB / 21MB
2026-07-10T06:40:15.833Z INFO  - 921c8f1575a6 Extracting 2MB / 21MB
2026-07-10T06:40:16.295Z INFO  - 921c8f1575a6 Extracting 6MB / 21MB
2026-07-10T06:40:16.396Z INFO  - 921c8f1575a6 Extracting 6MB / 21MB
2026-07-10T06:40:16.505Z INFO  - 921c8f1575a6 Extracting 7MB / 21MB
2026-07-10T06:40:17.422Z INFO  - 921c8f1575a6 Extracting 11MB / 21MB
2026-07-10T06:40:17.650Z INFO  - 921c8f1575a6 Extracting 13MB / 21MB
2026-07-10T06:40:18.206Z INFO  - 921c8f1575a6 Extracting 15MB / 21MB
2026-07-10T06:40:18.437Z INFO  - 921c8f1575a6 Extracting 17MB / 21MB
2026-07-10T06:40:18.890Z INFO  - 921c8f1575a6 Extracting 19MB / 21MB
2026-07-10T06:40:18.907Z INFO  - 921c8f1575a6 Extracting 20MB / 21MB
2026-07-10T06:40:18.978Z INFO  - 921c8f1575a6 Extracting 21MB / 21MB
2026-07-10T06:40:19.091Z INFO  - 921c8f1575a6 Pull complete
2026-07-10T06:40:19.100Z INFO  - 4f4fb700ef54 Extracting 32B / 32B
2026-07-10T06:40:19.131Z INFO  - 4f4fb700ef54 Extracting 32B / 32B
2026-07-10T06:40:19.231Z INFO  - 4f4fb700ef54 Pull complete
2026-07-10T06:40:19.460Z INFO  -  Digest: sha256:94283336279deeb9d466937f625410a8e2a093eda3e2a9936573b0c6bb16ba59
2026-07-10T06:40:19.467Z INFO  -  Status: Downloaded newer image for mcr.microsoft.com/appsvc/msitokenservice:stage5
2026-07-10T06:40:19.497Z INFO  - Pull Image successful, Time taken: 15 Seconds
2026-07-10T06:40:21.785Z INFO  - Starting container for site
2026-07-10T06:40:21.786Z INFO  - docker run -d --expose=8081 --name tourmate-api-u42eqvqvidncw_0_783bb996_msiProxy -e WEBSITE_ROLE_INSTANCE_ID=0 -e WEBSITE_HOSTNAME=tourmate-api-u42eqvqvidncw.azurewebsites.net -e WEBSITE_INSTANCE_ID=0b9e3e2ce3cd6d35dcf52cbbfd6319a41b34d6f582e51a0e93d9a768ce270dab mcr.microsoft.com/appsvc/msitokenservice:stage5 
2026-07-10T06:40:21.786Z INFO  - Logging is not enabled for this container.
Please use https://aka.ms/linux-diagnostics to enable logging to see container logs here.
2026-07-10T06:40:38.728Z INFO  - Pulling image: tourmateacru42eqvqvidncw.azurecr.io/tourmate-backend:latest
2026-07-10T06:40:38.986Z INFO  - latest Pulling from tourmate-backend
2026-07-10T06:40:39.001Z INFO  -  
2026-07-10T06:40:39.002Z ERROR - no matching manifest for linux/amd64 in the manifest list entriesErr: 0, Message: no matching manifest for linux/amd64 in the manifest list entries
2026-07-10T06:40:39.005Z INFO  - Pull Image failed, Time taken: 0 Seconds
2026-07-10T06:40:39.006Z ERROR - Pulling docker image tourmateacru42eqvqvidncw.azurecr.io/tourmate-backend:latest failed:
2026-07-10T06:40:39.289Z ERROR - DockerApiException: Docker API responded with status code=InternalServerError, response={"message":"Head \"https://tourmateacru42eqvqvidncw.azurecr.io/v2/tourmate-backend/manifests/latest\": unauthorized: {\"errors\":[{\"code\":\"UNAUTHORIZED\",\"message\":\"authentication required, visit https://aka.ms/acr/authorization for more information. CorrelationId: 711be000-4419-410e-a1fc-6d734ccc1412\"}]}"}

2026-07-10T06:40:39.290Z WARN  - Image pull failed. Defaulting to local copy if present.
2026-07-10T06:40:39.379Z ERROR - Image pull failed: Verify docker image configuration and credentials (if using private repository)
2026-07-10T06:40:54.277Z INFO  - Stopping site tourmate-api-u42eqvqvidncw because it failed during startup.
2026-07-10T06:41:09.046Z INFO  - Pulling image: mcr.microsoft.com/appsvc/msitokenservice:stage5
2026-07-10T06:41:12.182Z INFO  - stage5 Pulling from appsvc/msitokenservice
2026-07-10T06:41:12.431Z INFO  -  Digest: sha256:94283336279deeb9d466937f625410a8e2a093eda3e2a9936573b0c6bb16ba59
2026-07-10T06:41:12.441Z INFO  -  Status: Image is up to date for mcr.microsoft.com/appsvc/msitokenservice:stage5
2026-07-10T06:41:12.514Z INFO  - Pull Image successful, Time taken: 3 Seconds
2026-07-10T06:41:13.529Z INFO  - Starting container for site
2026-07-10T06:41:13.537Z INFO  - docker run -d --expose=8081 --name tourmate-api-u42eqvqvidncw_0_005f5c24_msiProxy -e WEBSITE_ROLE_INSTANCE_ID=0 -e WEBSITE_HOSTNAME=tourmate-api-u42eqvqvidncw.azurewebsites.net -e WEBSITE_INSTANCE_ID=0b9e3e2ce3cd6d35dcf52cbbfd6319a41b34d6f582e51a0e93d9a768ce270dab mcr.microsoft.com/appsvc/msitokenservice:stage5 
2026-07-10T06:41:13.539Z INFO  - Logging is not enabled for this container.
Please use https://aka.ms/linux-diagnostics to enable logging to see container logs here.
2026-07-10T06:41:39.332Z INFO  - Pulling image: tourmateacru42eqvqvidncw.azurecr.io/tourmate-backend:latest
2026-07-10T06:41:41.040Z INFO  - latest Pulling from tourmate-backend
2026-07-10T06:41:41.161Z INFO  -  
2026-07-10T06:41:41.170Z ERROR - no matching manifest for linux/amd64 in the manifest list entriesErr: 0, Message: no matching manifest for linux/amd64 in the manifest list entries
2026-07-10T06:41:41.220Z INFO  - Pull Image failed, Time taken: 1 Seconds
2026-07-10T06:41:41.221Z ERROR - Pulling docker image tourmateacru42eqvqvidncw.azurecr.io/tourmate-backend:latest failed:
2026-07-10T06:41:41.964Z ERROR - DockerApiException: Docker API responded with status code=InternalServerError, response={"message":"Head \"https://tourmateacru42eqvqvidncw.azurecr.io/v2/tourmate-backend/manifests/latest\": unauthorized: {\"errors\":[{\"code\":\"UNAUTHORIZED\",\"message\":\"authentication required, visit https://aka.ms/acr/authorization for more information. CorrelationId: 1562ccc8-ef2d-4eec-9432-7a48fb989059\"}]}"}

2026-07-10T06:41:41.965Z WARN  - Image pull failed. Defaulting to local copy if present.
2026-07-10T06:41:42.044Z ERROR - Image pull failed: Verify docker image configuration and credentials (if using private repository)
2026-07-10T06:41:49.489Z INFO  - Stopping site tourmate-api-u42eqvqvidncw because it failed during startup.
2026-07-10T06:42:04.322Z INFO  - Pulling image: mcr.microsoft.com/appsvc/msitokenservice:stage5
2026-07-10T06:42:07.627Z INFO  - stage5 Pulling from appsvc/msitokenservice
2026-07-10T06:42:09.841Z INFO  -  Digest: sha256:94283336279deeb9d466937f625410a8e2a093eda3e2a9936573b0c6bb16ba59
2026-07-10T06:42:09.860Z INFO  -  Status: Image is up to date for mcr.microsoft.com/appsvc/msitokenservice:stage5
2026-07-10T06:42:10.454Z INFO  - Pull Image successful, Time taken: 5 Seconds
2026-07-10T06:42:14.004Z INFO  - Starting container for site
2026-07-10T06:42:14.015Z INFO  - docker run -d --expose=8081 --name tourmate-api-u42eqvqvidncw_0_b28df67f_msiProxy -e WEBSITE_ROLE_INSTANCE_ID=0 -e WEBSITE_HOSTNAME=tourmate-api-u42eqvqvidncw.azurewebsites.net -e WEBSITE_INSTANCE_ID=0b9e3e2ce3cd6d35dcf52cbbfd6319a41b34d6f582e51a0e93d9a768ce270dab mcr.microsoft.com/appsvc/msitokenservice:stage5 
2026-07-10T06:42:14.023Z INFO  - Logging is not enabled for this container.
Please use https://aka.ms/linux-diagnostics to enable logging to see container logs here.
2026-07-10T06:42:58.098Z INFO  - Pulling image: tourmateacru42eqvqvidncw.azurecr.io/tourmate-backend:latest
2026-07-10T06:42:59.114Z INFO  - latest Pulling from tourmate-backend
2026-07-10T06:42:59.124Z INFO  -  
2026-07-10T06:42:59.125Z ERROR - no matching manifest for linux/amd64 in the manifest list entriesErr: 0, Message: no matching manifest for linux/amd64 in the manifest list entries
2026-07-10T06:42:59.136Z INFO  - Pull Image failed, Time taken: 1 Seconds
2026-07-10T06:42:59.144Z ERROR - Pulling docker image tourmateacru42eqvqvidncw.azurecr.io/tourmate-backend:latest failed:
2026-07-10T06:42:59.377Z ERROR - DockerApiException: Docker API responded with status code=InternalServerError, response={"message":"Head \"https://tourmateacru42eqvqvidncw.azurecr.io/v2/tourmate-backend/manifests/latest\": unauthorized: {\"errors\":[{\"code\":\"UNAUTHORIZED\",\"message\":\"authentication required, visit https://aka.ms/acr/authorization for more information. CorrelationId: 066aeb56-d5f4-4989-90e0-a02939c9418b\"}]}"}

2026-07-10T06:42:59.386Z WARN  - Image pull failed. Defaulting to local copy if present.
2026-07-10T06:42:59.427Z ERROR - Image pull failed: Verify docker image configuration and credentials (if using private repository)
2026-07-10T06:43:08.182Z INFO  - Stopping site tourmate-api-u42eqvqvidncw because it failed during startup.
2026-07-10T06:43:22.886Z INFO  - Pulling image: mcr.microsoft.com/appsvc/msitokenservice:stage5
2026-07-10T06:43:24.276Z INFO  - stage5 Pulling from appsvc/msitokenservice
2026-07-10T06:43:25.615Z INFO  -  Digest: sha256:94283336279deeb9d466937f625410a8e2a093eda3e2a9936573b0c6bb16ba59
2026-07-10T06:43:25.633Z INFO  -  Status: Image is up to date for mcr.microsoft.com/appsvc/msitokenservice:stage5
2026-07-10T06:43:25.774Z INFO  - Pull Image successful, Time taken: 2 Seconds
2026-07-10T06:43:26.457Z INFO  - Starting container for site
2026-07-10T06:43:26.458Z INFO  - docker run -d --expose=8081 --name tourmate-api-u42eqvqvidncw_0_a2a91d32_msiProxy -e WEBSITE_ROLE_INSTANCE_ID=0 -e WEBSITE_HOSTNAME=tourmate-api-u42eqvqvidncw.azurewebsites.net -e WEBSITE_INSTANCE_ID=0b9e3e2ce3cd6d35dcf52cbbfd6319a41b34d6f582e51a0e93d9a768ce270dab mcr.microsoft.com/appsvc/msitokenservice:stage5 
2026-07-10T06:43:26.476Z INFO  - Logging is not enabled for this container.
Please use https://aka.ms/linux-diagnostics to enable logging to see container logs here.
2026-07-10T06:43:52.088Z INFO  - Pulling image: tourmateacru42eqvqvidncw.azurecr.io/tourmate-backend:latest
2026-07-10T06:43:53.069Z INFO  - latest Pulling from tourmate-backend
2026-07-10T06:43:53.110Z INFO  -  
2026-07-10T06:43:53.113Z ERROR - no matching manifest for linux/amd64 in the manifest list entriesErr: 0, Message: no matching manifest for linux/amd64 in the manifest list entries
2026-07-10T06:43:53.150Z INFO  - Pull Image failed, Time taken: 1 Seconds
2026-07-10T06:43:53.168Z ERROR - Pulling docker image tourmateacru42eqvqvidncw.azurecr.io/tourmate-backend:latest failed:
2026-07-10T06:43:54.970Z ERROR - DockerApiException: Docker API responded with status code=InternalServerError, response={"message":"Head \"https://tourmateacru42eqvqvidncw.azurecr.io/v2/tourmate-backend/manifests/latest\": unauthorized: {\"errors\":[{\"code\":\"UNAUTHORIZED\",\"message\":\"authentication required, visit https://aka.ms/acr/authorization for more information. CorrelationId: 9c680461-b456-48ec-8932-ea1af4ddfa6a\"}]}"}

2026-07-10T06:43:54.989Z WARN  - Image pull failed. Defaulting to local copy if present.
2026-07-10T06:43:55.058Z ERROR - Image pull failed: Verify docker image configuration and credentials (if using private repository)
2026-07-10T06:44:02.738Z INFO  - Stopping site tourmate-api-u42eqvqvidncw because it failed during startup.
2026-07-10T06:46:28.057Z INFO  - Pulling image: mcr.microsoft.com/appsvc/msitokenservice:stage5
2026-07-10T06:46:31.498Z INFO  - stage5 Pulling from appsvc/msitokenservice
2026-07-10T06:46:32.698Z INFO  -  Digest: sha256:94283336279deeb9d466937f625410a8e2a093eda3e2a9936573b0c6bb16ba59
2026-07-10T06:46:32.717Z INFO  -  Status: Image is up to date for mcr.microsoft.com/appsvc/msitokenservice:stage5
2026-07-10T06:46:33.049Z INFO  - Pull Image successful, Time taken: 4 Seconds
2026-07-10T06:46:34.675Z INFO  - Starting container for site
2026-07-10T06:46:34.683Z INFO  - docker run -d --expose=8081 --name tourmate-api-u42eqvqvidncw_0_3009e19e_msiProxy -e WEBSITE_ROLE_INSTANCE_ID=0 -e WEBSITE_HOSTNAME=tourmate-api-u42eqvqvidncw.azurewebsites.net -e WEBSITE_INSTANCE_ID=0b9e3e2ce3cd6d35dcf52cbbfd6319a41b34d6f582e51a0e93d9a768ce270dab mcr.microsoft.com/appsvc/msitokenservice:stage5 
2026-07-10T06:46:34.684Z INFO  - Logging is not enabled for this container.
Please use https://aka.ms/linux-diagnostics to enable logging to see container logs here.
2026-07-10T06:47:11.521Z INFO  - Pulling image: tourmateacru42eqvqvidncw.azurecr.io/tourmate-backend:latest
2026-07-10T06:47:15.914Z INFO  - latest Pulling from tourmate-backend
2026-07-10T06:47:16.024Z INFO  -  
2026-07-10T06:47:16.083Z ERROR - no matching manifest for linux/amd64 in the manifest list entriesErr: 0, Message: no matching manifest for linux/amd64 in the manifest list entries
2026-07-10T06:47:16.095Z INFO  - Pull Image failed, Time taken: 4 Seconds
2026-07-10T06:47:16.107Z ERROR - Pulling docker image tourmateacru42eqvqvidncw.azurecr.io/tourmate-backend:latest failed:
2026-07-10T06:47:16.959Z ERROR - DockerApiException: Docker API responded with status code=InternalServerError, response={"message":"Head \"https://tourmateacru42eqvqvidncw.azurecr.io/v2/tourmate-backend/manifests/latest\": unauthorized: {\"errors\":[{\"code\":\"UNAUTHORIZED\",\"message\":\"authentication required, visit https://aka.ms/acr/authorization for more information. CorrelationId: df68a486-9f05-4ec8-8110-bd194d690deb\"}]}"}

2026-07-10T06:47:17.017Z WARN  - Image pull failed. Defaulting to local copy if present.
2026-07-10T06:47:17.086Z ERROR - Image pull failed: Verify docker image configuration and credentials (if using private repository)
2026-07-10T06:47:26.588Z INFO  - Stopping site tourmate-api-u42eqvqvidncw because it failed during startup.
