Building...
[15:16:42 INF] Starting web application
[15:16:42 INF] User profile is available. Using '/Users/iniyan/.aspnet/DataProtection-Keys' as key repository; keys will not be encrypted at rest.
[15:16:43 INF] Initialized Scheduler Signaller of type: Quartz.Core.SchedulerSignalerImpl
[15:16:43 INF] Quartz Scheduler created
[15:16:43 INF] JobFactory set to: Quartz.Simpl.MicrosoftDependencyInjectionJobFactory
[15:16:43 INF] RAMJobStore initialized.
[15:16:43 INF] Quartz Scheduler 3.18.1.0 - 'QuartzScheduler' with instanceId 'NON_CLUSTERED' initialized
[15:16:43 INF] Using thread pool 'Quartz.Simpl.DefaultThreadPool', size: 10
[15:16:43 INF] Using job store 'Quartz.Simpl.RAMJobStore', supports persistence: False, clustered: False
[15:16:43 INF] Adding 2 jobs, 1 triggers.
[15:16:43 INF] Adding job: DEFAULT.BookingTimeoutJob
[15:16:43 INF] Adding job: DEFAULT.PackageCompletionJob
[15:16:43 INF] Now listening on: http://localhost:5082
[15:16:43 INF] Application started. Press Ctrl+C to shut down.
[15:16:43 INF] Hosting environment: Development
[15:16:43 INF] Content root path: /Users/iniyan/Intern/Presidio-intern/tour_and_travel_app/TravelTourManagement/TravelTourManagement.API
[15:16:43 INF] Scheduler QuartzScheduler_$_NON_CLUSTERED started.
[15:16:54 INF] Request starting HTTP/1.1 OPTIONS http://localhost:5082/api/Packages - null null
[15:16:54 WRN] Failed to determine the https port for redirect.
[15:16:54 INF] CORS policy execution successful.
[15:16:54 INF] HTTP OPTIONS /api/Packages responded 204 in 7.0166 ms
[15:16:54 INF] Request finished HTTP/1.1 OPTIONS http://localhost:5082/api/Packages - 204 null null 32.5454ms
[15:16:54 INF] Request starting HTTP/1.1 GET http://localhost:5082/api/Packages - null null
[15:16:54 INF] CORS policy execution successful.
[15:16:54 INF] Executing endpoint 'TravelTourManagement.API.Controllers.PackagesController.SearchPackages (TravelTourManagement.API)'
[15:16:54 INF] Route matched with {action = "SearchPackages", controller = "Packages"}. Executing controller action with signature System.Threading.Tasks.Task`1[Microsoft.AspNetCore.Mvc.IActionResult] SearchPackages(TravelTourManagement.DataAccess.DTOs.Packages.PackageSearchRequest, System.Threading.CancellationToken) on controller TravelTourManagement.API.Controllers.PackagesController (TravelTourManagement.API).
[15:16:55 WRN] You do not have a valid license key for the Lucky Penny software AutoMapper. This is allowed for development and testing scenarios. If you are running in production you are required to have a licensed version. Please visit https://luckypennysoftware.com to obtain a valid license.
[15:16:55 INF] Executing OkObjectResult, writing value of type 'TravelTourManagement.DataAccess.DTOs.PagedResponse`1[[TravelTourManagement.DataAccess.DTOs.Packages.PackageSummaryResponse, TravelTourManagement.DataAccess, Version=1.0.0.0, Culture=neutral, PublicKeyToken=null]]'.
[15:16:55 INF] Executed action TravelTourManagement.API.Controllers.PackagesController.SearchPackages (TravelTourManagement.API) in 482.2951ms
[15:16:55 INF] Executed endpoint 'TravelTourManagement.API.Controllers.PackagesController.SearchPackages (TravelTourManagement.API)'
[15:16:55 INF] HTTP GET /api/Packages responded 200 in 525.5448 ms
[15:16:55 INF] Request finished HTTP/1.1 GET http://localhost:5082/api/Packages - 200 null application/json; charset=utf-8 530.2111ms
