2026-07-10T06:39:01.2807197+00:00 ContainerStatus: State: Starting, Action: EstablishingSiteNetworks, LastError: , LastErrorTimestamp: 01/01/0001 00:00:00, LastErrorDetails: , Details: , DetailsLevel: INFO
2026-07-10T06:39:05.5410582+00:00 ContainerStatus: State: Starting, Action: StartingMsiContainer, LastError: , LastErrorTimestamp: 01/01/0001 00:00:00, LastErrorDetails: , Details: , DetailsLevel: INFO
2026-07-10T06:39:23.1044732+00:00 ContainerStatus: State: Starting, Action: StartingSiteContainers, LastError: , LastErrorTimestamp: 01/01/0001 00:00:00, LastErrorDetails: , Details: , DetailsLevel: INFO
2026-07-10T06:39:23.1053466+00:00 ContainerStatus: Container start method called.
2026-07-10T06:39:23.1062371+00:00 ContainerStatus: State: Starting, Action: PullingImage, LastError: , LastErrorTimestamp: 01/01/0001 00:00:00, LastErrorDetails: , Details: Pulling image tourmateacru42eqvqvidncw.azurecr.io/tourmate-backend:latest for tourmate-api-u42eqvqvidncw., DetailsLevel: INFO
2026-07-10T06:39:23.1063821+00:00 ContainerStatus: Establishing network.
2026-07-10T06:39:23.1444063+00:00 ContainerStatus: Pulling image: tourmateacru42eqvqvidncw.azurecr.io/tourmate-backend:latest.
2026-07-10T06:39:27.2666802+00:00 ContainerStatus: Container pull image failed with reason: ImagePullFailure. Revert by terminate.
2026-07-10T06:39:27.2686103+00:00 ContainerStatus: Container is terminating. Grace period: 5 seconds.
2026-07-10T06:39:27.2692332+00:00 ContainerStatus: Container spec TerminationMessagePolicy  path 
2026-07-10T06:39:27.2698594+00:00 ContainerStatus: Container is terminated. Total time elapsed: 1 ms.
2026-07-10T06:39:27.2775438+00:00 ContainerStatus: Site container: tourmate-api-u42eqvqvidncw terminated during site startup.
2026-07-10T06:39:27.2780555+00:00 ContainerStatus: State: Stopping, Action: CancellingStartup, LastError: , LastErrorTimestamp: 01/01/0001 00:00:00, LastErrorDetails: , Details: Site container: tourmate-api-u42eqvqvidncw terminated during site startup. Cancelling site startup., DetailsLevel: ERR
2026-07-10T06:39:27.2978693+00:00 ContainerStatus: State: Stopping, Action: CancellingStartup, LastError: ImagePullUnauthorizedFailure, LastErrorTimestamp: 07/10/2026 06:39:27, LastErrorDetails: Failed to pull image: tourmateacru42eqvqvidncw.azurecr.io/tourmate-backend:latest. Image pull failed with forbidden or unauthorized. Check registry credentials., Details: Site container: tourmate-api-u42eqvqvidncw terminated during site startup. Cancelling site startup., DetailsLevel: ERR
2026-07-10T06:39:27.3096374+00:00 ContainerStatus: Failed to start site. Revert by stopping site.
2026-07-10T06:39:27.3098715+00:00 ContainerStatus: State: Stopping, Action: StoppingSite, LastError: ImagePullUnauthorizedFailure, LastErrorTimestamp: 07/10/2026 06:39:27, LastErrorDetails: Failed to pull image: tourmateacru42eqvqvidncw.azurecr.io/tourmate-backend:latest. Image pull failed with forbidden or unauthorized. Check registry credentials., Details: Site container: tourmate-api-u42eqvqvidncw terminated during site startup. Cancelling site startup., DetailsLevel: ERR
2026-07-10T06:39:27.3171892+00:00 ContainerStatus: State: Stopping, Action: StoppingSiteContainers, LastError: ImagePullUnauthorizedFailure, LastErrorTimestamp: 07/10/2026 06:39:27, LastErrorDetails: Failed to pull image: tourmateacru42eqvqvidncw.azurecr.io/tourmate-backend:latest. Image pull failed with forbidden or unauthorized. Check registry credentials., Details: Site container: tourmate-api-u42eqvqvidncw terminated during site startup. Cancelling site startup., DetailsLevel: ERR
2026-07-10T06:39:28.0132890+00:00 ContainerStatus: Site container: tourmate-api-u42eqvqvidncw_managedIdentity terminated during site startup.
2026-07-10T06:39:28.0339832+00:00 ContainerStatus: State: Stopping, Action: StoppingSiteContainers, LastError: ImagePullUnauthorizedFailure, LastErrorTimestamp: 07/10/2026 06:39:27, LastErrorDetails: Failed to pull image: tourmateacru42eqvqvidncw.azurecr.io/tourmate-backend:latest. Image pull failed with forbidden or unauthorized. Check registry credentials., Details: Site container: tourmate-api-u42eqvqvidncw terminated during site startup. Cancelling site startup., DetailsLevel: ERR
2026-07-10T06:39:28.0521429+00:00 ContainerStatus: Site: tourmate-api-u42eqvqvidncw stopped.
========== New Cold Start Attempt (2026-07-10T06:39:28.0542040+00:00) ==========
2026-07-10T06:39:28.0542040+00:00 ContainerStatus: State: Stopping, Action: UnmountingVolumes, LastError: ImagePullUnauthorizedFailure, LastErrorTimestamp: 07/10/2026 06:39:27, LastErrorDetails: Failed to pull image: tourmateacru42eqvqvidncw.azurecr.io/tourmate-backend:latest. Image pull failed with forbidden or unauthorized. Check registry credentials., Details: Site container: tourmate-api-u42eqvqvidncw terminated during site startup. Cancelling site startup., DetailsLevel: ERR
2026-07-10T06:39:28.5864768+00:00 ContainerStatus: State: Stopping, Action: StoppingSiteNetworks, LastError: ImagePullUnauthorizedFailure, LastErrorTimestamp: 07/10/2026 06:39:27, LastErrorDetails: Failed to pull image: tourmateacru42eqvqvidncw.azurecr.io/tourmate-backend:latest. Image pull failed with forbidden or unauthorized. Check registry credentials., Details: Site container: tourmate-api-u42eqvqvidncw terminated during site startup. Cancelling site startup., DetailsLevel: ERR
2026-07-10T06:39:29.2997389+00:00 ContainerStatus: State: Stopped, Action: None, LastError: ImagePullUnauthorizedFailure, LastErrorTimestamp: 07/10/2026 06:39:27, LastErrorDetails: Failed to pull image: tourmateacru42eqvqvidncw.azurecr.io/tourmate-backend:latest. Image pull failed with forbidden or unauthorized. Check registry credentials., Details: Site stopped at 07/10/2026 06:39:29 (UTC), DetailsLevel: ERR
2026-07-10T06:39:29.8527120+00:00 ContainerStatus: State: Stopped, Action: None, LastError: ImagePullUnauthorizedFailure, LastErrorTimestamp: 07/10/2026 06:39:27, LastErrorDetails: Failed to pull image: tourmateacru42eqvqvidncw.azurecr.io/tourmate-backend:latest. Image pull failed with forbidden or unauthorized. Check registry credentials., Details: Site stopped at 07/10/2026 06:39:29 (UTC), DetailsLevel: ERR
2026-07-10T06:39:30.2467408+00:00 ContainerStatus: State: Starting, Action: EstablishingSiteNetworks, LastError: ImagePullUnauthorizedFailure, LastErrorTimestamp: 07/10/2026 06:39:27, LastErrorDetails: Failed to pull image: tourmateacru42eqvqvidncw.azurecr.io/tourmate-backend:latest. Image pull failed with forbidden or unauthorized. Check registry credentials., Details: Site stopped at 07/10/2026 06:39:29 (UTC), DetailsLevel: ERR
2026-07-10T06:39:33.8132805+00:00 ContainerStatus: State: Starting, Action: StartingMsiContainer, LastError: ImagePullUnauthorizedFailure, LastErrorTimestamp: 07/10/2026 06:39:27, LastErrorDetails: Failed to pull image: tourmateacru42eqvqvidncw.azurecr.io/tourmate-backend:latest. Image pull failed with forbidden or unauthorized. Check registry credentials., Details: Site stopped at 07/10/2026 06:39:29 (UTC), DetailsLevel: ERR
2026-07-10T06:39:53.7028280+00:00 ContainerStatus: State: Starting, Action: StartingSiteContainers, LastError: ImagePullUnauthorizedFailure, LastErrorTimestamp: 07/10/2026 06:39:27, LastErrorDetails: Failed to pull image: tourmateacru42eqvqvidncw.azurecr.io/tourmate-backend:latest. Image pull failed with forbidden or unauthorized. Check registry credentials., Details: Site stopped at 07/10/2026 06:39:29 (UTC), DetailsLevel: ERR
2026-07-10T06:39:53.7418778+00:00 ContainerStatus: Container start method called.
2026-07-10T06:39:53.7422198+00:00 ContainerStatus: State: Starting, Action: PullingImage, LastError: ImagePullUnauthorizedFailure, LastErrorTimestamp: 07/10/2026 06:39:27, LastErrorDetails: Failed to pull image: tourmateacru42eqvqvidncw.azurecr.io/tourmate-backend:latest. Image pull failed with forbidden or unauthorized. Check registry credentials., Details: Pulling image tourmateacru42eqvqvidncw.azurecr.io/tourmate-backend:latest for tourmate-api-u42eqvqvidncw., DetailsLevel: INFO
2026-07-10T06:39:53.7424286+00:00 ContainerStatus: Establishing network.
2026-07-10T06:39:53.7426020+00:00 ContainerStatus: Pulling image: tourmateacru42eqvqvidncw.azurecr.io/tourmate-backend:latest.
2026-07-10T06:39:54.0848141+00:00 ContainerStatus: Container pull image failed with reason: ImagePullFailure. Revert by terminate.
2026-07-10T06:39:54.0854161+00:00 ContainerStatus: Container is terminating. Grace period: 5 seconds.
2026-07-10T06:39:54.1024750+00:00 ContainerStatus: Container spec TerminationMessagePolicy  path 
2026-07-10T06:39:54.1026534+00:00 ContainerStatus: Container is terminated. Total time elapsed: 17 ms.
2026-07-10T06:39:54.1027681+00:00 ContainerStatus: Site container: tourmate-api-u42eqvqvidncw terminated during site startup.
2026-07-10T06:39:54.1030822+00:00 ContainerStatus: State: Stopping, Action: CancellingStartup, LastError: ImagePullUnauthorizedFailure, LastErrorTimestamp: 07/10/2026 06:39:27, LastErrorDetails: Failed to pull image: tourmateacru42eqvqvidncw.azurecr.io/tourmate-backend:latest. Image pull failed with forbidden or unauthorized. Check registry credentials., Details: Site container: tourmate-api-u42eqvqvidncw terminated during site startup. Cancelling site startup., DetailsLevel: ERR
2026-07-10T06:39:54.1041506+00:00 ContainerStatus: State: Stopping, Action: CancellingStartup, LastError: UnexpectedContainerExit, LastErrorTimestamp: 07/10/2026 06:39:54, LastErrorDetails: Pull image: tourmateacru42eqvqvidncw.azurecr.io/tourmate-backend:latest failed with unexpected exception., Details: Site container: tourmate-api-u42eqvqvidncw terminated during site startup. Cancelling site startup., DetailsLevel: ERR
2026-07-10T06:39:54.1150906+00:00 ContainerStatus: Failed to start site. Revert by stopping site.
2026-07-10T06:39:54.1223033+00:00 ContainerStatus: State: Stopping, Action: StoppingSite, LastError: UnexpectedContainerExit, LastErrorTimestamp: 07/10/2026 06:39:54, LastErrorDetails: Pull image: tourmateacru42eqvqvidncw.azurecr.io/tourmate-backend:latest failed with unexpected exception., Details: Site container: tourmate-api-u42eqvqvidncw terminated during site startup. Cancelling site startup., DetailsLevel: ERR
2026-07-10T06:39:54.1226406+00:00 ContainerStatus: State: Stopping, Action: StoppingSiteContainers, LastError: UnexpectedContainerExit, LastErrorTimestamp: 07/10/2026 06:39:54, LastErrorDetails: Pull image: tourmateacru42eqvqvidncw.azurecr.io/tourmate-backend:latest failed with unexpected exception., Details: Site container: tourmate-api-u42eqvqvidncw terminated during site startup. Cancelling site startup., DetailsLevel: ERR
2026-07-10T06:39:55.0810781+00:00 ContainerStatus: Site container: tourmate-api-u42eqvqvidncw_managedIdentity terminated during site startup.
2026-07-10T06:39:55.0889679+00:00 ContainerStatus: State: Stopping, Action: StoppingSiteContainers, LastError: UnexpectedContainerExit, LastErrorTimestamp: 07/10/2026 06:39:54, LastErrorDetails: Pull image: tourmateacru42eqvqvidncw.azurecr.io/tourmate-backend:latest failed with unexpected exception., Details: Site container: tourmate-api-u42eqvqvidncw terminated during site startup. Cancelling site startup., DetailsLevel: ERR
2026-07-10T06:39:55.0891930+00:00 ContainerStatus: Site: tourmate-api-u42eqvqvidncw stopped.
